Start testing: Dec 23 17:22 UTC
----------------------------------------------------------
1/139 Testing: LogArgumentTest.ToStringAssertions
1/139 Test: LogArgumentTest.ToStringAssertions
Command: "/home/runner/work/Adaptive-AUTOSAR/Adaptive-AUTOSAR/build/ara_unit_test" "--gtest_filter=LogArgumentTest.ToStringAssertions" "--gtest_also_run_disabled_tests"
Directory: /home/runner/work/Adaptive-AUTOSAR/Adaptive-AUTOSAR/build
"LogArgumentTest.ToStringAssertions" start time: Dec 23 17:22 UTC
Output:
----------------------------------------------------------
Running main() from /home/runner/work/Adaptive-AUTOSAR/Adaptive-AUTOSAR/build/_deps/googletest-src/googletest/src/gtest_main.cc
Note: Google Test filter = LogArgumentTest.ToStringAssertions
[==========] Running 1 test from 1 test suite.
[----------] Global test environment set-up.
[----------] 1 test from LogArgumentTest
[ RUN      ] LogArgumentTest.ToStringAssertions
[       OK ] LogArgumentTest.ToStringAssertions (0 ms)
[----------] 1 test from LogArgumentTest (0 ms total)

[----------] Global test environment tear-down
[==========] 1 test from 1 test suite ran. (0 ms total)
[  PASSED  ] 1 test.
<end of output>
Test time =   0.01 sec
----------------------------------------------------------
Test Passed.
"LogArgumentTest.ToStringAssertions" end time: Dec 23 17:22 UTC
"LogArgumentTest.ToStringAssertions" time elapsed: 00:00:00
----------------------------------------------------------

2/139 Testing: LogStreamTest.FlushMethod
2/139 Test: LogStreamTest.FlushMethod
Command: "/home/runner/work/Adaptive-AUTOSAR/Adaptive-AUTOSAR/build/ara_unit_test" "--gtest_filter=LogStreamTest.FlushMethod" "--gtest_also_run_disabled_tests"
Directory: /home/runner/work/Adaptive-AUTOSAR/Adaptive-AUTOSAR/build
"LogStreamTest.FlushMethod" start time: Dec 23 17:22 UTC
Output:
----------------------------------------------------------
Running main() from /home/runner/work/Adaptive-AUTOSAR/Adaptive-AUTOSAR/build/_deps/googletest-src/googletest/src/gtest_main.cc
Note: Google Test filter = LogStreamTest.FlushMethod
[==========] Running 1 test from 1 test suite.
[----------] Global test environment set-up.
[----------] 1 test from LogStreamTest
[ RUN      ] LogStreamTest.FlushMethod
[       OK ] LogStreamTest.FlushMethod (0 ms)
[----------] 1 test from LogStreamTest (0 ms total)

[----------] Global test environment tear-down
[==========] 1 test from 1 test suite ran. (0 ms total)
[  PASSED  ] 1 test.
<end of output>
Test time =   0.00 sec
----------------------------------------------------------
Test Passed.
"LogStreamTest.FlushMethod" end time: Dec 23 17:22 UTC
"LogStreamTest.FlushMethod" time elapsed: 00:00:00
----------------------------------------------------------

3/139 Testing: LogStreamTest.ByteInsertionOperator
3/139 Test: LogStreamTest.ByteInsertionOperator
Command: "/home/runner/work/Adaptive-AUTOSAR/Adaptive-AUTOSAR/build/ara_unit_test" "--gtest_filter=LogStreamTest.ByteInsertionOperator" "--gtest_also_run_disabled_tests"
Directory: /home/runner/work/Adaptive-AUTOSAR/Adaptive-AUTOSAR/build
"LogStreamTest.ByteInsertionOperator" start time: Dec 23 17:22 UTC
Output:
----------------------------------------------------------
Running main() from /home/runner/work/Adaptive-AUTOSAR/Adaptive-AUTOSAR/build/_deps/googletest-src/googletest/src/gtest_main.cc
Note: Google Test filter = LogStreamTest.ByteInsertionOperator
[==========] Running 1 test from 1 test suite.
[----------] Global test environment set-up.
[----------] 1 test from LogStreamTest
[ RUN      ] LogStreamTest.ByteInsertionOperator
[       OK ] LogStreamTest.ByteInsertionOperator (0 ms)
[----------] 1 test from LogStreamTest (0 ms total)

[----------] Global test environment tear-down
[==========] 1 test from 1 test suite ran. (0 ms total)
[  PASSED  ] 1 test.
<end of output>
Test time =   0.00 sec
----------------------------------------------------------
Test Passed.
"LogStreamTest.ByteInsertionOperator" end time: Dec 23 17:22 UTC
"LogStreamTest.ByteInsertionOperator" time elapsed: 00:00:00
----------------------------------------------------------

4/139 Testing: LogStreamTest.ByteVectorInsertionOperator
4/139 Test: LogStreamTest.ByteVectorInsertionOperator
Command: "/home/runner/work/Adaptive-AUTOSAR/Adaptive-AUTOSAR/build/ara_unit_test" "--gtest_filter=LogStreamTest.ByteVectorInsertionOperator" "--gtest_also_run_disabled_tests"
Directory: /home/runner/work/Adaptive-AUTOSAR/Adaptive-AUTOSAR/build
"LogStreamTest.ByteVectorInsertionOperator" start time: Dec 23 17:22 UTC
Output:
----------------------------------------------------------
Running main() from /home/runner/work/Adaptive-AUTOSAR/Adaptive-AUTOSAR/build/_deps/googletest-src/googletest/src/gtest_main.cc
Note: Google Test filter = LogStreamTest.ByteVectorInsertionOperator
[==========] Running 1 test from 1 test suite.
[----------] Global test environment set-up.
[----------] 1 test from LogStreamTest
[ RUN      ] LogStreamTest.ByteVectorInsertionOperator
[       OK ] LogStreamTest.ByteVectorInsertionOperator (0 ms)
[----------] 1 test from LogStreamTest (0 ms total)

[----------] Global test environment tear-down
[==========] 1 test from 1 test suite ran. (0 ms total)
[  PASSED  ] 1 test.
<end of output>
Test time =   0.00 sec
----------------------------------------------------------
Test Passed.
"LogStreamTest.ByteVectorInsertionOperator" end time: Dec 23 17:22 UTC
"LogStreamTest.ByteVectorInsertionOperator" time elapsed: 00:00:00
----------------------------------------------------------

5/139 Testing: LoggerTest.LogLevelOff
5/139 Test: LoggerTest.LogLevelOff
Command: "/home/runner/work/Adaptive-AUTOSAR/Adaptive-AUTOSAR/build/ara_unit_test" "--gtest_filter=LoggerTest.LogLevelOff" "--gtest_also_run_disabled_tests"
Directory: /home/runner/work/Adaptive-AUTOSAR/Adaptive-AUTOSAR/build
"LoggerTest.LogLevelOff" start time: Dec 23 17:22 UTC
Output:
----------------------------------------------------------
Running main() from /home/runner/work/Adaptive-AUTOSAR/Adaptive-AUTOSAR/build/_deps/googletest-src/googletest/src/gtest_main.cc
Note: Google Test filter = LoggerTest.LogLevelOff
[==========] Running 1 test from 1 test suite.
[----------] Global test environment set-up.
[----------] 1 test from LoggerTest
[ RUN      ] LoggerTest.LogLevelOff
[       OK ] LoggerTest.LogLevelOff (0 ms)
[----------] 1 test from LoggerTest (0 ms total)

[----------] Global test environment tear-down
[==========] 1 test from 1 test suite ran. (0 ms total)
[  PASSED  ] 1 test.
<end of output>
Test time =   0.00 sec
----------------------------------------------------------
Test Passed.
"LoggerTest.LogLevelOff" end time: Dec 23 17:22 UTC
"LoggerTest.LogLevelOff" time elapsed: 00:00:00
----------------------------------------------------------

6/139 Testing: LoggerTest.LogLevelVerbose
6/139 Test: LoggerTest.LogLevelVerbose
Command: "/home/runner/work/Adaptive-AUTOSAR/Adaptive-AUTOSAR/build/ara_unit_test" "--gtest_filter=LoggerTest.LogLevelVerbose" "--gtest_also_run_disabled_tests"
Directory: /home/runner/work/Adaptive-AUTOSAR/Adaptive-AUTOSAR/build
"LoggerTest.LogLevelVerbose" start time: Dec 23 17:22 UTC
Output:
----------------------------------------------------------
Running main() from /home/runner/work/Adaptive-AUTOSAR/Adaptive-AUTOSAR/build/_deps/googletest-src/googletest/src/gtest_main.cc
Note: Google Test filter = LoggerTest.LogLevelVerbose
[==========] Running 1 test from 1 test suite.
[----------] Global test environment set-up.
[----------] 1 test from LoggerTest
[ RUN      ] LoggerTest.LogLevelVerbose
[       OK ] LoggerTest.LogLevelVerbose (0 ms)
[----------] 1 test from LoggerTest (0 ms total)

[----------] Global test environment tear-down
[==========] 1 test from 1 test suite ran. (0 ms total)
[  PASSED  ] 1 test.
<end of output>
Test time =   0.00 sec
----------------------------------------------------------
Test Passed.
"LoggerTest.LogLevelVerbose" end time: Dec 23 17:22 UTC
"LoggerTest.LogLevelVerbose" time elapsed: 00:00:00
----------------------------------------------------------

7/139 Testing: LoggerTest.WithLevelFunction
7/139 Test: LoggerTest.WithLevelFunction
Command: "/home/runner/work/Adaptive-AUTOSAR/Adaptive-AUTOSAR/build/ara_unit_test" "--gtest_filter=LoggerTest.WithLevelFunction" "--gtest_also_run_disabled_tests"
Directory: /home/runner/work/Adaptive-AUTOSAR/Adaptive-AUTOSAR/build
"LoggerTest.WithLevelFunction" start time: Dec 23 17:22 UTC
Output:
----------------------------------------------------------
Running main() from /home/runner/work/Adaptive-AUTOSAR/Adaptive-AUTOSAR/build/_deps/googletest-src/googletest/src/gtest_main.cc
Note: Google Test filter = LoggerTest.WithLevelFunction
[==========] Running 1 test from 1 test suite.
[----------] Global test environment set-up.
[----------] 1 test from LoggerTest
[ RUN      ] LoggerTest.WithLevelFunction
[       OK ] LoggerTest.WithLevelFunction (0 ms)
[----------] 1 test from LoggerTest (0 ms total)

[----------] Global test environment tear-down
[==========] 1 test from 1 test suite ran. (0 ms total)
[  PASSED  ] 1 test.
<end of output>
Test time =   0.00 sec
----------------------------------------------------------
Test Passed.
"LoggerTest.WithLevelFunction" end time: Dec 23 17:22 UTC
"LoggerTest.WithLevelFunction" time elapsed: 00:00:00
----------------------------------------------------------

8/139 Testing: LoggingFrameworkTest.FactoryException
8/139 Test: LoggingFrameworkTest.FactoryException
Command: "/home/runner/work/Adaptive-AUTOSAR/Adaptive-AUTOSAR/build/ara_unit_test" "--gtest_filter=LoggingFrameworkTest.FactoryException" "--gtest_also_run_disabled_tests"
Directory: /home/runner/work/Adaptive-AUTOSAR/Adaptive-AUTOSAR/build
"LoggingFrameworkTest.FactoryException" start time: Dec 23 17:22 UTC
Output:
----------------------------------------------------------
Running main() from /home/runner/work/Adaptive-AUTOSAR/Adaptive-AUTOSAR/build/_deps/googletest-src/googletest/src/gtest_main.cc
Note: Google Test filter = LoggingFrameworkTest.FactoryException
[==========] Running 1 test from 1 test suite.
[----------] Global test environment set-up.
[----------] 1 test from LoggingFrameworkTest
[ RUN      ] LoggingFrameworkTest.FactoryException
[       OK ] LoggingFrameworkTest.FactoryException (0 ms)
[----------] 1 test from LoggingFrameworkTest (0 ms total)

[----------] Global test environment tear-down
[==========] 1 test from 1 test suite ran. (0 ms total)
[  PASSED  ] 1 test.
<end of output>
Test time =   0.00 sec
----------------------------------------------------------
Test Passed.
"LoggingFrameworkTest.FactoryException" end time: Dec 23 17:22 UTC
"LoggingFrameworkTest.FactoryException" time elapsed: 00:00:00
----------------------------------------------------------

9/139 Testing: LoggingFrameworkTest.LogMethod
9/139 Test: LoggingFrameworkTest.LogMethod
Command: "/home/runner/work/Adaptive-AUTOSAR/Adaptive-AUTOSAR/build/ara_unit_test" "--gtest_filter=LoggingFrameworkTest.LogMethod" "--gtest_also_run_disabled_tests"
Directory: /home/runner/work/Adaptive-AUTOSAR/Adaptive-AUTOSAR/build
"LoggingFrameworkTest.LogMethod" start time: Dec 23 17:22 UTC
Output:
----------------------------------------------------------
Running main() from /home/runner/work/Adaptive-AUTOSAR/Adaptive-AUTOSAR/build/_deps/googletest-src/googletest/src/gtest_main.cc
Note: Google Test filter = LoggingFrameworkTest.LogMethod
[==========] Running 1 test from 1 test suite.
[----------] Global test environment set-up.
[----------] 1 test from LoggingFrameworkTest
[ RUN      ] LoggingFrameworkTest.LogMethod
Thu Dec 23 17:22:18 2021
 APP01 Context ID:CTX01;Context Description:Default Test Context;Log Level:Warning;
[       OK ] LoggingFrameworkTest.LogMethod (0 ms)
[----------] 1 test from LoggingFrameworkTest (0 ms total)

[----------] Global test environment tear-down
[==========] 1 test from 1 test suite ran. (0 ms total)
[  PASSED  ] 1 test.
<end of output>
Test time =   0.00 sec
----------------------------------------------------------
Test Passed.
"LoggingFrameworkTest.LogMethod" end time: Dec 23 17:22 UTC
"LoggingFrameworkTest.LogMethod" time elapsed: 00:00:00
----------------------------------------------------------

10/139 Testing: SMTriggerInTest.TriggerWrite
10/139 Test: SMTriggerInTest.TriggerWrite
Command: "/home/runner/work/Adaptive-AUTOSAR/Adaptive-AUTOSAR/build/ara_unit_test" "--gtest_filter=SMTriggerInTest.TriggerWrite" "--gtest_also_run_disabled_tests"
Directory: /home/runner/work/Adaptive-AUTOSAR/Adaptive-AUTOSAR/build
"SMTriggerInTest.TriggerWrite" start time: Dec 23 17:22 UTC
Output:
----------------------------------------------------------
Running main() from /home/runner/work/Adaptive-AUTOSAR/Adaptive-AUTOSAR/build/_deps/googletest-src/googletest/src/gtest_main.cc
Note: Google Test filter = SMTriggerInTest.TriggerWrite
[==========] Running 1 test from 1 test suite.
[----------] Global test environment set-up.
[----------] 1 test from SMTriggerInTest
[ RUN      ] SMTriggerInTest.TriggerWrite
State changed.
[       OK ] SMTriggerInTest.TriggerWrite (0 ms)
[----------] 1 test from SMTriggerInTest (0 ms total)

[----------] Global test environment tear-down
[==========] 1 test from 1 test suite ran. (0 ms total)
[  PASSED  ] 1 test.
<end of output>
Test time =   0.00 sec
----------------------------------------------------------
Test Passed.
"SMTriggerInTest.TriggerWrite" end time: Dec 23 17:22 UTC
"SMTriggerInTest.TriggerWrite" time elapsed: 00:00:00
----------------------------------------------------------

11/139 Testing: SMTriggerOutTest.NotifierSubscribeAndNotify
11/139 Test: SMTriggerOutTest.NotifierSubscribeAndNotify
Command: "/home/runner/work/Adaptive-AUTOSAR/Adaptive-AUTOSAR/build/ara_unit_test" "--gtest_filter=SMTriggerOutTest.NotifierSubscribeAndNotify" "--gtest_also_run_disabled_tests"
Directory: /home/runner/work/Adaptive-AUTOSAR/Adaptive-AUTOSAR/build
"SMTriggerOutTest.NotifierSubscribeAndNotify" start time: Dec 23 17:22 UTC
Output:
----------------------------------------------------------
Running main() from /home/runner/work/Adaptive-AUTOSAR/Adaptive-AUTOSAR/build/_deps/googletest-src/googletest/src/gtest_main.cc
Note: Google Test filter = SMTriggerOutTest.NotifierSubscribeAndNotify
[==========] Running 1 test from 1 test suite.
[----------] Global test environment set-up.
[----------] 1 test from SMTriggerOutTest
[ RUN      ] SMTriggerOutTest.NotifierSubscribeAndNotify
Notification received.
[       OK ] SMTriggerOutTest.NotifierSubscribeAndNotify (0 ms)
[----------] 1 test from SMTriggerOutTest (0 ms total)

[----------] Global test environment tear-down
[==========] 1 test from 1 test suite ran. (0 ms total)
[  PASSED  ] 1 test.
<end of output>
Test time =   0.00 sec
----------------------------------------------------------
Test Passed.
"SMTriggerOutTest.NotifierSubscribeAndNotify" end time: Dec 23 17:22 UTC
"SMTriggerOutTest.NotifierSubscribeAndNotify" time elapsed: 00:00:00
----------------------------------------------------------

12/139 Testing: TriggerInOutTest.TriggerChain
12/139 Test: TriggerInOutTest.TriggerChain
Command: "/home/runner/work/Adaptive-AUTOSAR/Adaptive-AUTOSAR/build/ara_unit_test" "--gtest_filter=TriggerInOutTest.TriggerChain" "--gtest_also_run_disabled_tests"
Directory: /home/runner/work/Adaptive-AUTOSAR/Adaptive-AUTOSAR/build
"TriggerInOutTest.TriggerChain" start time: Dec 23 17:22 UTC
Output:
----------------------------------------------------------
Running main() from /home/runner/work/Adaptive-AUTOSAR/Adaptive-AUTOSAR/build/_deps/googletest-src/googletest/src/gtest_main.cc
Note: Google Test filter = TriggerInOutTest.TriggerChain
[==========] Running 1 test from 1 test suite.
[----------] Global test environment set-up.
[----------] 1 test from TriggerInOutTest
[ RUN      ] TriggerInOutTest.TriggerChain
[       OK ] TriggerInOutTest.TriggerChain (0 ms)
[----------] 1 test from TriggerInOutTest (0 ms total)

[----------] Global test environment tear-down
[==========] 1 test from 1 test suite ran. (0 ms total)
[  PASSED  ] 1 test.
<end of output>
Test time =   0.00 sec
----------------------------------------------------------
Test Passed.
"TriggerInOutTest.TriggerChain" end time: Dec 23 17:22 UTC
"TriggerInOutTest.TriggerChain" time elapsed: 00:00:00
----------------------------------------------------------

13/139 Testing: PowerModeTest.RequestResponseChain
13/139 Test: PowerModeTest.RequestResponseChain
Command: "/home/runner/work/Adaptive-AUTOSAR/Adaptive-AUTOSAR/build/ara_unit_test" "--gtest_filter=PowerModeTest.RequestResponseChain" "--gtest_also_run_disabled_tests"
Directory: /home/runner/work/Adaptive-AUTOSAR/Adaptive-AUTOSAR/build
"PowerModeTest.RequestResponseChain" start time: Dec 23 17:22 UTC
Output:
----------------------------------------------------------
Running main() from /home/runner/work/Adaptive-AUTOSAR/Adaptive-AUTOSAR/build/_deps/googletest-src/googletest/src/gtest_main.cc
Note: Google Test filter = PowerModeTest.RequestResponseChain
[==========] Running 1 test from 1 test suite.
[----------] Global test environment set-up.
[----------] 1 test from PowerModeTest
[ RUN      ] PowerModeTest.RequestResponseChain
[       OK ] PowerModeTest.RequestResponseChain (0 ms)
[----------] 1 test from PowerModeTest (0 ms total)

[----------] Global test environment tear-down
[==========] 1 test from 1 test suite ran. (0 ms total)
[  PASSED  ] 1 test.
<end of output>
Test time =   0.00 sec
----------------------------------------------------------
Test Passed.
"PowerModeTest.RequestResponseChain" end time: Dec 23 17:22 UTC
"PowerModeTest.RequestResponseChain" time elapsed: 00:00:00
----------------------------------------------------------

14/139 Testing: EventgroupEntryTest.SubscribeEventFactory
14/139 Test: EventgroupEntryTest.SubscribeEventFactory
Command: "/home/runner/work/Adaptive-AUTOSAR/Adaptive-AUTOSAR/build/ara_unit_test" "--gtest_filter=EventgroupEntryTest.SubscribeEventFactory" "--gtest_also_run_disabled_tests"
Directory: /home/runner/work/Adaptive-AUTOSAR/Adaptive-AUTOSAR/build
"EventgroupEntryTest.SubscribeEventFactory" start time: Dec 23 17:22 UTC
Output:
----------------------------------------------------------
Running main() from /home/runner/work/Adaptive-AUTOSAR/Adaptive-AUTOSAR/build/_deps/googletest-src/googletest/src/gtest_main.cc
Note: Google Test filter = EventgroupEntryTest.SubscribeEventFactory
[==========] Running 1 test from 1 test suite.
[----------] Global test environment set-up.
[----------] 1 test from EventgroupEntryTest
[ RUN      ] EventgroupEntryTest.SubscribeEventFactory
[       OK ] EventgroupEntryTest.SubscribeEventFactory (0 ms)
[----------] 1 test from EventgroupEntryTest (0 ms total)

[----------] Global test environment tear-down
[==========] 1 test from 1 test suite ran. (0 ms total)
[  PASSED  ] 1 test.
<end of output>
Test time =   0.00 sec
----------------------------------------------------------
Test Passed.
"EventgroupEntryTest.SubscribeEventFactory" end time: Dec 23 17:22 UTC
"EventgroupEntryTest.SubscribeEventFactory" time elapsed: 00:00:00
----------------------------------------------------------

15/139 Testing: EventgroupEntryTest.InvalidSubscribeEventFactory
15/139 Test: EventgroupEntryTest.InvalidSubscribeEventFactory
Command: "/home/runner/work/Adaptive-AUTOSAR/Adaptive-AUTOSAR/build/ara_unit_test" "--gtest_filter=EventgroupEntryTest.InvalidSubscribeEventFactory" "--gtest_also_run_disabled_tests"
Directory: /home/runner/work/Adaptive-AUTOSAR/Adaptive-AUTOSAR/build
"EventgroupEntryTest.InvalidSubscribeEventFactory" start time: Dec 23 17:22 UTC
Output:
----------------------------------------------------------
Running main() from /home/runner/work/Adaptive-AUTOSAR/Adaptive-AUTOSAR/build/_deps/googletest-src/googletest/src/gtest_main.cc
Note: Google Test filter = EventgroupEntryTest.InvalidSubscribeEventFactory
[==========] Running 1 test from 1 test suite.
[----------] Global test environment set-up.
[----------] 1 test from EventgroupEntryTest
[ RUN      ] EventgroupEntryTest.InvalidSubscribeEventFactory
[       OK ] EventgroupEntryTest.InvalidSubscribeEventFactory (0 ms)
[----------] 1 test from EventgroupEntryTest (0 ms total)

[----------] Global test environment tear-down
[==========] 1 test from 1 test suite ran. (0 ms total)
[  PASSED  ] 1 test.
<end of output>
Test time =   0.00 sec
----------------------------------------------------------
Test Passed.
"EventgroupEntryTest.InvalidSubscribeEventFactory" end time: Dec 23 17:22 UTC
"EventgroupEntryTest.InvalidSubscribeEventFactory" time elapsed: 00:00:00
----------------------------------------------------------

16/139 Testing: EventgroupEntryTest.UbsubscribeEventFactory
16/139 Test: EventgroupEntryTest.UbsubscribeEventFactory
Command: "/home/runner/work/Adaptive-AUTOSAR/Adaptive-AUTOSAR/build/ara_unit_test" "--gtest_filter=EventgroupEntryTest.UbsubscribeEventFactory" "--gtest_also_run_disabled_tests"
Directory: /home/runner/work/Adaptive-AUTOSAR/Adaptive-AUTOSAR/build
"EventgroupEntryTest.UbsubscribeEventFactory" start time: Dec 23 17:22 UTC
Output:
----------------------------------------------------------
Running main() from /home/runner/work/Adaptive-AUTOSAR/Adaptive-AUTOSAR/build/_deps/googletest-src/googletest/src/gtest_main.cc
Note: Google Test filter = EventgroupEntryTest.UbsubscribeEventFactory
[==========] Running 1 test from 1 test suite.
[----------] Global test environment set-up.
[----------] 1 test from EventgroupEntryTest
[ RUN      ] EventgroupEntryTest.UbsubscribeEventFactory
[       OK ] EventgroupEntryTest.UbsubscribeEventFactory (0 ms)
[----------] 1 test from EventgroupEntryTest (0 ms total)

[----------] Global test environment tear-down
[==========] 1 test from 1 test suite ran. (0 ms total)
[  PASSED  ] 1 test.
<end of output>
Test time =   0.00 sec
----------------------------------------------------------
Test Passed.
"EventgroupEntryTest.UbsubscribeEventFactory" end time: Dec 23 17:22 UTC
"EventgroupEntryTest.UbsubscribeEventFactory" time elapsed: 00:00:00
----------------------------------------------------------

17/139 Testing: EventgroupEntryTest.AcknowledgeFactory
17/139 Test: EventgroupEntryTest.AcknowledgeFactory
Command: "/home/runner/work/Adaptive-AUTOSAR/Adaptive-AUTOSAR/build/ara_unit_test" "--gtest_filter=EventgroupEntryTest.AcknowledgeFactory" "--gtest_also_run_disabled_tests"
Directory: /home/runner/work/Adaptive-AUTOSAR/Adaptive-AUTOSAR/build
"EventgroupEntryTest.AcknowledgeFactory" start time: Dec 23 17:22 UTC
Output:
----------------------------------------------------------
Running main() from /home/runner/work/Adaptive-AUTOSAR/Adaptive-AUTOSAR/build/_deps/googletest-src/googletest/src/gtest_main.cc
Note: Google Test filter = EventgroupEntryTest.AcknowledgeFactory
[==========] Running 1 test from 1 test suite.
[----------] Global test environment set-up.
[----------] 1 test from EventgroupEntryTest
[ RUN      ] EventgroupEntryTest.AcknowledgeFactory
[       OK ] EventgroupEntryTest.AcknowledgeFactory (0 ms)
[----------] 1 test from EventgroupEntryTest (0 ms total)

[----------] Global test environment tear-down
[==========] 1 test from 1 test suite ran. (0 ms total)
[  PASSED  ] 1 test.
<end of output>
Test time =   0.00 sec
----------------------------------------------------------
Test Passed.
"EventgroupEntryTest.AcknowledgeFactory" end time: Dec 23 17:22 UTC
"EventgroupEntryTest.AcknowledgeFactory" time elapsed: 00:00:00
----------------------------------------------------------

18/139 Testing: EventgroupEntryTest.NegativeAcknowledgeFactory
18/139 Test: EventgroupEntryTest.NegativeAcknowledgeFactory
Command: "/home/runner/work/Adaptive-AUTOSAR/Adaptive-AUTOSAR/build/ara_unit_test" "--gtest_filter=EventgroupEntryTest.NegativeAcknowledgeFactory" "--gtest_also_run_disabled_tests"
Directory: /home/runner/work/Adaptive-AUTOSAR/Adaptive-AUTOSAR/build
"EventgroupEntryTest.NegativeAcknowledgeFactory" start time: Dec 23 17:22 UTC
Output:
----------------------------------------------------------
Running main() from /home/runner/work/Adaptive-AUTOSAR/Adaptive-AUTOSAR/build/_deps/googletest-src/googletest/src/gtest_main.cc
Note: Google Test filter = EventgroupEntryTest.NegativeAcknowledgeFactory
[==========] Running 1 test from 1 test suite.
[----------] Global test environment set-up.
[----------] 1 test from EventgroupEntryTest
[ RUN      ] EventgroupEntryTest.NegativeAcknowledgeFactory
[       OK ] EventgroupEntryTest.NegativeAcknowledgeFactory (0 ms)
[----------] 1 test from EventgroupEntryTest (0 ms total)

[----------] Global test environment tear-down
[==========] 1 test from 1 test suite ran. (0 ms total)
[  PASSED  ] 1 test.
<end of output>
Test time =   0.00 sec
----------------------------------------------------------
Test Passed.
"EventgroupEntryTest.NegativeAcknowledgeFactory" end time: Dec 23 17:22 UTC
"EventgroupEntryTest.NegativeAcknowledgeFactory" time elapsed: 00:00:00
----------------------------------------------------------

19/139 Testing: EventgroupEntryTest.PayloadMethod
19/139 Test: EventgroupEntryTest.PayloadMethod
Command: "/home/runner/work/Adaptive-AUTOSAR/Adaptive-AUTOSAR/build/ara_unit_test" "--gtest_filter=EventgroupEntryTest.PayloadMethod" "--gtest_also_run_disabled_tests"
Directory: /home/runner/work/Adaptive-AUTOSAR/Adaptive-AUTOSAR/build
"EventgroupEntryTest.PayloadMethod" start time: Dec 23 17:22 UTC
Output:
----------------------------------------------------------
Running main() from /home/runner/work/Adaptive-AUTOSAR/Adaptive-AUTOSAR/build/_deps/googletest-src/googletest/src/gtest_main.cc
Note: Google Test filter = EventgroupEntryTest.PayloadMethod
[==========] Running 1 test from 1 test suite.
[----------] Global test environment set-up.
[----------] 1 test from EventgroupEntryTest
[ RUN      ] EventgroupEntryTest.PayloadMethod
[       OK ] EventgroupEntryTest.PayloadMethod (0 ms)
[----------] 1 test from EventgroupEntryTest (0 ms total)

[----------] Global test environment tear-down
[==========] 1 test from 1 test suite ran. (0 ms total)
[  PASSED  ] 1 test.
<end of output>
Test time =   0.00 sec
----------------------------------------------------------
Test Passed.
"EventgroupEntryTest.PayloadMethod" end time: Dec 23 17:22 UTC
"EventgroupEntryTest.PayloadMethod" time elapsed: 00:00:00
----------------------------------------------------------

20/139 Testing: EventgroupEntryTest.AddOption
20/139 Test: EventgroupEntryTest.AddOption
Command: "/home/runner/work/Adaptive-AUTOSAR/Adaptive-AUTOSAR/build/ara_unit_test" "--gtest_filter=EventgroupEntryTest.AddOption" "--gtest_also_run_disabled_tests"
Directory: /home/runner/work/Adaptive-AUTOSAR/Adaptive-AUTOSAR/build
"EventgroupEntryTest.AddOption" start time: Dec 23 17:22 UTC
Output:
----------------------------------------------------------
Running main() from /home/runner/work/Adaptive-AUTOSAR/Adaptive-AUTOSAR/build/_deps/googletest-src/googletest/src/gtest_main.cc
Note: Google Test filter = EventgroupEntryTest.AddOption
[==========] Running 1 test from 1 test suite.
[----------] Global test environment set-up.
[----------] 1 test from EventgroupEntryTest
[ RUN      ] EventgroupEntryTest.AddOption
[       OK ] EventgroupEntryTest.AddOption (0 ms)
[----------] 1 test from EventgroupEntryTest (0 ms total)

[----------] Global test environment tear-down
[==========] 1 test from 1 test suite ran. (0 ms total)
[  PASSED  ] 1 test.
<end of output>
Test time =   0.00 sec
----------------------------------------------------------
Test Passed.
"EventgroupEntryTest.AddOption" end time: Dec 23 17:22 UTC
"EventgroupEntryTest.AddOption" time elapsed: 00:00:00
----------------------------------------------------------

21/139 Testing: EventgroupEntryTest.Deserializing
21/139 Test: EventgroupEntryTest.Deserializing
Command: "/home/runner/work/Adaptive-AUTOSAR/Adaptive-AUTOSAR/build/ara_unit_test" "--gtest_filter=EventgroupEntryTest.Deserializing" "--gtest_also_run_disabled_tests"
Directory: /home/runner/work/Adaptive-AUTOSAR/Adaptive-AUTOSAR/build
"EventgroupEntryTest.Deserializing" start time: Dec 23 17:22 UTC
Output:
----------------------------------------------------------
Running main() from /home/runner/work/Adaptive-AUTOSAR/Adaptive-AUTOSAR/build/_deps/googletest-src/googletest/src/gtest_main.cc
Note: Google Test filter = EventgroupEntryTest.Deserializing
[==========] Running 1 test from 1 test suite.
[----------] Global test environment set-up.
[----------] 1 test from EventgroupEntryTest
[ RUN      ] EventgroupEntryTest.Deserializing
[       OK ] EventgroupEntryTest.Deserializing (0 ms)
[----------] 1 test from EventgroupEntryTest (0 ms total)

[----------] Global test environment tear-down
[==========] 1 test from 1 test suite ran. (0 ms total)
[  PASSED  ] 1 test.
<end of output>
Test time =   0.00 sec
----------------------------------------------------------
Test Passed.
"EventgroupEntryTest.Deserializing" end time: Dec 23 17:22 UTC
"EventgroupEntryTest.Deserializing" time elapsed: 00:00:00
----------------------------------------------------------

22/139 Testing: ServiceEntryTest.FindServiceFactory
22/139 Test: ServiceEntryTest.FindServiceFactory
Command: "/home/runner/work/Adaptive-AUTOSAR/Adaptive-AUTOSAR/build/ara_unit_test" "--gtest_filter=ServiceEntryTest.FindServiceFactory" "--gtest_also_run_disabled_tests"
Directory: /home/runner/work/Adaptive-AUTOSAR/Adaptive-AUTOSAR/build
"ServiceEntryTest.FindServiceFactory" start time: Dec 23 17:22 UTC
Output:
----------------------------------------------------------
Running main() from /home/runner/work/Adaptive-AUTOSAR/Adaptive-AUTOSAR/build/_deps/googletest-src/googletest/src/gtest_main.cc
Note: Google Test filter = ServiceEntryTest.FindServiceFactory
[==========] Running 1 test from 1 test suite.
[----------] Global test environment set-up.
[----------] 1 test from ServiceEntryTest
[ RUN      ] ServiceEntryTest.FindServiceFactory
[       OK ] ServiceEntryTest.FindServiceFactory (0 ms)
[----------] 1 test from ServiceEntryTest (0 ms total)

[----------] Global test environment tear-down
[==========] 1 test from 1 test suite ran. (0 ms total)
[  PASSED  ] 1 test.
<end of output>
Test time =   0.00 sec
----------------------------------------------------------
Test Passed.
"ServiceEntryTest.FindServiceFactory" end time: Dec 23 17:22 UTC
"ServiceEntryTest.FindServiceFactory" time elapsed: 00:00:00
----------------------------------------------------------

23/139 Testing: ServiceEntryTest.OfferServiceFactory
23/139 Test: ServiceEntryTest.OfferServiceFactory
Command: "/home/runner/work/Adaptive-AUTOSAR/Adaptive-AUTOSAR/build/ara_unit_test" "--gtest_filter=ServiceEntryTest.OfferServiceFactory" "--gtest_also_run_disabled_tests"
Directory: /home/runner/work/Adaptive-AUTOSAR/Adaptive-AUTOSAR/build
"ServiceEntryTest.OfferServiceFactory" start time: Dec 23 17:22 UTC
Output:
----------------------------------------------------------
Running main() from /home/runner/work/Adaptive-AUTOSAR/Adaptive-AUTOSAR/build/_deps/googletest-src/googletest/src/gtest_main.cc
Note: Google Test filter = ServiceEntryTest.OfferServiceFactory
[==========] Running 1 test from 1 test suite.
[----------] Global test environment set-up.
[----------] 1 test from ServiceEntryTest
[ RUN      ] ServiceEntryTest.OfferServiceFactory
[       OK ] ServiceEntryTest.OfferServiceFactory (0 ms)
[----------] 1 test from ServiceEntryTest (0 ms total)

[----------] Global test environment tear-down
[==========] 1 test from 1 test suite ran. (0 ms total)
[  PASSED  ] 1 test.
<end of output>
Test time =   0.00 sec
----------------------------------------------------------
Test Passed.
"ServiceEntryTest.OfferServiceFactory" end time: Dec 23 17:22 UTC
"ServiceEntryTest.OfferServiceFactory" time elapsed: 00:00:00
----------------------------------------------------------

24/139 Testing: ServiceEntryTest.StopOfferFactory
24/139 Test: ServiceEntryTest.StopOfferFactory
Command: "/home/runner/work/Adaptive-AUTOSAR/Adaptive-AUTOSAR/build/ara_unit_test" "--gtest_filter=ServiceEntryTest.StopOfferFactory" "--gtest_also_run_disabled_tests"
Directory: /home/runner/work/Adaptive-AUTOSAR/Adaptive-AUTOSAR/build
"ServiceEntryTest.StopOfferFactory" start time: Dec 23 17:22 UTC
Output:
----------------------------------------------------------
Running main() from /home/runner/work/Adaptive-AUTOSAR/Adaptive-AUTOSAR/build/_deps/googletest-src/googletest/src/gtest_main.cc
Note: Google Test filter = ServiceEntryTest.StopOfferFactory
[==========] Running 1 test from 1 test suite.
[----------] Global test environment set-up.
[----------] 1 test from ServiceEntryTest
[ RUN      ] ServiceEntryTest.StopOfferFactory
[       OK ] ServiceEntryTest.StopOfferFactory (0 ms)
[----------] 1 test from ServiceEntryTest (0 ms total)

[----------] Global test environment tear-down
[==========] 1 test from 1 test suite ran. (0 ms total)
[  PASSED  ] 1 test.
<end of output>
Test time =   0.00 sec
----------------------------------------------------------
Test Passed.
"ServiceEntryTest.StopOfferFactory" end time: Dec 23 17:22 UTC
"ServiceEntryTest.StopOfferFactory" time elapsed: 00:00:00
----------------------------------------------------------

25/139 Testing: ServiceEntryTest.PayloadMethod
25/139 Test: ServiceEntryTest.PayloadMethod
Command: "/home/runner/work/Adaptive-AUTOSAR/Adaptive-AUTOSAR/build/ara_unit_test" "--gtest_filter=ServiceEntryTest.PayloadMethod" "--gtest_also_run_disabled_tests"
Directory: /home/runner/work/Adaptive-AUTOSAR/Adaptive-AUTOSAR/build
"ServiceEntryTest.PayloadMethod" start time: Dec 23 17:22 UTC
Output:
----------------------------------------------------------
Running main() from /home/runner/work/Adaptive-AUTOSAR/Adaptive-AUTOSAR/build/_deps/googletest-src/googletest/src/gtest_main.cc
Note: Google Test filter = ServiceEntryTest.PayloadMethod
[==========] Running 1 test from 1 test suite.
[----------] Global test environment set-up.
[----------] 1 test from ServiceEntryTest
[ RUN      ] ServiceEntryTest.PayloadMethod
[       OK ] ServiceEntryTest.PayloadMethod (0 ms)
[----------] 1 test from ServiceEntryTest (0 ms total)

[----------] Global test environment tear-down
[==========] 1 test from 1 test suite ran. (0 ms total)
[  PASSED  ] 1 test.
<end of output>
Test time =   0.00 sec
----------------------------------------------------------
Test Passed.
"ServiceEntryTest.PayloadMethod" end time: Dec 23 17:22 UTC
"ServiceEntryTest.PayloadMethod" time elapsed: 00:00:00
----------------------------------------------------------

26/139 Testing: ServiceEntryTest.AddOption
26/139 Test: ServiceEntryTest.AddOption
Command: "/home/runner/work/Adaptive-AUTOSAR/Adaptive-AUTOSAR/build/ara_unit_test" "--gtest_filter=ServiceEntryTest.AddOption" "--gtest_also_run_disabled_tests"
Directory: /home/runner/work/Adaptive-AUTOSAR/Adaptive-AUTOSAR/build
"ServiceEntryTest.AddOption" start time: Dec 23 17:22 UTC
Output:
----------------------------------------------------------
Running main() from /home/runner/work/Adaptive-AUTOSAR/Adaptive-AUTOSAR/build/_deps/googletest-src/googletest/src/gtest_main.cc
Note: Google Test filter = ServiceEntryTest.AddOption
[==========] Running 1 test from 1 test suite.
[----------] Global test environment set-up.
[----------] 1 test from ServiceEntryTest
[ RUN      ] ServiceEntryTest.AddOption
[       OK ] ServiceEntryTest.AddOption (0 ms)
[----------] 1 test from ServiceEntryTest (0 ms total)

[----------] Global test environment tear-down
[==========] 1 test from 1 test suite ran. (0 ms total)
[  PASSED  ] 1 test.
<end of output>
Test time =   0.00 sec
----------------------------------------------------------
Test Passed.
"ServiceEntryTest.AddOption" end time: Dec 23 17:22 UTC
"ServiceEntryTest.AddOption" time elapsed: 00:00:00
----------------------------------------------------------

27/139 Testing: ServiceEntryTest.Deserializing
27/139 Test: ServiceEntryTest.Deserializing
Command: "/home/runner/work/Adaptive-AUTOSAR/Adaptive-AUTOSAR/build/ara_unit_test" "--gtest_filter=ServiceEntryTest.Deserializing" "--gtest_also_run_disabled_tests"
Directory: /home/runner/work/Adaptive-AUTOSAR/Adaptive-AUTOSAR/build
"ServiceEntryTest.Deserializing" start time: Dec 23 17:22 UTC
Output:
----------------------------------------------------------
Running main() from /home/runner/work/Adaptive-AUTOSAR/Adaptive-AUTOSAR/build/_deps/googletest-src/googletest/src/gtest_main.cc
Note: Google Test filter = ServiceEntryTest.Deserializing
[==========] Running 1 test from 1 test suite.
[----------] Global test environment set-up.
[----------] 1 test from ServiceEntryTest
[ RUN      ] ServiceEntryTest.Deserializing
[       OK ] ServiceEntryTest.Deserializing (0 ms)
[----------] 1 test from ServiceEntryTest (0 ms total)

[----------] Global test environment tear-down
[==========] 1 test from 1 test suite ran. (0 ms total)
[  PASSED  ] 1 test.
<end of output>
Test time =   0.00 sec
----------------------------------------------------------
Test Passed.
"ServiceEntryTest.Deserializing" end time: Dec 23 17:22 UTC
"ServiceEntryTest.Deserializing" time elapsed: 00:00:00
----------------------------------------------------------

28/139 Testing: Ipv4AddressTest.Constructor
28/139 Test: Ipv4AddressTest.Constructor
Command: "/home/runner/work/Adaptive-AUTOSAR/Adaptive-AUTOSAR/build/ara_unit_test" "--gtest_filter=Ipv4AddressTest.Constructor" "--gtest_also_run_disabled_tests"
Directory: /home/runner/work/Adaptive-AUTOSAR/Adaptive-AUTOSAR/build
"Ipv4AddressTest.Constructor" start time: Dec 23 17:22 UTC
Output:
----------------------------------------------------------
Running main() from /home/runner/work/Adaptive-AUTOSAR/Adaptive-AUTOSAR/build/_deps/googletest-src/googletest/src/gtest_main.cc
Note: Google Test filter = Ipv4AddressTest.Constructor
[==========] Running 1 test from 1 test suite.
[----------] Global test environment set-up.
[----------] 1 test from Ipv4AddressTest
[ RUN      ] Ipv4AddressTest.Constructor
[       OK ] Ipv4AddressTest.Constructor (0 ms)
[----------] 1 test from Ipv4AddressTest (0 ms total)

[----------] Global test environment tear-down
[==========] 1 test from 1 test suite ran. (0 ms total)
[  PASSED  ] 1 test.
<end of output>
Test time =   0.00 sec
----------------------------------------------------------
Test Passed.
"Ipv4AddressTest.Constructor" end time: Dec 23 17:22 UTC
"Ipv4AddressTest.Constructor" time elapsed: 00:00:00
----------------------------------------------------------

29/139 Testing: TtlTimerTest.Expiration
29/139 Test: TtlTimerTest.Expiration
Command: "/home/runner/work/Adaptive-AUTOSAR/Adaptive-AUTOSAR/build/ara_unit_test" "--gtest_filter=TtlTimerTest.Expiration" "--gtest_also_run_disabled_tests"
Directory: /home/runner/work/Adaptive-AUTOSAR/Adaptive-AUTOSAR/build
"TtlTimerTest.Expiration" start time: Dec 23 17:22 UTC
Output:
----------------------------------------------------------
Running main() from /home/runner/work/Adaptive-AUTOSAR/Adaptive-AUTOSAR/build/_deps/googletest-src/googletest/src/gtest_main.cc
Note: Google Test filter = TtlTimerTest.Expiration
[==========] Running 1 test from 1 test suite.
[----------] Global test environment set-up.
[----------] 1 test from TtlTimerTest
[ RUN      ] TtlTimerTest.Expiration
[       OK ] TtlTimerTest.Expiration (0 ms)
[----------] 1 test from TtlTimerTest (0 ms total)

[----------] Global test environment tear-down
[==========] 1 test from 1 test suite ran. (0 ms total)
[  PASSED  ] 1 test.
<end of output>
Test time =   0.00 sec
----------------------------------------------------------
Test Passed.
"TtlTimerTest.Expiration" end time: Dec 23 17:22 UTC
"TtlTimerTest.Expiration" time elapsed: 00:00:00
----------------------------------------------------------

30/139 Testing: TtlTimerTest.Set
30/139 Test: TtlTimerTest.Set
Command: "/home/runner/work/Adaptive-AUTOSAR/Adaptive-AUTOSAR/build/ara_unit_test" "--gtest_filter=TtlTimerTest.Set" "--gtest_also_run_disabled_tests"
Directory: /home/runner/work/Adaptive-AUTOSAR/Adaptive-AUTOSAR/build
"TtlTimerTest.Set" start time: Dec 23 17:22 UTC
Output:
----------------------------------------------------------
Running main() from /home/runner/work/Adaptive-AUTOSAR/Adaptive-AUTOSAR/build/_deps/googletest-src/googletest/src/gtest_main.cc
Note: Google Test filter = TtlTimerTest.Set
[==========] Running 1 test from 1 test suite.
[----------] Global test environment set-up.
[----------] 1 test from TtlTimerTest
[ RUN      ] TtlTimerTest.Set
[       OK ] TtlTimerTest.Set (0 ms)
[----------] 1 test from TtlTimerTest (0 ms total)

[----------] Global test environment tear-down
[==========] 1 test from 1 test suite ran. (0 ms total)
[  PASSED  ] 1 test.
<end of output>
Test time =   0.00 sec
----------------------------------------------------------
Test Passed.
"TtlTimerTest.Set" end time: Dec 23 17:22 UTC
"TtlTimerTest.Set" time elapsed: 00:00:00
----------------------------------------------------------

31/139 Testing: Ipv4EndpointOptionTest.UnitcastFactory
31/139 Test: Ipv4EndpointOptionTest.UnitcastFactory
Command: "/home/runner/work/Adaptive-AUTOSAR/Adaptive-AUTOSAR/build/ara_unit_test" "--gtest_filter=Ipv4EndpointOptionTest.UnitcastFactory" "--gtest_also_run_disabled_tests"
Directory: /home/runner/work/Adaptive-AUTOSAR/Adaptive-AUTOSAR/build
"Ipv4EndpointOptionTest.UnitcastFactory" start time: Dec 23 17:22 UTC
Output:
----------------------------------------------------------
Running main() from /home/runner/work/Adaptive-AUTOSAR/Adaptive-AUTOSAR/build/_deps/googletest-src/googletest/src/gtest_main.cc
Note: Google Test filter = Ipv4EndpointOptionTest.UnitcastFactory
[==========] Running 1 test from 1 test suite.
[----------] Global test environment set-up.
[----------] 1 test from Ipv4EndpointOptionTest
[ RUN      ] Ipv4EndpointOptionTest.UnitcastFactory
[       OK ] Ipv4EndpointOptionTest.UnitcastFactory (0 ms)
[----------] 1 test from Ipv4EndpointOptionTest (0 ms total)

[----------] Global test environment tear-down
[==========] 1 test from 1 test suite ran. (0 ms total)
[  PASSED  ] 1 test.
<end of output>
Test time =   0.00 sec
----------------------------------------------------------
Test Passed.
"Ipv4EndpointOptionTest.UnitcastFactory" end time: Dec 23 17:22 UTC
"Ipv4EndpointOptionTest.UnitcastFactory" time elapsed: 00:00:00
----------------------------------------------------------

32/139 Testing: Ipv4EndpointOptionTest.MulticastFactory
32/139 Test: Ipv4EndpointOptionTest.MulticastFactory
Command: "/home/runner/work/Adaptive-AUTOSAR/Adaptive-AUTOSAR/build/ara_unit_test" "--gtest_filter=Ipv4EndpointOptionTest.MulticastFactory" "--gtest_also_run_disabled_tests"
Directory: /home/runner/work/Adaptive-AUTOSAR/Adaptive-AUTOSAR/build
"Ipv4EndpointOptionTest.MulticastFactory" start time: Dec 23 17:22 UTC
Output:
----------------------------------------------------------
Running main() from /home/runner/work/Adaptive-AUTOSAR/Adaptive-AUTOSAR/build/_deps/googletest-src/googletest/src/gtest_main.cc
Note: Google Test filter = Ipv4EndpointOptionTest.MulticastFactory
[==========] Running 1 test from 1 test suite.
[----------] Global test environment set-up.
[----------] 1 test from Ipv4EndpointOptionTest
[ RUN      ] Ipv4EndpointOptionTest.MulticastFactory
[       OK ] Ipv4EndpointOptionTest.MulticastFactory (0 ms)
[----------] 1 test from Ipv4EndpointOptionTest (0 ms total)

[----------] Global test environment tear-down
[==========] 1 test from 1 test suite ran. (0 ms total)
[  PASSED  ] 1 test.
<end of output>
Test time =   0.00 sec
----------------------------------------------------------
Test Passed.
"Ipv4EndpointOptionTest.MulticastFactory" end time: Dec 23 17:22 UTC
"Ipv4EndpointOptionTest.MulticastFactory" time elapsed: 00:00:00
----------------------------------------------------------

33/139 Testing: Ipv4EndpointOptionTest.PayloadMethod
33/139 Test: Ipv4EndpointOptionTest.PayloadMethod
Command: "/home/runner/work/Adaptive-AUTOSAR/Adaptive-AUTOSAR/build/ara_unit_test" "--gtest_filter=Ipv4EndpointOptionTest.PayloadMethod" "--gtest_also_run_disabled_tests"
Directory: /home/runner/work/Adaptive-AUTOSAR/Adaptive-AUTOSAR/build
"Ipv4EndpointOptionTest.PayloadMethod" start time: Dec 23 17:22 UTC
Output:
----------------------------------------------------------
Running main() from /home/runner/work/Adaptive-AUTOSAR/Adaptive-AUTOSAR/build/_deps/googletest-src/googletest/src/gtest_main.cc
Note: Google Test filter = Ipv4EndpointOptionTest.PayloadMethod
[==========] Running 1 test from 1 test suite.
[----------] Global test environment set-up.
[----------] 1 test from Ipv4EndpointOptionTest
[ RUN      ] Ipv4EndpointOptionTest.PayloadMethod
[       OK ] Ipv4EndpointOptionTest.PayloadMethod (0 ms)
[----------] 1 test from Ipv4EndpointOptionTest (0 ms total)

[----------] Global test environment tear-down
[==========] 1 test from 1 test suite ran. (0 ms total)
[  PASSED  ] 1 test.
<end of output>
Test time =   0.00 sec
----------------------------------------------------------
Test Passed.
"Ipv4EndpointOptionTest.PayloadMethod" end time: Dec 23 17:22 UTC
"Ipv4EndpointOptionTest.PayloadMethod" time elapsed: 00:00:00
----------------------------------------------------------

34/139 Testing: Ipv4EndpointOptionTest.Deserializing
34/139 Test: Ipv4EndpointOptionTest.Deserializing
Command: "/home/runner/work/Adaptive-AUTOSAR/Adaptive-AUTOSAR/build/ara_unit_test" "--gtest_filter=Ipv4EndpointOptionTest.Deserializing" "--gtest_also_run_disabled_tests"
Directory: /home/runner/work/Adaptive-AUTOSAR/Adaptive-AUTOSAR/build
"Ipv4EndpointOptionTest.Deserializing" start time: Dec 23 17:22 UTC
Output:
----------------------------------------------------------
Running main() from /home/runner/work/Adaptive-AUTOSAR/Adaptive-AUTOSAR/build/_deps/googletest-src/googletest/src/gtest_main.cc
Note: Google Test filter = Ipv4EndpointOptionTest.Deserializing
[==========] Running 1 test from 1 test suite.
[----------] Global test environment set-up.
[----------] 1 test from Ipv4EndpointOptionTest
[ RUN      ] Ipv4EndpointOptionTest.Deserializing
[       OK ] Ipv4EndpointOptionTest.Deserializing (0 ms)
[----------] 1 test from Ipv4EndpointOptionTest (0 ms total)

[----------] Global test environment tear-down
[==========] 1 test from 1 test suite ran. (0 ms total)
[  PASSED  ] 1 test.
<end of output>
Test time =   0.00 sec
----------------------------------------------------------
Test Passed.
"Ipv4EndpointOptionTest.Deserializing" end time: Dec 23 17:22 UTC
"Ipv4EndpointOptionTest.Deserializing" time elapsed: 00:00:00
----------------------------------------------------------

35/139 Testing: LoadBalancingOptionTest.Constructor
35/139 Test: LoadBalancingOptionTest.Constructor
Command: "/home/runner/work/Adaptive-AUTOSAR/Adaptive-AUTOSAR/build/ara_unit_test" "--gtest_filter=LoadBalancingOptionTest.Constructor" "--gtest_also_run_disabled_tests"
Directory: /home/runner/work/Adaptive-AUTOSAR/Adaptive-AUTOSAR/build
"LoadBalancingOptionTest.Constructor" start time: Dec 23 17:22 UTC
Output:
----------------------------------------------------------
Running main() from /home/runner/work/Adaptive-AUTOSAR/Adaptive-AUTOSAR/build/_deps/googletest-src/googletest/src/gtest_main.cc
Note: Google Test filter = LoadBalancingOptionTest.Constructor
[==========] Running 1 test from 1 test suite.
[----------] Global test environment set-up.
[----------] 1 test from LoadBalancingOptionTest
[ RUN      ] LoadBalancingOptionTest.Constructor
[       OK ] LoadBalancingOptionTest.Constructor (0 ms)
[----------] 1 test from LoadBalancingOptionTest (0 ms total)

[----------] Global test environment tear-down
[==========] 1 test from 1 test suite ran. (0 ms total)
[  PASSED  ] 1 test.
<end of output>
Test time =   0.00 sec
----------------------------------------------------------
Test Passed.
"LoadBalancingOptionTest.Constructor" end time: Dec 23 17:22 UTC
"LoadBalancingOptionTest.Constructor" time elapsed: 00:00:00
----------------------------------------------------------

36/139 Testing: LoadBalancingOptionTest.PayloadMethod
36/139 Test: LoadBalancingOptionTest.PayloadMethod
Command: "/home/runner/work/Adaptive-AUTOSAR/Adaptive-AUTOSAR/build/ara_unit_test" "--gtest_filter=LoadBalancingOptionTest.PayloadMethod" "--gtest_also_run_disabled_tests"
Directory: /home/runner/work/Adaptive-AUTOSAR/Adaptive-AUTOSAR/build
"LoadBalancingOptionTest.PayloadMethod" start time: Dec 23 17:22 UTC
Output:
----------------------------------------------------------
Running main() from /home/runner/work/Adaptive-AUTOSAR/Adaptive-AUTOSAR/build/_deps/googletest-src/googletest/src/gtest_main.cc
Note: Google Test filter = LoadBalancingOptionTest.PayloadMethod
[==========] Running 1 test from 1 test suite.
[----------] Global test environment set-up.
[----------] 1 test from LoadBalancingOptionTest
[ RUN      ] LoadBalancingOptionTest.PayloadMethod
[       OK ] LoadBalancingOptionTest.PayloadMethod (0 ms)
[----------] 1 test from LoadBalancingOptionTest (0 ms total)

[----------] Global test environment tear-down
[==========] 1 test from 1 test suite ran. (0 ms total)
[  PASSED  ] 1 test.
<end of output>
Test time =   0.00 sec
----------------------------------------------------------
Test Passed.
"LoadBalancingOptionTest.PayloadMethod" end time: Dec 23 17:22 UTC
"LoadBalancingOptionTest.PayloadMethod" time elapsed: 00:00:00
----------------------------------------------------------

37/139 Testing: LoadBalancingOptionTest.Deserializing
37/139 Test: LoadBalancingOptionTest.Deserializing
Command: "/home/runner/work/Adaptive-AUTOSAR/Adaptive-AUTOSAR/build/ara_unit_test" "--gtest_filter=LoadBalancingOptionTest.Deserializing" "--gtest_also_run_disabled_tests"
Directory: /home/runner/work/Adaptive-AUTOSAR/Adaptive-AUTOSAR/build
"LoadBalancingOptionTest.Deserializing" start time: Dec 23 17:22 UTC
Output:
----------------------------------------------------------
Running main() from /home/runner/work/Adaptive-AUTOSAR/Adaptive-AUTOSAR/build/_deps/googletest-src/googletest/src/gtest_main.cc
Note: Google Test filter = LoadBalancingOptionTest.Deserializing
[==========] Running 1 test from 1 test suite.
[----------] Global test environment set-up.
[----------] 1 test from LoadBalancingOptionTest
[ RUN      ] LoadBalancingOptionTest.Deserializing
[       OK ] LoadBalancingOptionTest.Deserializing (0 ms)
[----------] 1 test from LoadBalancingOptionTest (0 ms total)

[----------] Global test environment tear-down
[==========] 1 test from 1 test suite ran. (0 ms total)
[  PASSED  ] 1 test.
<end of output>
Test time =   0.00 sec
----------------------------------------------------------
Test Passed.
"LoadBalancingOptionTest.Deserializing" end time: Dec 23 17:22 UTC
"LoadBalancingOptionTest.Deserializing" time elapsed: 00:00:00
----------------------------------------------------------

38/139 Testing: SomeIpPubSubTest.ServerInitialState
38/139 Test: SomeIpPubSubTest.ServerInitialState
Command: "/home/runner/work/Adaptive-AUTOSAR/Adaptive-AUTOSAR/build/ara_unit_test" "--gtest_filter=SomeIpPubSubTest.ServerInitialState" "--gtest_also_run_disabled_tests"
Directory: /home/runner/work/Adaptive-AUTOSAR/Adaptive-AUTOSAR/build
"SomeIpPubSubTest.ServerInitialState" start time: Dec 23 17:22 UTC
Output:
----------------------------------------------------------
Running main() from /home/runner/work/Adaptive-AUTOSAR/Adaptive-AUTOSAR/build/_deps/googletest-src/googletest/src/gtest_main.cc
Note: Google Test filter = SomeIpPubSubTest.ServerInitialState
[==========] Running 1 test from 1 test suite.
[----------] Global test environment set-up.
[----------] 1 test from SomeIpPubSubTest
[ RUN      ] SomeIpPubSubTest.ServerInitialState
[       OK ] SomeIpPubSubTest.ServerInitialState (0 ms)
[----------] 1 test from SomeIpPubSubTest (0 ms total)

[----------] Global test environment tear-down
[==========] 1 test from 1 test suite ran. (0 ms total)
[  PASSED  ] 1 test.
<end of output>
Test time =   0.00 sec
----------------------------------------------------------
Test Passed.
"SomeIpPubSubTest.ServerInitialState" end time: Dec 23 17:22 UTC
"SomeIpPubSubTest.ServerInitialState" time elapsed: 00:00:00
----------------------------------------------------------

39/139 Testing: SomeIpPubSubTest.NoServerRunning
39/139 Test: SomeIpPubSubTest.NoServerRunning
Command: "/home/runner/work/Adaptive-AUTOSAR/Adaptive-AUTOSAR/build/ara_unit_test" "--gtest_filter=SomeIpPubSubTest.NoServerRunning" "--gtest_also_run_disabled_tests"
Directory: /home/runner/work/Adaptive-AUTOSAR/Adaptive-AUTOSAR/build
"SomeIpPubSubTest.NoServerRunning" start time: Dec 23 17:22 UTC
Output:
----------------------------------------------------------
Running main() from /home/runner/work/Adaptive-AUTOSAR/Adaptive-AUTOSAR/build/_deps/googletest-src/googletest/src/gtest_main.cc
Note: Google Test filter = SomeIpPubSubTest.NoServerRunning
[==========] Running 1 test from 1 test suite.
[----------] Global test environment set-up.
[----------] 1 test from SomeIpPubSubTest
[ RUN      ] SomeIpPubSubTest.NoServerRunning
[       OK ] SomeIpPubSubTest.NoServerRunning (1 ms)
[----------] 1 test from SomeIpPubSubTest (1 ms total)

[----------] Global test environment tear-down
[==========] 1 test from 1 test suite ran. (1 ms total)
[  PASSED  ] 1 test.
<end of output>
Test time =   0.00 sec
----------------------------------------------------------
Test Passed.
"SomeIpPubSubTest.NoServerRunning" end time: Dec 23 17:22 UTC
"SomeIpPubSubTest.NoServerRunning" time elapsed: 00:00:00
----------------------------------------------------------

40/139 Testing: SomeIpPubSubTest.ServerStart
40/139 Test: SomeIpPubSubTest.ServerStart
Command: "/home/runner/work/Adaptive-AUTOSAR/Adaptive-AUTOSAR/build/ara_unit_test" "--gtest_filter=SomeIpPubSubTest.ServerStart" "--gtest_also_run_disabled_tests"
Directory: /home/runner/work/Adaptive-AUTOSAR/Adaptive-AUTOSAR/build
"SomeIpPubSubTest.ServerStart" start time: Dec 23 17:22 UTC
Output:
----------------------------------------------------------
Running main() from /home/runner/work/Adaptive-AUTOSAR/Adaptive-AUTOSAR/build/_deps/googletest-src/googletest/src/gtest_main.cc
Note: Google Test filter = SomeIpPubSubTest.ServerStart
[==========] Running 1 test from 1 test suite.
[----------] Global test environment set-up.
[----------] 1 test from SomeIpPubSubTest
[ RUN      ] SomeIpPubSubTest.ServerStart
[       OK ] SomeIpPubSubTest.ServerStart (0 ms)
[----------] 1 test from SomeIpPubSubTest (0 ms total)

[----------] Global test environment tear-down
[==========] 1 test from 1 test suite ran. (0 ms total)
[  PASSED  ] 1 test.
<end of output>
Test time =   0.00 sec
----------------------------------------------------------
Test Passed.
"SomeIpPubSubTest.ServerStart" end time: Dec 23 17:22 UTC
"SomeIpPubSubTest.ServerStart" time elapsed: 00:00:00
----------------------------------------------------------

41/139 Testing: SomeIpPubSubTest.AcknowlegeScenario
41/139 Test: SomeIpPubSubTest.AcknowlegeScenario
Command: "/home/runner/work/Adaptive-AUTOSAR/Adaptive-AUTOSAR/build/ara_unit_test" "--gtest_filter=SomeIpPubSubTest.AcknowlegeScenario" "--gtest_also_run_disabled_tests"
Directory: /home/runner/work/Adaptive-AUTOSAR/Adaptive-AUTOSAR/build
"SomeIpPubSubTest.AcknowlegeScenario" start time: Dec 23 17:22 UTC
Output:
----------------------------------------------------------
Running main() from /home/runner/work/Adaptive-AUTOSAR/Adaptive-AUTOSAR/build/_deps/googletest-src/googletest/src/gtest_main.cc
Note: Google Test filter = SomeIpPubSubTest.AcknowlegeScenario
[==========] Running 1 test from 1 test suite.
[----------] Global test environment set-up.
[----------] 1 test from SomeIpPubSubTest
[ RUN      ] SomeIpPubSubTest.AcknowlegeScenario
[       OK ] SomeIpPubSubTest.AcknowlegeScenario (0 ms)
[----------] 1 test from SomeIpPubSubTest (0 ms total)

[----------] Global test environment tear-down
[==========] 1 test from 1 test suite ran. (0 ms total)
[  PASSED  ] 1 test.
<end of output>
Test time =   0.00 sec
----------------------------------------------------------
Test Passed.
"SomeIpPubSubTest.AcknowlegeScenario" end time: Dec 23 17:22 UTC
"SomeIpPubSubTest.AcknowlegeScenario" time elapsed: 00:00:00
----------------------------------------------------------

42/139 Testing: SomeIpPubSubTest.NegativeAcknowlegeScenario
42/139 Test: SomeIpPubSubTest.NegativeAcknowlegeScenario
Command: "/home/runner/work/Adaptive-AUTOSAR/Adaptive-AUTOSAR/build/ara_unit_test" "--gtest_filter=SomeIpPubSubTest.NegativeAcknowlegeScenario" "--gtest_also_run_disabled_tests"
Directory: /home/runner/work/Adaptive-AUTOSAR/Adaptive-AUTOSAR/build
"SomeIpPubSubTest.NegativeAcknowlegeScenario" start time: Dec 23 17:22 UTC
Output:
----------------------------------------------------------
Running main() from /home/runner/work/Adaptive-AUTOSAR/Adaptive-AUTOSAR/build/_deps/googletest-src/googletest/src/gtest_main.cc
Note: Google Test filter = SomeIpPubSubTest.NegativeAcknowlegeScenario
[==========] Running 1 test from 1 test suite.
[----------] Global test environment set-up.
[----------] 1 test from SomeIpPubSubTest
[ RUN      ] SomeIpPubSubTest.NegativeAcknowlegeScenario
[       OK ] SomeIpPubSubTest.NegativeAcknowlegeScenario (0 ms)
[----------] 1 test from SomeIpPubSubTest (0 ms total)

[----------] Global test environment tear-down
[==========] 1 test from 1 test suite ran. (0 ms total)
[  PASSED  ] 1 test.
<end of output>
Test time =   0.00 sec
----------------------------------------------------------
Test Passed.
"SomeIpPubSubTest.NegativeAcknowlegeScenario" end time: Dec 23 17:22 UTC
"SomeIpPubSubTest.NegativeAcknowlegeScenario" time elapsed: 00:00:00
----------------------------------------------------------

43/139 Testing: SomeIpPubSubTest.UnsubscriptionScenario
43/139 Test: SomeIpPubSubTest.UnsubscriptionScenario
Command: "/home/runner/work/Adaptive-AUTOSAR/Adaptive-AUTOSAR/build/ara_unit_test" "--gtest_filter=SomeIpPubSubTest.UnsubscriptionScenario" "--gtest_also_run_disabled_tests"
Directory: /home/runner/work/Adaptive-AUTOSAR/Adaptive-AUTOSAR/build
"SomeIpPubSubTest.UnsubscriptionScenario" start time: Dec 23 17:22 UTC
Output:
----------------------------------------------------------
Running main() from /home/runner/work/Adaptive-AUTOSAR/Adaptive-AUTOSAR/build/_deps/googletest-src/googletest/src/gtest_main.cc
Note: Google Test filter = SomeIpPubSubTest.UnsubscriptionScenario
[==========] Running 1 test from 1 test suite.
[----------] Global test environment set-up.
[----------] 1 test from SomeIpPubSubTest
[ RUN      ] SomeIpPubSubTest.UnsubscriptionScenario
[       OK ] SomeIpPubSubTest.UnsubscriptionScenario (0 ms)
[----------] 1 test from SomeIpPubSubTest (0 ms total)

[----------] Global test environment tear-down
[==========] 1 test from 1 test suite ran. (0 ms total)
[  PASSED  ] 1 test.
<end of output>
Test time =   0.00 sec
----------------------------------------------------------
Test Passed.
"SomeIpPubSubTest.UnsubscriptionScenario" end time: Dec 23 17:22 UTC
"SomeIpPubSubTest.UnsubscriptionScenario" time elapsed: 00:00:00
----------------------------------------------------------

44/139 Testing: PubSubStateTest.ServiceDownStateConstructor
44/139 Test: PubSubStateTest.ServiceDownStateConstructor
Command: "/home/runner/work/Adaptive-AUTOSAR/Adaptive-AUTOSAR/build/ara_unit_test" "--gtest_filter=PubSubStateTest.ServiceDownStateConstructor" "--gtest_also_run_disabled_tests"
Directory: /home/runner/work/Adaptive-AUTOSAR/Adaptive-AUTOSAR/build
"PubSubStateTest.ServiceDownStateConstructor" start time: Dec 23 17:22 UTC
Output:
----------------------------------------------------------
Running main() from /home/runner/work/Adaptive-AUTOSAR/Adaptive-AUTOSAR/build/_deps/googletest-src/googletest/src/gtest_main.cc
Note: Google Test filter = PubSubStateTest.ServiceDownStateConstructor
[==========] Running 1 test from 1 test suite.
[----------] Global test environment set-up.
[----------] 1 test from PubSubStateTest
[ RUN      ] PubSubStateTest.ServiceDownStateConstructor
[       OK ] PubSubStateTest.ServiceDownStateConstructor (0 ms)
[----------] 1 test from PubSubStateTest (0 ms total)

[----------] Global test environment tear-down
[==========] 1 test from 1 test suite ran. (0 ms total)
[  PASSED  ] 1 test.
<end of output>
Test time =   0.00 sec
----------------------------------------------------------
Test Passed.
"PubSubStateTest.ServiceDownStateConstructor" end time: Dec 23 17:22 UTC
"PubSubStateTest.ServiceDownStateConstructor" time elapsed: 00:00:00
----------------------------------------------------------

45/139 Testing: PubSubStateTest.NotSubscribedStateConstructor
45/139 Test: PubSubStateTest.NotSubscribedStateConstructor
Command: "/home/runner/work/Adaptive-AUTOSAR/Adaptive-AUTOSAR/build/ara_unit_test" "--gtest_filter=PubSubStateTest.NotSubscribedStateConstructor" "--gtest_also_run_disabled_tests"
Directory: /home/runner/work/Adaptive-AUTOSAR/Adaptive-AUTOSAR/build
"PubSubStateTest.NotSubscribedStateConstructor" start time: Dec 23 17:22 UTC
Output:
----------------------------------------------------------
Running main() from /home/runner/work/Adaptive-AUTOSAR/Adaptive-AUTOSAR/build/_deps/googletest-src/googletest/src/gtest_main.cc
Note: Google Test filter = PubSubStateTest.NotSubscribedStateConstructor
[==========] Running 1 test from 1 test suite.
[----------] Global test environment set-up.
[----------] 1 test from PubSubStateTest
[ RUN      ] PubSubStateTest.NotSubscribedStateConstructor
[       OK ] PubSubStateTest.NotSubscribedStateConstructor (0 ms)
[----------] 1 test from PubSubStateTest (0 ms total)

[----------] Global test environment tear-down
[==========] 1 test from 1 test suite ran. (0 ms total)
[  PASSED  ] 1 test.
<end of output>
Test time =   0.00 sec
----------------------------------------------------------
Test Passed.
"PubSubStateTest.NotSubscribedStateConstructor" end time: Dec 23 17:22 UTC
"PubSubStateTest.NotSubscribedStateConstructor" time elapsed: 00:00:00
----------------------------------------------------------

46/139 Testing: PubSubStateTest.SubscribedStateConstructor
46/139 Test: PubSubStateTest.SubscribedStateConstructor
Command: "/home/runner/work/Adaptive-AUTOSAR/Adaptive-AUTOSAR/build/ara_unit_test" "--gtest_filter=PubSubStateTest.SubscribedStateConstructor" "--gtest_also_run_disabled_tests"
Directory: /home/runner/work/Adaptive-AUTOSAR/Adaptive-AUTOSAR/build
"PubSubStateTest.SubscribedStateConstructor" start time: Dec 23 17:22 UTC
Output:
----------------------------------------------------------
Running main() from /home/runner/work/Adaptive-AUTOSAR/Adaptive-AUTOSAR/build/_deps/googletest-src/googletest/src/gtest_main.cc
Note: Google Test filter = PubSubStateTest.SubscribedStateConstructor
[==========] Running 1 test from 1 test suite.
[----------] Global test environment set-up.
[----------] 1 test from PubSubStateTest
[ RUN      ] PubSubStateTest.SubscribedStateConstructor
[       OK ] PubSubStateTest.SubscribedStateConstructor (0 ms)
[----------] 1 test from PubSubStateTest (0 ms total)

[----------] Global test environment tear-down
[==========] 1 test from 1 test suite ran. (0 ms total)
[  PASSED  ] 1 test.
<end of output>
Test time =   0.00 sec
----------------------------------------------------------
Test Passed.
"PubSubStateTest.SubscribedStateConstructor" end time: Dec 23 17:22 UTC
"PubSubStateTest.SubscribedStateConstructor" time elapsed: 00:00:00
----------------------------------------------------------

47/139 Testing: SomeIpSdMessageTest.Constructor
47/139 Test: SomeIpSdMessageTest.Constructor
Command: "/home/runner/work/Adaptive-AUTOSAR/Adaptive-AUTOSAR/build/ara_unit_test" "--gtest_filter=SomeIpSdMessageTest.Constructor" "--gtest_also_run_disabled_tests"
Directory: /home/runner/work/Adaptive-AUTOSAR/Adaptive-AUTOSAR/build
"SomeIpSdMessageTest.Constructor" start time: Dec 23 17:22 UTC
Output:
----------------------------------------------------------
Running main() from /home/runner/work/Adaptive-AUTOSAR/Adaptive-AUTOSAR/build/_deps/googletest-src/googletest/src/gtest_main.cc
Note: Google Test filter = SomeIpSdMessageTest.Constructor
[==========] Running 1 test from 1 test suite.
[----------] Global test environment set-up.
[----------] 1 test from SomeIpSdMessageTest
[ RUN      ] SomeIpSdMessageTest.Constructor
[       OK ] SomeIpSdMessageTest.Constructor (0 ms)
[----------] 1 test from SomeIpSdMessageTest (0 ms total)

[----------] Global test environment tear-down
[==========] 1 test from 1 test suite ran. (0 ms total)
[  PASSED  ] 1 test.
<end of output>
Test time =   0.00 sec
----------------------------------------------------------
Test Passed.
"SomeIpSdMessageTest.Constructor" end time: Dec 23 17:22 UTC
"SomeIpSdMessageTest.Constructor" time elapsed: 00:00:00
----------------------------------------------------------

48/139 Testing: SomeIpSdMessageTest.SetInvalidSessionId
48/139 Test: SomeIpSdMessageTest.SetInvalidSessionId
Command: "/home/runner/work/Adaptive-AUTOSAR/Adaptive-AUTOSAR/build/ara_unit_test" "--gtest_filter=SomeIpSdMessageTest.SetInvalidSessionId" "--gtest_also_run_disabled_tests"
Directory: /home/runner/work/Adaptive-AUTOSAR/Adaptive-AUTOSAR/build
"SomeIpSdMessageTest.SetInvalidSessionId" start time: Dec 23 17:22 UTC
Output:
----------------------------------------------------------
Running main() from /home/runner/work/Adaptive-AUTOSAR/Adaptive-AUTOSAR/build/_deps/googletest-src/googletest/src/gtest_main.cc
Note: Google Test filter = SomeIpSdMessageTest.SetInvalidSessionId
[==========] Running 1 test from 1 test suite.
[----------] Global test environment set-up.
[----------] 1 test from SomeIpSdMessageTest
[ RUN      ] SomeIpSdMessageTest.SetInvalidSessionId
[       OK ] SomeIpSdMessageTest.SetInvalidSessionId (0 ms)
[----------] 1 test from SomeIpSdMessageTest (0 ms total)

[----------] Global test environment tear-down
[==========] 1 test from 1 test suite ran. (0 ms total)
[  PASSED  ] 1 test.
<end of output>
Test time =   0.00 sec
----------------------------------------------------------
Test Passed.
"SomeIpSdMessageTest.SetInvalidSessionId" end time: Dec 23 17:22 UTC
"SomeIpSdMessageTest.SetInvalidSessionId" time elapsed: 00:00:00
----------------------------------------------------------

49/139 Testing: SomeIpSdMessageTest.SessionIdWrapping
49/139 Test: SomeIpSdMessageTest.SessionIdWrapping
Command: "/home/runner/work/Adaptive-AUTOSAR/Adaptive-AUTOSAR/build/ara_unit_test" "--gtest_filter=SomeIpSdMessageTest.SessionIdWrapping" "--gtest_also_run_disabled_tests"
Directory: /home/runner/work/Adaptive-AUTOSAR/Adaptive-AUTOSAR/build
"SomeIpSdMessageTest.SessionIdWrapping" start time: Dec 23 17:22 UTC
Output:
----------------------------------------------------------
Running main() from /home/runner/work/Adaptive-AUTOSAR/Adaptive-AUTOSAR/build/_deps/googletest-src/googletest/src/gtest_main.cc
Note: Google Test filter = SomeIpSdMessageTest.SessionIdWrapping
[==========] Running 1 test from 1 test suite.
[----------] Global test environment set-up.
[----------] 1 test from SomeIpSdMessageTest
[ RUN      ] SomeIpSdMessageTest.SessionIdWrapping
[       OK ] SomeIpSdMessageTest.SessionIdWrapping (0 ms)
[----------] 1 test from SomeIpSdMessageTest (0 ms total)

[----------] Global test environment tear-down
[==========] 1 test from 1 test suite ran. (0 ms total)
[  PASSED  ] 1 test.
<end of output>
Test time =   0.00 sec
----------------------------------------------------------
Test Passed.
"SomeIpSdMessageTest.SessionIdWrapping" end time: Dec 23 17:22 UTC
"SomeIpSdMessageTest.SessionIdWrapping" time elapsed: 00:00:00
----------------------------------------------------------

50/139 Testing: SomeIpSdMessageTest.PayloadMethod
50/139 Test: SomeIpSdMessageTest.PayloadMethod
Command: "/home/runner/work/Adaptive-AUTOSAR/Adaptive-AUTOSAR/build/ara_unit_test" "--gtest_filter=SomeIpSdMessageTest.PayloadMethod" "--gtest_also_run_disabled_tests"
Directory: /home/runner/work/Adaptive-AUTOSAR/Adaptive-AUTOSAR/build
"SomeIpSdMessageTest.PayloadMethod" start time: Dec 23 17:22 UTC
Output:
----------------------------------------------------------
Running main() from /home/runner/work/Adaptive-AUTOSAR/Adaptive-AUTOSAR/build/_deps/googletest-src/googletest/src/gtest_main.cc
Note: Google Test filter = SomeIpSdMessageTest.PayloadMethod
[==========] Running 1 test from 1 test suite.
[----------] Global test environment set-up.
[----------] 1 test from SomeIpSdMessageTest
[ RUN      ] SomeIpSdMessageTest.PayloadMethod
[       OK ] SomeIpSdMessageTest.PayloadMethod (0 ms)
[----------] 1 test from SomeIpSdMessageTest (0 ms total)

[----------] Global test environment tear-down
[==========] 1 test from 1 test suite ran. (0 ms total)
[  PASSED  ] 1 test.
<end of output>
Test time =   0.00 sec
----------------------------------------------------------
Test Passed.
"SomeIpSdMessageTest.PayloadMethod" end time: Dec 23 17:22 UTC
"SomeIpSdMessageTest.PayloadMethod" time elapsed: 00:00:00
----------------------------------------------------------

51/139 Testing: SomeIpSdMessageTest.NoEntryDeserialization
51/139 Test: SomeIpSdMessageTest.NoEntryDeserialization
Command: "/home/runner/work/Adaptive-AUTOSAR/Adaptive-AUTOSAR/build/ara_unit_test" "--gtest_filter=SomeIpSdMessageTest.NoEntryDeserialization" "--gtest_also_run_disabled_tests"
Directory: /home/runner/work/Adaptive-AUTOSAR/Adaptive-AUTOSAR/build
"SomeIpSdMessageTest.NoEntryDeserialization" start time: Dec 23 17:22 UTC
Output:
----------------------------------------------------------
Running main() from /home/runner/work/Adaptive-AUTOSAR/Adaptive-AUTOSAR/build/_deps/googletest-src/googletest/src/gtest_main.cc
Note: Google Test filter = SomeIpSdMessageTest.NoEntryDeserialization
[==========] Running 1 test from 1 test suite.
[----------] Global test environment set-up.
[----------] 1 test from SomeIpSdMessageTest
[ RUN      ] SomeIpSdMessageTest.NoEntryDeserialization
[       OK ] SomeIpSdMessageTest.NoEntryDeserialization (0 ms)
[----------] 1 test from SomeIpSdMessageTest (0 ms total)

[----------] Global test environment tear-down
[==========] 1 test from 1 test suite ran. (0 ms total)
[  PASSED  ] 1 test.
<end of output>
Test time =   0.00 sec
----------------------------------------------------------
Test Passed.
"SomeIpSdMessageTest.NoEntryDeserialization" end time: Dec 23 17:22 UTC
"SomeIpSdMessageTest.NoEntryDeserialization" time elapsed: 00:00:00
----------------------------------------------------------

52/139 Testing: SomeIpSdMessageTest.RebootFlagDeserialization
52/139 Test: SomeIpSdMessageTest.RebootFlagDeserialization
Command: "/home/runner/work/Adaptive-AUTOSAR/Adaptive-AUTOSAR/build/ara_unit_test" "--gtest_filter=SomeIpSdMessageTest.RebootFlagDeserialization" "--gtest_also_run_disabled_tests"
Directory: /home/runner/work/Adaptive-AUTOSAR/Adaptive-AUTOSAR/build
"SomeIpSdMessageTest.RebootFlagDeserialization" start time: Dec 23 17:22 UTC
Output:
----------------------------------------------------------
Running main() from /home/runner/work/Adaptive-AUTOSAR/Adaptive-AUTOSAR/build/_deps/googletest-src/googletest/src/gtest_main.cc
Note: Google Test filter = SomeIpSdMessageTest.RebootFlagDeserialization
[==========] Running 1 test from 1 test suite.
[----------] Global test environment set-up.
[----------] 1 test from SomeIpSdMessageTest
[ RUN      ] SomeIpSdMessageTest.RebootFlagDeserialization
[       OK ] SomeIpSdMessageTest.RebootFlagDeserialization (0 ms)
[----------] 1 test from SomeIpSdMessageTest (0 ms total)

[----------] Global test environment tear-down
[==========] 1 test from 1 test suite ran. (0 ms total)
[  PASSED  ] 1 test.
<end of output>
Test time =   0.00 sec
----------------------------------------------------------
Test Passed.
"SomeIpSdMessageTest.RebootFlagDeserialization" end time: Dec 23 17:22 UTC
"SomeIpSdMessageTest.RebootFlagDeserialization" time elapsed: 00:00:00
----------------------------------------------------------

53/139 Testing: SomeIpSdMessageTest.Deserializing
53/139 Test: SomeIpSdMessageTest.Deserializing
Command: "/home/runner/work/Adaptive-AUTOSAR/Adaptive-AUTOSAR/build/ara_unit_test" "--gtest_filter=SomeIpSdMessageTest.Deserializing" "--gtest_also_run_disabled_tests"
Directory: /home/runner/work/Adaptive-AUTOSAR/Adaptive-AUTOSAR/build
"SomeIpSdMessageTest.Deserializing" start time: Dec 23 17:22 UTC
Output:
----------------------------------------------------------
Running main() from /home/runner/work/Adaptive-AUTOSAR/Adaptive-AUTOSAR/build/_deps/googletest-src/googletest/src/gtest_main.cc
Note: Google Test filter = SomeIpSdMessageTest.Deserializing
[==========] Running 1 test from 1 test suite.
[----------] Global test environment set-up.
[----------] 1 test from SomeIpSdMessageTest
[ RUN      ] SomeIpSdMessageTest.Deserializing
[       OK ] SomeIpSdMessageTest.Deserializing (0 ms)
[----------] 1 test from SomeIpSdMessageTest (0 ms total)

[----------] Global test environment tear-down
[==========] 1 test from 1 test suite ran. (0 ms total)
[  PASSED  ] 1 test.
<end of output>
Test time =   0.00 sec
----------------------------------------------------------
Test Passed.
"SomeIpSdMessageTest.Deserializing" end time: Dec 23 17:22 UTC
"SomeIpSdMessageTest.Deserializing" time elapsed: 00:00:00
----------------------------------------------------------

54/139 Testing: NetworkAbstractionTest.PollerConstructor
54/139 Test: NetworkAbstractionTest.PollerConstructor
Command: "/home/runner/work/Adaptive-AUTOSAR/Adaptive-AUTOSAR/build/ara_unit_test" "--gtest_filter=NetworkAbstractionTest.PollerConstructor" "--gtest_also_run_disabled_tests"
Directory: /home/runner/work/Adaptive-AUTOSAR/Adaptive-AUTOSAR/build
"NetworkAbstractionTest.PollerConstructor" start time: Dec 23 17:22 UTC
Output:
----------------------------------------------------------
Running main() from /home/runner/work/Adaptive-AUTOSAR/Adaptive-AUTOSAR/build/_deps/googletest-src/googletest/src/gtest_main.cc
Note: Google Test filter = NetworkAbstractionTest.PollerConstructor
[==========] Running 1 test from 1 test suite.
[----------] Global test environment set-up.
[----------] 1 test from NetworkAbstractionTest
[ RUN      ] NetworkAbstractionTest.PollerConstructor
[       OK ] NetworkAbstractionTest.PollerConstructor (0 ms)
[----------] 1 test from NetworkAbstractionTest (0 ms total)

[----------] Global test environment tear-down
[==========] 1 test from 1 test suite ran. (0 ms total)
[  PASSED  ] 1 test.
<end of output>
Test time =   0.00 sec
----------------------------------------------------------
Test Passed.
"NetworkAbstractionTest.PollerConstructor" end time: Dec 23 17:22 UTC
"NetworkAbstractionTest.PollerConstructor" time elapsed: 00:00:00
----------------------------------------------------------

55/139 Testing: SomeIpSdTest.ServerStart
55/139 Test: SomeIpSdTest.ServerStart
Command: "/home/runner/work/Adaptive-AUTOSAR/Adaptive-AUTOSAR/build/ara_unit_test" "--gtest_filter=SomeIpSdTest.ServerStart" "--gtest_also_run_disabled_tests"
Directory: /home/runner/work/Adaptive-AUTOSAR/Adaptive-AUTOSAR/build
"SomeIpSdTest.ServerStart" start time: Dec 23 17:22 UTC
Output:
----------------------------------------------------------
Running main() from /home/runner/work/Adaptive-AUTOSAR/Adaptive-AUTOSAR/build/_deps/googletest-src/googletest/src/gtest_main.cc
Note: Google Test filter = SomeIpSdTest.ServerStart
[==========] Running 1 test from 1 test suite.
[----------] Global test environment set-up.
[----------] 1 test from SomeIpSdTest
[ RUN      ] SomeIpSdTest.ServerStart
[       OK ] SomeIpSdTest.ServerStart (100 ms)
[----------] 1 test from SomeIpSdTest (100 ms total)

[----------] Global test environment tear-down
[==========] 1 test from 1 test suite ran. (100 ms total)
[  PASSED  ] 1 test.
<end of output>
Test time =   0.10 sec
----------------------------------------------------------
Test Passed.
"SomeIpSdTest.ServerStart" end time: Dec 23 17:22 UTC
"SomeIpSdTest.ServerStart" time elapsed: 00:00:00
----------------------------------------------------------

56/139 Testing: SomeIpSdTest.ClientStart
56/139 Test: SomeIpSdTest.ClientStart
Command: "/home/runner/work/Adaptive-AUTOSAR/Adaptive-AUTOSAR/build/ara_unit_test" "--gtest_filter=SomeIpSdTest.ClientStart" "--gtest_also_run_disabled_tests"
Directory: /home/runner/work/Adaptive-AUTOSAR/Adaptive-AUTOSAR/build
"SomeIpSdTest.ClientStart" start time: Dec 23 17:22 UTC
Output:
----------------------------------------------------------
Running main() from /home/runner/work/Adaptive-AUTOSAR/Adaptive-AUTOSAR/build/_deps/googletest-src/googletest/src/gtest_main.cc
Note: Google Test filter = SomeIpSdTest.ClientStart
[==========] Running 1 test from 1 test suite.
[----------] Global test environment set-up.
[----------] 1 test from SomeIpSdTest
[ RUN      ] SomeIpSdTest.ClientStart
[       OK ] SomeIpSdTest.ClientStart (700 ms)
[----------] 1 test from SomeIpSdTest (700 ms total)

[----------] Global test environment tear-down
[==========] 1 test from 1 test suite ran. (700 ms total)
[  PASSED  ] 1 test.
<end of output>
Test time =   0.70 sec
----------------------------------------------------------
Test Passed.
"SomeIpSdTest.ClientStart" end time: Dec 23 17:22 UTC
"SomeIpSdTest.ClientStart" time elapsed: 00:00:00
----------------------------------------------------------

57/139 Testing: SomeIpSdTest.StartScenario
57/139 Test: SomeIpSdTest.StartScenario
Command: "/home/runner/work/Adaptive-AUTOSAR/Adaptive-AUTOSAR/build/ara_unit_test" "--gtest_filter=SomeIpSdTest.StartScenario" "--gtest_also_run_disabled_tests"
Directory: /home/runner/work/Adaptive-AUTOSAR/Adaptive-AUTOSAR/build
"SomeIpSdTest.StartScenario" start time: Dec 23 17:22 UTC
Output:
----------------------------------------------------------
Running main() from /home/runner/work/Adaptive-AUTOSAR/Adaptive-AUTOSAR/build/_deps/googletest-src/googletest/src/gtest_main.cc
Note: Google Test filter = SomeIpSdTest.StartScenario
[==========] Running 1 test from 1 test suite.
[----------] Global test environment set-up.
[----------] 1 test from SomeIpSdTest
[ RUN      ] SomeIpSdTest.StartScenario
[       OK ] SomeIpSdTest.StartScenario (700 ms)
[----------] 1 test from SomeIpSdTest (701 ms total)

[----------] Global test environment tear-down
[==========] 1 test from 1 test suite ran. (701 ms total)
[  PASSED  ] 1 test.
<end of output>
Test time =   0.70 sec
----------------------------------------------------------
Test Passed.
"SomeIpSdTest.StartScenario" end time: Dec 23 17:22 UTC
"SomeIpSdTest.StartScenario" time elapsed: 00:00:00
----------------------------------------------------------

58/139 Testing: SomeIpSdTest.ClientStopScenario
58/139 Test: SomeIpSdTest.ClientStopScenario
Command: "/home/runner/work/Adaptive-AUTOSAR/Adaptive-AUTOSAR/build/ara_unit_test" "--gtest_filter=SomeIpSdTest.ClientStopScenario" "--gtest_also_run_disabled_tests"
Directory: /home/runner/work/Adaptive-AUTOSAR/Adaptive-AUTOSAR/build
"SomeIpSdTest.ClientStopScenario" start time: Dec 23 17:22 UTC
Output:
----------------------------------------------------------
Running main() from /home/runner/work/Adaptive-AUTOSAR/Adaptive-AUTOSAR/build/_deps/googletest-src/googletest/src/gtest_main.cc
Note: Google Test filter = SomeIpSdTest.ClientStopScenario
[==========] Running 1 test from 1 test suite.
[----------] Global test environment set-up.
[----------] 1 test from SomeIpSdTest
[ RUN      ] SomeIpSdTest.ClientStopScenario
[       OK ] SomeIpSdTest.ClientStopScenario (700 ms)
[----------] 1 test from SomeIpSdTest (700 ms total)

[----------] Global test environment tear-down
[==========] 1 test from 1 test suite ran. (700 ms total)
[  PASSED  ] 1 test.
<end of output>
Test time =   0.70 sec
----------------------------------------------------------
Test Passed.
"SomeIpSdTest.ClientStopScenario" end time: Dec 23 17:22 UTC
"SomeIpSdTest.ClientStopScenario" time elapsed: 00:00:00
[...]
Command: "/home/runner/work/Adaptive-AUTOSAR/Adaptive-AUTOSAR/build/ara_unit_test" "--gtest_filter=InstanceSpecifierTest.Constructor" "--gtest_also_run_disabled_tests"
Directory: /home/runner/work/Adaptive-AUTOSAR/Adaptive-AUTOSAR/build
"InstanceSpecifierTest.Constructor" start time: Dec 23 17:22 UTC
Output:
----------------------------------------------------------
Running main() from /home/runner/work/Adaptive-AUTOSAR/Adaptive-AUTOSAR/build/_deps/googletest-src/googletest/src/gtest_main.cc
Note: Google Test filter = InstanceSpecifierTest.Constructor
[==========] Running 1 test from 1 test suite.
[----------] Global test environment set-up.
[----------] 1 test from InstanceSpecifierTest
[ RUN      ] InstanceSpecifierTest.Constructor
[       OK ] InstanceSpecifierTest.Constructor (0 ms)
[----------] 1 test from InstanceSpecifierTest (0 ms total)

[----------] Global test environment tear-down
[==========] 1 test from 1 test suite ran. (0 ms total)
[  PASSED  ] 1 test.
<end of output>
Test time =   0.00 sec
----------------------------------------------------------
Test Passed.
"InstanceSpecifierTest.Constructor" end time: Dec 23 17:22 UTC
"InstanceSpecifierTest.Constructor" time elapsed: 00:00:00
----------------------------------------------------------

127/139 Testing: InstanceSpecifierTest.Factory
127/139 Test: InstanceSpecifierTest.Factory
Command: "/home/runner/work/Adaptive-AUTOSAR/Adaptive-AUTOSAR/build/ara_unit_test" "--gtest_filter=InstanceSpecifierTest.Factory" "--gtest_also_run_disabled_tests"
Directory: /home/runner/work/Adaptive-AUTOSAR/Adaptive-AUTOSAR/build
"InstanceSpecifierTest.Factory" start time: Dec 23 17:22 UTC
Output:
----------------------------------------------------------
Running main() from /home/runner/work/Adaptive-AUTOSAR/Adaptive-AUTOSAR/build/_deps/googletest-src/googletest/src/gtest_main.cc
Note: Google Test filter = InstanceSpecifierTest.Factory
[==========] Running 1 test from 1 test suite.
[----------] Global test environment set-up.
[----------] 1 test from InstanceSpecifierTest
[ RUN      ] InstanceSpecifierTest.Factory
[       OK ] InstanceSpecifierTest.Factory (0 ms)
[----------] 1 test from InstanceSpecifierTest (0 ms total)

[----------] Global test environment tear-down
[==========] 1 test from 1 test suite ran. (0 ms total)
[  PASSED  ] 1 test.
<end of output>
Test time =   0.00 sec
----------------------------------------------------------
Test Passed.
"InstanceSpecifierTest.Factory" end time: Dec 23 17:22 UTC
"InstanceSpecifierTest.Factory" time elapsed: 00:00:00
----------------------------------------------------------

128/139 Testing: NetworkSocketTest.TcpClientConstructor
128/139 Test: NetworkSocketTest.TcpClientConstructor
Command: "/home/runner/work/Adaptive-AUTOSAR/Adaptive-AUTOSAR/build/_deps/async-bsd-socket-lib-build/async_bsd_socket_lib_test" "--gtest_filter=NetworkSocketTest.TcpClientConstructor" "--gtest_also_run_disabled_tests"
Directory: /home/runner/work/Adaptive-AUTOSAR/Adaptive-AUTOSAR/build/_deps/async-bsd-socket-lib-build
"NetworkSocketTest.TcpClientConstructor" start time: Dec 23 17:22 UTC
Output:
----------------------------------------------------------
Running main() from /home/runner/work/Adaptive-AUTOSAR/Adaptive-AUTOSAR/build/_deps/googletest-src/googletest/src/gtest_main.cc
Note: Google Test filter = NetworkSocketTest.TcpClientConstructor
[==========] Running 1 test from 1 test suite.
[----------] Global test environment set-up.
[----------] 1 test from NetworkSocketTest
[ RUN      ] NetworkSocketTest.TcpClientConstructor
[       OK ] NetworkSocketTest.TcpClientConstructor (0 ms)
[----------] 1 test from NetworkSocketTest (0 ms total)

[----------] Global test environment tear-down
[==========] 1 test from 1 test suite ran. (0 ms total)
[  PASSED  ] 1 test.
<end of output>
Test time =   0.00 sec
----------------------------------------------------------
Test Passed.
"NetworkSocketTest.TcpClientConstructor" end time: Dec 23 17:22 UTC
"NetworkSocketTest.TcpClientConstructor" time elapsed: 00:00:00
----------------------------------------------------------

129/139 Testing: NetworkSocketTest.TcpListenerConstructor
129/139 Test: NetworkSocketTest.TcpListenerConstructor
Command: "/home/runner/work/Adaptive-AUTOSAR/Adaptive-AUTOSAR/build/_deps/async-bsd-socket-lib-build/async_bsd_socket_lib_test" "--gtest_filter=NetworkSocketTest.TcpListenerConstructor" "--gtest_also_run_disabled_tests"
Directory: /home/runner/work/Adaptive-AUTOSAR/Adaptive-AUTOSAR/build/_deps/async-bsd-socket-lib-build
"NetworkSocketTest.TcpListenerConstructor" start time: Dec 23 17:22 UTC
Output:
----------------------------------------------------------
Running main() from /home/runner/work/Adaptive-AUTOSAR/Adaptive-AUTOSAR/build/_deps/googletest-src/googletest/src/gtest_main.cc
Note: Google Test filter = NetworkSocketTest.TcpListenerConstructor
[==========] Running 1 test from 1 test suite.
[----------] Global test environment set-up.
[----------] 1 test from NetworkSocketTest
[ RUN      ] NetworkSocketTest.TcpListenerConstructor
[       OK ] NetworkSocketTest.TcpListenerConstructor (0 ms)
[----------] 1 test from NetworkSocketTest (0 ms total)

[----------] Global test environment tear-down
[==========] 1 test from 1 test suite ran. (0 ms total)
[  PASSED  ] 1 test.
<end of output>
Test time =   0.00 sec
----------------------------------------------------------
Test Passed.
"NetworkSocketTest.TcpListenerConstructor" end time: Dec 23 17:22 UTC
"NetworkSocketTest.TcpListenerConstructor" time elapsed: 00:00:00
----------------------------------------------------------

130/139 Testing: NetworkSocketTest.UdpClientConstructor
130/139 Test: NetworkSocketTest.UdpClientConstructor
Command: "/home/runner/work/Adaptive-AUTOSAR/Adaptive-AUTOSAR/build/_deps/async-bsd-socket-lib-build/async_bsd_socket_lib_test" "--gtest_filter=NetworkSocketTest.UdpClientConstructor" "--gtest_also_run_disabled_tests"
Directory: /home/runner/work/Adaptive-AUTOSAR/Adaptive-AUTOSAR/build/_deps/async-bsd-socket-lib-build
"NetworkSocketTest.UdpClientConstructor" start time: Dec 23 17:22 UTC
Output:
----------------------------------------------------------
Running main() from /home/runner/work/Adaptive-AUTOSAR/Adaptive-AUTOSAR/build/_deps/googletest-src/googletest/src/gtest_main.cc
Note: Google Test filter = NetworkSocketTest.UdpClientConstructor
[==========] Running 1 test from 1 test suite.
[----------] Global test environment set-up.
[----------] 1 test from NetworkSocketTest
[ RUN      ] NetworkSocketTest.UdpClientConstructor
[       OK ] NetworkSocketTest.UdpClientConstructor (0 ms)
[----------] 1 test from NetworkSocketTest (0 ms total)

[----------] Global test environment tear-down
[==========] 1 test from 1 test suite ran. (0 ms total)
[  PASSED  ] 1 test.
<end of output>
Test time =   0.00 sec
----------------------------------------------------------
Test Passed.
"NetworkSocketTest.UdpClientConstructor" end time: Dec 23 17:22 UTC
"NetworkSocketTest.UdpClientConstructor" time elapsed: 00:00:00
----------------------------------------------------------

131/139 Testing: TcpCommunicationTest.Connection
131/139 Test: TcpCommunicationTest.Connection
Command: "/home/runner/work/Adaptive-AUTOSAR/Adaptive-AUTOSAR/build/_deps/async-bsd-socket-lib-build/async_bsd_socket_lib_test" "--gtest_filter=TcpCommunicationTest.Connection" "--gtest_also_run_disabled_tests"
Directory: /home/runner/work/Adaptive-AUTOSAR/Adaptive-AUTOSAR/build/_deps/async-bsd-socket-lib-build
"TcpCommunicationTest.Connection" start time: Dec 23 17:22 UTC
Output:
----------------------------------------------------------
Running main() from /home/runner/work/Adaptive-AUTOSAR/Adaptive-AUTOSAR/build/_deps/googletest-src/googletest/src/gtest_main.cc
Note: Google Test filter = TcpCommunicationTest.Connection
[==========] Running 1 test from 1 test suite.
[----------] Global test environment set-up.
[----------] 1 test from TcpCommunicationTest
[ RUN      ] TcpCommunicationTest.Connection
[       OK ] TcpCommunicationTest.Connection (0 ms)
[----------] 1 test from TcpCommunicationTest (0 ms total)

[----------] Global test environment tear-down
[==========] 1 test from 1 test suite ran. (0 ms total)
[  PASSED  ] 1 test.
<end of output>
Test time =   0.00 sec
----------------------------------------------------------
Test Passed.
"TcpCommunicationTest.Connection" end time: Dec 23 17:22 UTC
"TcpCommunicationTest.Connection" time elapsed: 00:00:00
----------------------------------------------------------

132/139 Testing: TcpCommunicationTest.ServerSendClientReceive
132/139 Test: TcpCommunicationTest.ServerSendClientReceive
Command: "/home/runner/work/Adaptive-AUTOSAR/Adaptive-AUTOSAR/build/_deps/async-bsd-socket-lib-build/async_bsd_socket_lib_test" "--gtest_filter=TcpCommunicationTest.ServerSendClientReceive" "--gtest_also_run_disabled_tests"
Directory: /home/runner/work/Adaptive-AUTOSAR/Adaptive-AUTOSAR/build/_deps/async-bsd-socket-lib-build
"TcpCommunicationTest.ServerSendClientReceive" start time: Dec 23 17:22 UTC
Output:
----------------------------------------------------------
Running main() from /home/runner/work/Adaptive-AUTOSAR/Adaptive-AUTOSAR/build/_deps/googletest-src/googletest/src/gtest_main.cc
Note: Google Test filter = TcpCommunicationTest.ServerSendClientReceive
[==========] Running 1 test from 1 test suite.
[----------] Global test environment set-up.
[----------] 1 test from TcpCommunicationTest
[ RUN      ] TcpCommunicationTest.ServerSendClientReceive
[       OK ] TcpCommunicationTest.ServerSendClientReceive (0 ms)
[----------] 1 test from TcpCommunicationTest (0 ms total)

[----------] Global test environment tear-down
[==========] 1 test from 1 test suite ran. (0 ms total)
[  PASSED  ] 1 test.
<end of output>
Test time =   0.00 sec
----------------------------------------------------------
Test Passed.
"TcpCommunicationTest.ServerSendClientReceive" end time: Dec 23 17:22 UTC
"TcpCommunicationTest.ServerSendClientReceive" time elapsed: 00:00:00
----------------------------------------------------------

133/139 Testing: TcpCommunicationTest.ClientSendServerReceive
133/139 Test: TcpCommunicationTest.ClientSendServerReceive
Command: "/home/runner/work/Adaptive-AUTOSAR/Adaptive-AUTOSAR/build/_deps/async-bsd-socket-lib-build/async_bsd_socket_lib_test" "--gtest_filter=TcpCommunicationTest.ClientSendServerReceive" "--gtest_also_run_disabled_tests"
Directory: /home/runner/work/Adaptive-AUTOSAR/Adaptive-AUTOSAR/build/_deps/async-bsd-socket-lib-build
"TcpCommunicationTest.ClientSendServerReceive" start time: Dec 23 17:22 UTC
Output:
----------------------------------------------------------
Running main() from /home/runner/work/Adaptive-AUTOSAR/Adaptive-AUTOSAR/build/_deps/googletest-src/googletest/src/gtest_main.cc
Note: Google Test filter = TcpCommunicationTest.ClientSendServerReceive
[==========] Running 1 test from 1 test suite.
[----------] Global test environment set-up.
[----------] 1 test from TcpCommunicationTest
[ RUN      ] TcpCommunicationTest.ClientSendServerReceive
[       OK ] TcpCommunicationTest.ClientSendServerReceive (0 ms)
[----------] 1 test from TcpCommunicationTest (0 ms total)

[----------] Global test environment tear-down
[==========] 1 test from 1 test suite ran. (0 ms total)
[  PASSED  ] 1 test.
<end of output>
Test time =   0.00 sec
----------------------------------------------------------
Test Passed.
"TcpCommunicationTest.ClientSendServerReceive" end time: Dec 23 17:22 UTC
"TcpCommunicationTest.ClientSendServerReceive" time elapsed: 00:00:00
----------------------------------------------------------

134/139 Testing: UdpUnicastTest.CheckSetup
134/139 Test: UdpUnicastTest.CheckSetup
Command: "/home/runner/work/Adaptive-AUTOSAR/Adaptive-AUTOSAR/build/_deps/async-bsd-socket-lib-build/async_bsd_socket_lib_test" "--gtest_filter=UdpUnicastTest.CheckSetup" "--gtest_also_run_disabled_tests"
Directory: /home/runner/work/Adaptive-AUTOSAR/Adaptive-AUTOSAR/build/_deps/async-bsd-socket-lib-build
"UdpUnicastTest.CheckSetup" start time: Dec 23 17:22 UTC
Output:
----------------------------------------------------------
Running main() from /home/runner/work/Adaptive-AUTOSAR/Adaptive-AUTOSAR/build/_deps/googletest-src/googletest/src/gtest_main.cc
Note: Google Test filter = UdpUnicastTest.CheckSetup
[==========] Running 1 test from 1 test suite.
[----------] Global test environment set-up.
[----------] 1 test from UdpUnicastTest
[ RUN      ] UdpUnicastTest.CheckSetup
[       OK ] UdpUnicastTest.CheckSetup (0 ms)
[----------] 1 test from UdpUnicastTest (0 ms total)

[----------] Global test environment tear-down
[==========] 1 test from 1 test suite ran. (0 ms total)
[  PASSED  ] 1 test.
<end of output>
Test time =   0.00 sec
----------------------------------------------------------
Test Passed.
"UdpUnicastTest.CheckSetup" end time: Dec 23 17:22 UTC
"UdpUnicastTest.CheckSetup" time elapsed: 00:00:00
----------------------------------------------------------

135/139 Testing: UdpUnicastTest.Echo
135/139 Test: UdpUnicastTest.Echo
Command: "/home/runner/work/Adaptive-AUTOSAR/Adaptive-AUTOSAR/build/_deps/async-bsd-socket-lib-build/async_bsd_socket_lib_test" "--gtest_filter=UdpUnicastTest.Echo" "--gtest_also_run_disabled_tests"
Directory: /home/runner/work/Adaptive-AUTOSAR/Adaptive-AUTOSAR/build/_deps/async-bsd-socket-lib-build
"UdpUnicastTest.Echo" start time: Dec 23 17:22 UTC
Output:
----------------------------------------------------------
Running main() from /home/runner/work/Adaptive-AUTOSAR/Adaptive-AUTOSAR/build/_deps/googletest-src/googletest/src/gtest_main.cc
Note: Google Test filter = UdpUnicastTest.Echo
[==========] Running 1 test from 1 test suite.
[----------] Global test environment set-up.
[----------] 1 test from UdpUnicastTest
[ RUN      ] UdpUnicastTest.Echo
[       OK ] UdpUnicastTest.Echo (0 ms)
[----------] 1 test from UdpUnicastTest (0 ms total)

[----------] Global test environment tear-down
[==========] 1 test from 1 test suite ran. (0 ms total)
[  PASSED  ] 1 test.
<end of output>
Test time =   0.00 sec
----------------------------------------------------------
Test Passed.
"UdpUnicastTest.Echo" end time: Dec 23 17:22 UTC
"UdpUnicastTest.Echo" time elapsed: 00:00:00
----------------------------------------------------------

136/139 Testing: UdpMulticastTest.SetupCheck
136/139 Test: UdpMulticastTest.SetupCheck
Command: "/home/runner/work/Adaptive-AUTOSAR/Adaptive-AUTOSAR/build/_deps/async-bsd-socket-lib-build/async_bsd_socket_lib_test" "--gtest_filter=UdpMulticastTest.SetupCheck" "--gtest_also_run_disabled_tests"
Directory: /home/runner/work/Adaptive-AUTOSAR/Adaptive-AUTOSAR/build/_deps/async-bsd-socket-lib-build
"UdpMulticastTest.SetupCheck" start time: Dec 23 17:22 UTC
Output:
----------------------------------------------------------
Running main() from /home/runner/work/Adaptive-AUTOSAR/Adaptive-AUTOSAR/build/_deps/googletest-src/googletest/src/gtest_main.cc
Note: Google Test filter = UdpMulticastTest.SetupCheck
[==========] Running 1 test from 1 test suite.
[----------] Global test environment set-up.
[----------] 1 test from UdpMulticastTest
[ RUN      ] UdpMulticastTest.SetupCheck
[       OK ] UdpMulticastTest.SetupCheck (0 ms)
[----------] 1 test from UdpMulticastTest (0 ms total)

[----------] Global test environment tear-down
[==========] 1 test from 1 test suite ran. (0 ms total)
[  PASSED  ] 1 test.
<end of output>
Test time =   0.00 sec
----------------------------------------------------------
Test Passed.
"UdpMulticastTest.SetupCheck" end time: Dec 23 17:22 UTC
"UdpMulticastTest.SetupCheck" time elapsed: 00:00:00
----------------------------------------------------------

137/139 Testing: UdpMulticastTest.AliceBobTalk
137/139 Test: UdpMulticastTest.AliceBobTalk
Command: "/home/runner/work/Adaptive-AUTOSAR/Adaptive-AUTOSAR/build/_deps/async-bsd-socket-lib-build/async_bsd_socket_lib_test" "--gtest_filter=UdpMulticastTest.AliceBobTalk" "--gtest_also_run_disabled_tests"
Directory: /home/runner/work/Adaptive-AUTOSAR/Adaptive-AUTOSAR/build/_deps/async-bsd-socket-lib-build
"UdpMulticastTest.AliceBobTalk" start time: Dec 23 17:22 UTC
Output:
----------------------------------------------------------
Running main() from /home/runner/work/Adaptive-AUTOSAR/Adaptive-AUTOSAR/build/_deps/googletest-src/googletest/src/gtest_main.cc
Note: Google Test filter = UdpMulticastTest.AliceBobTalk
[==========] Running 1 test from 1 test suite.
[----------] Global test environment set-up.
[----------] 1 test from UdpMulticastTest
[ RUN      ] UdpMulticastTest.AliceBobTalk
[       OK ] UdpMulticastTest.AliceBobTalk (0 ms)
[----------] 1 test from UdpMulticastTest (0 ms total)

[----------] Global test environment tear-down
[==========] 1 test from 1 test suite ran. (0 ms total)
[  PASSED  ] 1 test.
<end of output>
Test time =   0.00 sec
----------------------------------------------------------
Test Passed.
"UdpMulticastTest.AliceBobTalk" end time: Dec 23 17:22 UTC
"UdpMulticastTest.AliceBobTalk" time elapsed: 00:00:00
----------------------------------------------------------

138/139 Testing: UdpMulticastTest.AliceBobEveTalk
138/139 Test: UdpMulticastTest.AliceBobEveTalk
Command: "/home/runner/work/Adaptive-AUTOSAR/Adaptive-AUTOSAR/build/_deps/async-bsd-socket-lib-build/async_bsd_socket_lib_test" "--gtest_filter=UdpMulticastTest.AliceBobEveTalk" "--gtest_also_run_disabled_tests"
Directory: /home/runner/work/Adaptive-AUTOSAR/Adaptive-AUTOSAR/build/_deps/async-bsd-socket-lib-build
"UdpMulticastTest.AliceBobEveTalk" start time: Dec 23 17:22 UTC
Output:
----------------------------------------------------------
Running main() from /home/runner/work/Adaptive-AUTOSAR/Adaptive-AUTOSAR/build/_deps/googletest-src/googletest/src/gtest_main.cc
Note: Google Test filter = UdpMulticastTest.AliceBobEveTalk
[==========] Running 1 test from 1 test suite.
[----------] Global test environment set-up.
[----------] 1 test from UdpMulticastTest
[ RUN      ] UdpMulticastTest.AliceBobEveTalk
[       OK ] UdpMulticastTest.AliceBobEveTalk (0 ms)
[----------] 1 test from UdpMulticastTest (0 ms total)

[----------] Global test environment tear-down
[==========] 1 test from 1 test suite ran. (0 ms total)
[  PASSED  ] 1 test.
<end of output>
Test time =   0.00 sec
----------------------------------------------------------
Test Passed.
"UdpMulticastTest.AliceBobEveTalk" end time: Dec 23 17:22 UTC
"UdpMulticastTest.AliceBobEveTalk" time elapsed: 00:00:00
----------------------------------------------------------

139/139 Testing: PollerTest.ServerClientPoll
139/139 Test: PollerTest.ServerClientPoll
Command: "/home/runner/work/Adaptive-AUTOSAR/Adaptive-AUTOSAR/build/_deps/async-bsd-socket-lib-build/async_bsd_socket_lib_test" "--gtest_filter=PollerTest.ServerClientPoll" "--gtest_also_run_disabled_tests"
Directory: /home/runner/work/Adaptive-AUTOSAR/Adaptive-AUTOSAR/build/_deps/async-bsd-socket-lib-build
"PollerTest.ServerClientPoll" start time: Dec 23 17:22 UTC
Output:
----------------------------------------------------------
Running main() from /home/runner/work/Adaptive-AUTOSAR/Adaptive-AUTOSAR/build/_deps/googletest-src/googletest/src/gtest_main.cc
Note: Google Test filter = PollerTest.ServerClientPoll
[==========] Running 1 test from 1 test suite.
[----------] Global test environment set-up.
[----------] 1 test from PollerTest
[ RUN      ] PollerTest.ServerClientPoll
[       OK ] PollerTest.ServerClientPoll (0 ms)
[----------] 1 test from PollerTest (0 ms total)

[----------] Global test environment tear-down
[==========] 1 test from 1 test suite ran. (0 ms total)
[  PASSED  ] 1 test.
<end of output>
Test time =   0.00 sec
----------------------------------------------------------
Test Passed.
"PollerTest.ServerClientPoll" end time: Dec 23 17:22 UTC
"PollerTest.ServerClientPoll" time elapsed: 00:00:00
----------------------------------------------------------

End testing: Dec 23 17:22 UTC
