Start testing: May 16 18:19 UTC
----------------------------------------------------------
1/452 Testing: ArxmlNodeTest.GetShortNameMethod
1/452 Test: ArxmlNodeTest.GetShortNameMethod
Command: "/home/runner/work/Adaptive-AUTOSAR/Adaptive-AUTOSAR/build/bin/arxml_unit_test" "--gtest_filter=ArxmlNodeTest.GetShortNameMethod" "--gtest_also_run_disabled_tests"
Directory: /home/runner/work/Adaptive-AUTOSAR/Adaptive-AUTOSAR/build
"ArxmlNodeTest.GetShortNameMethod" start time: May 16 18:19 UTC
Output:
----------------------------------------------------------
Running main() from /home/runner/work/Adaptive-AUTOSAR/Adaptive-AUTOSAR/build/_deps/googletest-src/googletest/src/gtest_main.cc
Note: Google Test filter = ArxmlNodeTest.GetShortNameMethod
[==========] Running 1 test from 1 test suite.
[----------] Global test environment set-up.
[----------] 1 test from ArxmlNodeTest
[ RUN      ] ArxmlNodeTest.GetShortNameMethod
[       OK ] ArxmlNodeTest.GetShortNameMethod (0 ms)
[----------] 1 test from ArxmlNodeTest (0 ms total)

[----------] Global test environment tear-down
[==========] 1 test from 1 test suite ran. (0 ms total)
[  PASSED  ] 1 test.
<end of output>
Test time =   0.00 sec
----------------------------------------------------------
Test Passed.
"ArxmlNodeTest.GetShortNameMethod" end time: May 16 18:19 UTC
"ArxmlNodeTest.GetShortNameMethod" time elapsed: 00:00:00
----------------------------------------------------------

2/452 Testing: ArxmlNodeTest.GetByteValueMethod
2/452 Test: ArxmlNodeTest.GetByteValueMethod
Command: "/home/runner/work/Adaptive-AUTOSAR/Adaptive-AUTOSAR/build/bin/arxml_unit_test" "--gtest_filter=ArxmlNodeTest.GetByteValueMethod" "--gtest_also_run_disabled_tests"
Directory: /home/runner/work/Adaptive-AUTOSAR/Adaptive-AUTOSAR/build
"ArxmlNodeTest.GetByteValueMethod" start time: May 16 18:19 UTC
Output:
----------------------------------------------------------
Running main() from /home/runner/work/Adaptive-AUTOSAR/Adaptive-AUTOSAR/build/_deps/googletest-src/googletest/src/gtest_main.cc
Note: Google Test filter = ArxmlNodeTest.GetByteValueMethod
[==========] Running 1 test from 1 test suite.
[----------] Global test environment set-up.
[----------] 1 test from ArxmlNodeTest
[ RUN      ] ArxmlNodeTest.GetByteValueMethod
[       OK ] ArxmlNodeTest.GetByteValueMethod (0 ms)
[----------] 1 test from ArxmlNodeTest (0 ms total)

[----------] Global test environment tear-down
[==========] 1 test from 1 test suite ran. (0 ms total)
[  PASSED  ] 1 test.
<end of output>
Test time =   0.00 sec
----------------------------------------------------------
Test Passed.
"ArxmlNodeTest.GetByteValueMethod" end time: May 16 18:19 UTC
"ArxmlNodeTest.GetByteValueMethod" time elapsed: 00:00:00
----------------------------------------------------------

3/452 Testing: ArxmlNodeTest.GetStringValueMethod
3/452 Test: ArxmlNodeTest.GetStringValueMethod
Command: "/home/runner/work/Adaptive-AUTOSAR/Adaptive-AUTOSAR/build/bin/arxml_unit_test" "--gtest_filter=ArxmlNodeTest.GetStringValueMethod" "--gtest_also_run_disabled_tests"
Directory: /home/runner/work/Adaptive-AUTOSAR/Adaptive-AUTOSAR/build
"ArxmlNodeTest.GetStringValueMethod" start time: May 16 18:19 UTC
Output:
----------------------------------------------------------
Running main() from /home/runner/work/Adaptive-AUTOSAR/Adaptive-AUTOSAR/build/_deps/googletest-src/googletest/src/gtest_main.cc
Note: Google Test filter = ArxmlNodeTest.GetStringValueMethod
[==========] Running 1 test from 1 test suite.
[----------] Global test environment set-up.
[----------] 1 test from ArxmlNodeTest
[ RUN      ] ArxmlNodeTest.GetStringValueMethod
[       OK ] ArxmlNodeTest.GetStringValueMethod (0 ms)
[----------] 1 test from ArxmlNodeTest (0 ms total)

[----------] Global test environment tear-down
[==========] 1 test from 1 test suite ran. (0 ms total)
[  PASSED  ] 1 test.
<end of output>
Test time =   0.00 sec
----------------------------------------------------------
Test Passed.
"ArxmlNodeTest.GetStringValueMethod" end time: May 16 18:19 UTC
"ArxmlNodeTest.GetStringValueMethod" time elapsed: 00:00:00
----------------------------------------------------------

4/452 Testing: ArxmlNodeTest.ValidReferenceNodeTest
4/452 Test: ArxmlNodeTest.ValidReferenceNodeTest
Command: "/home/runner/work/Adaptive-AUTOSAR/Adaptive-AUTOSAR/build/bin/arxml_unit_test" "--gtest_filter=ArxmlNodeTest.ValidReferenceNodeTest" "--gtest_also_run_disabled_tests"
Directory: /home/runner/work/Adaptive-AUTOSAR/Adaptive-AUTOSAR/build
"ArxmlNodeTest.ValidReferenceNodeTest" start time: May 16 18:19 UTC
Output:
----------------------------------------------------------
Running main() from /home/runner/work/Adaptive-AUTOSAR/Adaptive-AUTOSAR/build/_deps/googletest-src/googletest/src/gtest_main.cc
Note: Google Test filter = ArxmlNodeTest.ValidReferenceNodeTest
[==========] Running 1 test from 1 test suite.
[----------] Global test environment set-up.
[----------] 1 test from ArxmlNodeTest
[ RUN      ] ArxmlNodeTest.ValidReferenceNodeTest
[       OK ] ArxmlNodeTest.ValidReferenceNodeTest (0 ms)
[----------] 1 test from ArxmlNodeTest (0 ms total)

[----------] Global test environment tear-down
[==========] 1 test from 1 test suite ran. (0 ms total)
[  PASSED  ] 1 test.
<end of output>
Test time =   0.00 sec
----------------------------------------------------------
Test Passed.
"ArxmlNodeTest.ValidReferenceNodeTest" end time: May 16 18:19 UTC
"ArxmlNodeTest.ValidReferenceNodeTest" time elapsed: 00:00:00
----------------------------------------------------------

5/452 Testing: ArxmlNodeTest.InvalidReferenceNodeTest
5/452 Test: ArxmlNodeTest.InvalidReferenceNodeTest
Command: "/home/runner/work/Adaptive-AUTOSAR/Adaptive-AUTOSAR/build/bin/arxml_unit_test" "--gtest_filter=ArxmlNodeTest.InvalidReferenceNodeTest" "--gtest_also_run_disabled_tests"
Directory: /home/runner/work/Adaptive-AUTOSAR/Adaptive-AUTOSAR/build
"ArxmlNodeTest.InvalidReferenceNodeTest" start time: May 16 18:19 UTC
Output:
----------------------------------------------------------
Running main() from /home/runner/work/Adaptive-AUTOSAR/Adaptive-AUTOSAR/build/_deps/googletest-src/googletest/src/gtest_main.cc
Note: Google Test filter = ArxmlNodeTest.InvalidReferenceNodeTest
[==========] Running 1 test from 1 test suite.
[----------] Global test environment set-up.
[----------] 1 test from ArxmlNodeTest
[ RUN      ] ArxmlNodeTest.InvalidReferenceNodeTest
[       OK ] ArxmlNodeTest.InvalidReferenceNodeTest (0 ms)
[----------] 1 test from ArxmlNodeTest (0 ms total)

[----------] Global test environment tear-down
[==========] 1 test from 1 test suite ran. (0 ms total)
[  PASSED  ] 1 test.
<end of output>
Test time =   0.00 sec
----------------------------------------------------------
Test Passed.
"ArxmlNodeTest.InvalidReferenceNodeTest" end time: May 16 18:19 UTC
"ArxmlNodeTest.InvalidReferenceNodeTest" time elapsed: 00:00:00
----------------------------------------------------------

6/452 Testing: ArxmlNodeTest.GetContentMethod
6/452 Test: ArxmlNodeTest.GetContentMethod
Command: "/home/runner/work/Adaptive-AUTOSAR/Adaptive-AUTOSAR/build/bin/arxml_unit_test" "--gtest_filter=ArxmlNodeTest.GetContentMethod" "--gtest_also_run_disabled_tests"
Directory: /home/runner/work/Adaptive-AUTOSAR/Adaptive-AUTOSAR/build
"ArxmlNodeTest.GetContentMethod" start time: May 16 18:19 UTC
Output:
----------------------------------------------------------
Running main() from /home/runner/work/Adaptive-AUTOSAR/Adaptive-AUTOSAR/build/_deps/googletest-src/googletest/src/gtest_main.cc
Note: Google Test filter = ArxmlNodeTest.GetContentMethod
[==========] Running 1 test from 1 test suite.
[----------] Global test environment set-up.
[----------] 1 test from ArxmlNodeTest
[ RUN      ] ArxmlNodeTest.GetContentMethod
[       OK ] ArxmlNodeTest.GetContentMethod (0 ms)
[----------] 1 test from ArxmlNodeTest (0 ms total)

[----------] Global test environment tear-down
[==========] 1 test from 1 test suite ran. (0 ms total)
[  PASSED  ] 1 test.
<end of output>
Test time =   0.00 sec
----------------------------------------------------------
Test Passed.
"ArxmlNodeTest.GetContentMethod" end time: May 16 18:19 UTC
"ArxmlNodeTest.GetContentMethod" time elapsed: 00:00:00
----------------------------------------------------------

7/452 Testing: ArxmlReaderTest.ValidConstruction
7/452 Test: ArxmlReaderTest.ValidConstruction
Command: "/home/runner/work/Adaptive-AUTOSAR/Adaptive-AUTOSAR/build/bin/arxml_unit_test" "--gtest_filter=ArxmlReaderTest.ValidConstruction" "--gtest_also_run_disabled_tests"
Directory: /home/runner/work/Adaptive-AUTOSAR/Adaptive-AUTOSAR/build
"ArxmlReaderTest.ValidConstruction" start time: May 16 18:19 UTC
Output:
----------------------------------------------------------
Running main() from /home/runner/work/Adaptive-AUTOSAR/Adaptive-AUTOSAR/build/_deps/googletest-src/googletest/src/gtest_main.cc
Note: Google Test filter = ArxmlReaderTest.ValidConstruction
[==========] Running 1 test from 1 test suite.
[----------] Global test environment set-up.
[----------] 1 test from ArxmlReaderTest
[ RUN      ] ArxmlReaderTest.ValidConstruction
[       OK ] ArxmlReaderTest.ValidConstruction (0 ms)
[----------] 1 test from ArxmlReaderTest (0 ms total)

[----------] Global test environment tear-down
[==========] 1 test from 1 test suite ran. (0 ms total)
[  PASSED  ] 1 test.
<end of output>
Test time =   0.00 sec
----------------------------------------------------------
Test Passed.
"ArxmlReaderTest.ValidConstruction" end time: May 16 18:19 UTC
"ArxmlReaderTest.ValidConstruction" time elapsed: 00:00:00
----------------------------------------------------------

8/452 Testing: ArxmlReaderTest.ValidVersionConstruction
8/452 Test: ArxmlReaderTest.ValidVersionConstruction
Command: "/home/runner/work/Adaptive-AUTOSAR/Adaptive-AUTOSAR/build/bin/arxml_unit_test" "--gtest_filter=ArxmlReaderTest.ValidVersionConstruction" "--gtest_also_run_disabled_tests"
Directory: /home/runner/work/Adaptive-AUTOSAR/Adaptive-AUTOSAR/build
"ArxmlReaderTest.ValidVersionConstruction" start time: May 16 18:19 UTC
Output:
----------------------------------------------------------
Running main() from /home/runner/work/Adaptive-AUTOSAR/Adaptive-AUTOSAR/build/_deps/googletest-src/googletest/src/gtest_main.cc
Note: Google Test filter = ArxmlReaderTest.ValidVersionConstruction
[==========] Running 1 test from 1 test suite.
[----------] Global test environment set-up.
[----------] 1 test from ArxmlReaderTest
[ RUN      ] ArxmlReaderTest.ValidVersionConstruction
[       OK ] ArxmlReaderTest.ValidVersionConstruction (0 ms)
[----------] 1 test from ArxmlReaderTest (0 ms total)

[----------] Global test environment tear-down
[==========] 1 test from 1 test suite ran. (0 ms total)
[  PASSED  ] 1 test.
<end of output>
Test time =   0.00 sec
----------------------------------------------------------
Test Passed.
"ArxmlReaderTest.ValidVersionConstruction" end time: May 16 18:19 UTC
"ArxmlReaderTest.ValidVersionConstruction" time elapsed: 00:00:00
----------------------------------------------------------

9/452 Testing: ArxmlReaderTest.InvalidVersionConstruction
9/452 Test: ArxmlReaderTest.InvalidVersionConstruction
Command: "/home/runner/work/Adaptive-AUTOSAR/Adaptive-AUTOSAR/build/bin/arxml_unit_test" "--gtest_filter=ArxmlReaderTest.InvalidVersionConstruction" "--gtest_also_run_disabled_tests"
Directory: /home/runner/work/Adaptive-AUTOSAR/Adaptive-AUTOSAR/build
"ArxmlReaderTest.InvalidVersionConstruction" start time: May 16 18:19 UTC
Output:
----------------------------------------------------------
Running main() from /home/runner/work/Adaptive-AUTOSAR/Adaptive-AUTOSAR/build/_deps/googletest-src/googletest/src/gtest_main.cc
Note: Google Test filter = ArxmlReaderTest.InvalidVersionConstruction
[==========] Running 1 test from 1 test suite.
[----------] Global test environment set-up.
[----------] 1 test from ArxmlReaderTest
[ RUN      ] ArxmlReaderTest.InvalidVersionConstruction
[       OK ] ArxmlReaderTest.InvalidVersionConstruction (0 ms)
[----------] 1 test from ArxmlReaderTest (0 ms total)

[----------] Global test environment tear-down
[==========] 1 test from 1 test suite ran. (0 ms total)
[  PASSED  ] 1 test.
<end of output>
Test time =   0.00 sec
----------------------------------------------------------
Test Passed.
"ArxmlReaderTest.InvalidVersionConstruction" end time: May 16 18:19 UTC
"ArxmlReaderTest.InvalidVersionConstruction" time elapsed: 00:00:00
----------------------------------------------------------

10/452 Testing: ArxmlReaderTest.GetNodesMethod
10/452 Test: ArxmlReaderTest.GetNodesMethod
Command: "/home/runner/work/Adaptive-AUTOSAR/Adaptive-AUTOSAR/build/bin/arxml_unit_test" "--gtest_filter=ArxmlReaderTest.GetNodesMethod" "--gtest_also_run_disabled_tests"
Directory: /home/runner/work/Adaptive-AUTOSAR/Adaptive-AUTOSAR/build
"ArxmlReaderTest.GetNodesMethod" start time: May 16 18:19 UTC
Output:
----------------------------------------------------------
Running main() from /home/runner/work/Adaptive-AUTOSAR/Adaptive-AUTOSAR/build/_deps/googletest-src/googletest/src/gtest_main.cc
Note: Google Test filter = ArxmlReaderTest.GetNodesMethod
[==========] Running 1 test from 1 test suite.
[----------] Global test environment set-up.
[----------] 1 test from ArxmlReaderTest
[ RUN      ] ArxmlReaderTest.GetNodesMethod
[       OK ] ArxmlReaderTest.GetNodesMethod (0 ms)
[----------] 1 test from ArxmlReaderTest (0 ms total)

[----------] Global test environment tear-down
[==========] 1 test from 1 test suite ran. (0 ms total)
[  PASSED  ] 1 test.
<end of output>
Test time =   0.00 sec
----------------------------------------------------------
Test Passed.
"ArxmlReaderTest.GetNodesMethod" end time: May 16 18:19 UTC
"ArxmlReaderTest.GetNodesMethod" time elapsed: 00:00:00
----------------------------------------------------------

11/452 Testing: LogArgumentTest.ToStringAssertions
11/452 Test: LogArgumentTest.ToStringAssertions
Command: "/home/runner/work/Adaptive-AUTOSAR/Adaptive-AUTOSAR/build/bin/ara_unit_test" "--gtest_filter=LogArgumentTest.ToStringAssertions" "--gtest_also_run_disabled_tests"
Directory: /home/runner/work/Adaptive-AUTOSAR/Adaptive-AUTOSAR/build
"LogArgumentTest.ToStringAssertions" start time: May 16 18:19 UTC
Output:
----------------------------------------------------------
Running main() from /home/runner/work/Adaptive-AUTOSAR/Adaptive-AUTOSAR/build/_deps/googletest-src/googletest/src/gtest_main.cc
Note: Google Test filter = LogArgumentTest.ToStringAssertions
[==========] Running 1 test from 1 test suite.
[----------] Global test environment set-up.
[----------] 1 test from LogArgumentTest
[ RUN      ] LogArgumentTest.ToStringAssertions
[       OK ] LogArgumentTest.ToStringAssertions (0 ms)
[----------] 1 test from LogArgumentTest (0 ms total)

[----------] Global test environment tear-down
[==========] 1 test from 1 test suite ran. (0 ms total)
[  PASSED  ] 1 test.
<end of output>
Test time =   0.01 sec
----------------------------------------------------------
Test Passed.
"LogArgumentTest.ToStringAssertions" end time: May 16 18:19 UTC
"LogArgumentTest.ToStringAssertions" time elapsed: 00:00:00
----------------------------------------------------------

12/452 Testing: LogStreamTest.FlushMethod
12/452 Test: LogStreamTest.FlushMethod
Command: "/home/runner/work/Adaptive-AUTOSAR/Adaptive-AUTOSAR/build/bin/ara_unit_test" "--gtest_filter=LogStreamTest.FlushMethod" "--gtest_also_run_disabled_tests"
Directory: /home/runner/work/Adaptive-AUTOSAR/Adaptive-AUTOSAR/build
"LogStreamTest.FlushMethod" start time: May 16 18:19 UTC
Output:
----------------------------------------------------------
Running main() from /home/runner/work/Adaptive-AUTOSAR/Adaptive-AUTOSAR/build/_deps/googletest-src/googletest/src/gtest_main.cc
Note: Google Test filter = LogStreamTest.FlushMethod
[==========] Running 1 test from 1 test suite.
[----------] Global test environment set-up.
[----------] 1 test from LogStreamTest
[ RUN      ] LogStreamTest.FlushMethod
[       OK ] LogStreamTest.FlushMethod (0 ms)
[----------] 1 test from LogStreamTest (0 ms total)

[----------] Global test environment tear-down
[==========] 1 test from 1 test suite ran. (0 ms total)
[  PASSED  ] 1 test.
<end of output>
Test time =   0.01 sec
----------------------------------------------------------
Test Passed.
"LogStreamTest.FlushMethod" end time: May 16 18:19 UTC
"LogStreamTest.FlushMethod" time elapsed: 00:00:00
----------------------------------------------------------

13/452 Testing: LogStreamTest.ByteInsertionOperator
13/452 Test: LogStreamTest.ByteInsertionOperator
Command: "/home/runner/work/Adaptive-AUTOSAR/Adaptive-AUTOSAR/build/bin/ara_unit_test" "--gtest_filter=LogStreamTest.ByteInsertionOperator" "--gtest_also_run_disabled_tests"
Directory: /home/runner/work/Adaptive-AUTOSAR/Adaptive-AUTOSAR/build
"LogStreamTest.ByteInsertionOperator" start time: May 16 18:19 UTC
Output:
----------------------------------------------------------
Running main() from /home/runner/work/Adaptive-AUTOSAR/Adaptive-AUTOSAR/build/_deps/googletest-src/googletest/src/gtest_main.cc
Note: Google Test filter = LogStreamTest.ByteInsertionOperator
[==========] Running 1 test from 1 test suite.
[----------] Global test environment set-up.
[----------] 1 test from LogStreamTest
[ RUN      ] LogStreamTest.ByteInsertionOperator
[       OK ] LogStreamTest.ByteInsertionOperator (0 ms)
[----------] 1 test from LogStreamTest (0 ms total)

[----------] Global test environment tear-down
[==========] 1 test from 1 test suite ran. (0 ms total)
[  PASSED  ] 1 test.
<end of output>
Test time =   0.01 sec
----------------------------------------------------------
Test Passed.
"LogStreamTest.ByteInsertionOperator" end time: May 16 18:19 UTC
"LogStreamTest.ByteInsertionOperator" time elapsed: 00:00:00
----------------------------------------------------------

14/452 Testing: LogStreamTest.ByteVectorInsertionOperator
14/452 Test: LogStreamTest.ByteVectorInsertionOperator
Command: "/home/runner/work/Adaptive-AUTOSAR/Adaptive-AUTOSAR/build/bin/ara_unit_test" "--gtest_filter=LogStreamTest.ByteVectorInsertionOperator" "--gtest_also_run_disabled_tests"
Directory: /home/runner/work/Adaptive-AUTOSAR/Adaptive-AUTOSAR/build
"LogStreamTest.ByteVectorInsertionOperator" start time: May 16 18:19 UTC
Output:
----------------------------------------------------------
Running main() from /home/runner/work/Adaptive-AUTOSAR/Adaptive-AUTOSAR/build/_deps/googletest-src/googletest/src/gtest_main.cc
Note: Google Test filter = LogStreamTest.ByteVectorInsertionOperator
[==========] Running 1 test from 1 test suite.
[----------] Global test environment set-up.
[----------] 1 test from LogStreamTest
[ RUN      ] LogStreamTest.ByteVectorInsertionOperator
[       OK ] LogStreamTest.ByteVectorInsertionOperator (0 ms)
[----------] 1 test from LogStreamTest (0 ms total)

[----------] Global test environment tear-down
[==========] 1 test from 1 test suite ran. (0 ms total)
[  PASSED  ] 1 test.
<end of output>
Test time =   0.01 sec
----------------------------------------------------------
Test Passed.
"LogStreamTest.ByteVectorInsertionOperator" end time: May 16 18:19 UTC
"LogStreamTest.ByteVectorInsertionOperator" time elapsed: 00:00:00
----------------------------------------------------------

15/452 Testing: LoggerTest.LogLevelOff
15/452 Test: LoggerTest.LogLevelOff
Command: "/home/runner/work/Adaptive-AUTOSAR/Adaptive-AUTOSAR/build/bin/ara_unit_test" "--gtest_filter=LoggerTest.LogLevelOff" "--gtest_also_run_disabled_tests"
Directory: /home/runner/work/Adaptive-AUTOSAR/Adaptive-AUTOSAR/build
"LoggerTest.LogLevelOff" start time: May 16 18:19 UTC
Output:
----------------------------------------------------------
Running main() from /home/runner/work/Adaptive-AUTOSAR/Adaptive-AUTOSAR/build/_deps/googletest-src/googletest/src/gtest_main.cc
Note: Google Test filter = LoggerTest.LogLevelOff
[==========] Running 1 test from 1 test suite.
[----------] Global test environment set-up.
[----------] 1 test from LoggerTest
[ RUN      ] LoggerTest.LogLevelOff
[       OK ] LoggerTest.LogLevelOff (0 ms)
[----------] 1 test from LoggerTest (0 ms total)

[----------] Global test environment tear-down
[==========] 1 test from 1 test suite ran. (0 ms total)
[  PASSED  ] 1 test.
<end of output>
Test time =   0.01 sec
----------------------------------------------------------
Test Passed.
"LoggerTest.LogLevelOff" end time: May 16 18:19 UTC
"LoggerTest.LogLevelOff" time elapsed: 00:00:00
----------------------------------------------------------

16/452 Testing: LoggerTest.LogLevelVerbose
16/452 Test: LoggerTest.LogLevelVerbose
Command: "/home/runner/work/Adaptive-AUTOSAR/Adaptive-AUTOSAR/build/bin/ara_unit_test" "--gtest_filter=LoggerTest.LogLevelVerbose" "--gtest_also_run_disabled_tests"
Directory: /home/runner/work/Adaptive-AUTOSAR/Adaptive-AUTOSAR/build
"LoggerTest.LogLevelVerbose" start time: May 16 18:19 UTC
Output:
----------------------------------------------------------
Running main() from /home/runner/work/Adaptive-AUTOSAR/Adaptive-AUTOSAR/build/_deps/googletest-src/googletest/src/gtest_main.cc
Note: Google Test filter = LoggerTest.LogLevelVerbose
[==========] Running 1 test from 1 test suite.
[----------] Global test environment set-up.
[----------] 1 test from LoggerTest
[ RUN      ] LoggerTest.LogLevelVerbose
[       OK ] LoggerTest.LogLevelVerbose (0 ms)
[----------] 1 test from LoggerTest (0 ms total)

[----------] Global test environment tear-down
[==========] 1 test from 1 test suite ran. (0 ms total)
[  PASSED  ] 1 test.
<end of output>
Test time =   0.01 sec
----------------------------------------------------------
Test Passed.
"LoggerTest.LogLevelVerbose" end time: May 16 18:19 UTC
"LoggerTest.LogLevelVerbose" time elapsed: 00:00:00
----------------------------------------------------------

17/452 Testing: LoggerTest.WithLevelFunction
17/452 Test: LoggerTest.WithLevelFunction
Command: "/home/runner/work/Adaptive-AUTOSAR/Adaptive-AUTOSAR/build/bin/ara_unit_test" "--gtest_filter=LoggerTest.WithLevelFunction" "--gtest_also_run_disabled_tests"
Directory: /home/runner/work/Adaptive-AUTOSAR/Adaptive-AUTOSAR/build
"LoggerTest.WithLevelFunction" start time: May 16 18:19 UTC
Output:
----------------------------------------------------------
Running main() from /home/runner/work/Adaptive-AUTOSAR/Adaptive-AUTOSAR/build/_deps/googletest-src/googletest/src/gtest_main.cc
Note: Google Test filter = LoggerTest.WithLevelFunction
[==========] Running 1 test from 1 test suite.
[----------] Global test environment set-up.
[----------] 1 test from LoggerTest
[ RUN      ] LoggerTest.WithLevelFunction
[       OK ] LoggerTest.WithLevelFunction (0 ms)
[----------] 1 test from LoggerTest (0 ms total)

[----------] Global test environment tear-down
[==========] 1 test from 1 test suite ran. (0 ms total)
[  PASSED  ] 1 test.
<end of output>
Test time =   0.01 sec
----------------------------------------------------------
Test Passed.
"LoggerTest.WithLevelFunction" end time: May 16 18:19 UTC
"LoggerTest.WithLevelFunction" time elapsed: 00:00:00
----------------------------------------------------------

18/452 Testing: LoggingFrameworkTest.FactoryException
18/452 Test: LoggingFrameworkTest.FactoryException
Command: "/home/runner/work/Adaptive-AUTOSAR/Adaptive-AUTOSAR/build/bin/ara_unit_test" "--gtest_filter=LoggingFrameworkTest.FactoryException" "--gtest_also_run_disabled_tests"
Directory: /home/runner/work/Adaptive-AUTOSAR/Adaptive-AUTOSAR/build
"LoggingFrameworkTest.FactoryException" start time: May 16 18:19 UTC
Output:
----------------------------------------------------------
Running main() from /home/runner/work/Adaptive-AUTOSAR/Adaptive-AUTOSAR/build/_deps/googletest-src/googletest/src/gtest_main.cc
Note: Google Test filter = LoggingFrameworkTest.FactoryException
[==========] Running 1 test from 1 test suite.
[----------] Global test environment set-up.
[----------] 1 test from LoggingFrameworkTest
[ RUN      ] LoggingFrameworkTest.FactoryException
[       OK ] LoggingFrameworkTest.FactoryException (0 ms)
[----------] 1 test from LoggingFrameworkTest (0 ms total)

[----------] Global test environment tear-down
[==========] 1 test from 1 test suite ran. (0 ms total)
[  PASSED  ] 1 test.
<end of output>
Test time =   0.01 sec
----------------------------------------------------------
Test Passed.
"LoggingFrameworkTest.FactoryException" end time: May 16 18:19 UTC
"LoggingFrameworkTest.FactoryException" time elapsed: 00:00:00
----------------------------------------------------------

19/452 Testing: LoggingFrameworkTest.LogMethod
19/452 Test: LoggingFrameworkTest.LogMethod
Command: "/home/runner/work/Adaptive-AUTOSAR/Adaptive-AUTOSAR/build/bin/ara_unit_test" "--gtest_filter=LoggingFrameworkTest.LogMethod" "--gtest_also_run_disabled_tests"
Directory: /home/runner/work/Adaptive-AUTOSAR/Adaptive-AUTOSAR/build
"LoggingFrameworkTest.LogMethod" start time: May 16 18:19 UTC
Output:
----------------------------------------------------------
Running main() from /home/runner/work/Adaptive-AUTOSAR/Adaptive-AUTOSAR/build/_deps/googletest-src/googletest/src/gtest_main.cc
Note: Google Test filter = LoggingFrameworkTest.LogMethod
[==========] Running 1 test from 1 test suite.
[----------] Global test environment set-up.
[----------] 1 test from LoggingFrameworkTest
[ RUN      ] LoggingFrameworkTest.LogMethod
Tue May 16 18:19:30 2023
 APP01 Context ID:CTX01;Context Description:Default Test Context;Log Level:Warning;
[       OK ] LoggingFrameworkTest.LogMethod (0 ms)
[----------] 1 test from LoggingFrameworkTest (0 ms total)

[----------] Global test environment tear-down
[==========] 1 test from 1 test suite ran. (0 ms total)
[  PASSED  ] 1 test.
<end of output>
Test time =   0.01 sec
----------------------------------------------------------
Test Passed.
"LoggingFrameworkTest.LogMethod" end time: May 16 18:19 UTC
"LoggingFrameworkTest.LogMethod" time elapsed: 00:00:00
----------------------------------------------------------

20/452 Testing: SMTriggerInTest.TriggerWrite
20/452 Test: SMTriggerInTest.TriggerWrite
Command: "/home/runner/work/Adaptive-AUTOSAR/Adaptive-AUTOSAR/build/bin/ara_unit_test" "--gtest_filter=SMTriggerInTest.TriggerWrite" "--gtest_also_run_disabled_tests"
Directory: /home/runner/work/Adaptive-AUTOSAR/Adaptive-AUTOSAR/build
"SMTriggerInTest.TriggerWrite" start time: May 16 18:19 UTC
Output:
----------------------------------------------------------
Running main() from /home/runner/work/Adaptive-AUTOSAR/Adaptive-AUTOSAR/build/_deps/googletest-src/googletest/src/gtest_main.cc
Note: Google Test filter = SMTriggerInTest.TriggerWrite
[==========] Running 1 test from 1 test suite.
[----------] Global test environment set-up.
[----------] 1 test from SMTriggerInTest
[ RUN      ] SMTriggerInTest.TriggerWrite
State changed.
[       OK ] SMTriggerInTest.TriggerWrite (0 ms)
[----------] 1 test from SMTriggerInTest (0 ms total)

[----------] Global test environment tear-down
[==========] 1 test from 1 test suite ran. (0 ms total)
[  PASSED  ] 1 test.
<end of output>
Test time =   0.01 sec
----------------------------------------------------------
Test Passed.
"SMTriggerInTest.TriggerWrite" end time: May 16 18:19 UTC
"SMTriggerInTest.TriggerWrite" time elapsed: 00:00:00
----------------------------------------------------------

21/452 Testing: SMTriggerOutTest.NotifierSubscribeAndNotify
21/452 Test: SMTriggerOutTest.NotifierSubscribeAndNotify
Command: "/home/runner/work/Adaptive-AUTOSAR/Adaptive-AUTOSAR/build/bin/ara_unit_test" "--gtest_filter=SMTriggerOutTest.NotifierSubscribeAndNotify" "--gtest_also_run_disabled_tests"
Directory: /home/runner/work/Adaptive-AUTOSAR/Adaptive-AUTOSAR/build
"SMTriggerOutTest.NotifierSubscribeAndNotify" start time: May 16 18:19 UTC
Output:
----------------------------------------------------------
Running main() from /home/runner/work/Adaptive-AUTOSAR/Adaptive-AUTOSAR/build/_deps/googletest-src/googletest/src/gtest_main.cc
Note: Google Test filter = SMTriggerOutTest.NotifierSubscribeAndNotify
[==========] Running 1 test from 1 test suite.
[----------] Global test environment set-up.
[----------] 1 test from SMTriggerOutTest
[ RUN      ] SMTriggerOutTest.NotifierSubscribeAndNotify
Notification received.
[       OK ] SMTriggerOutTest.NotifierSubscribeAndNotify (0 ms)
[----------] 1 test from SMTriggerOutTest (0 ms total)

[----------] Global test environment tear-down
[==========] 1 test from 1 test suite ran. (0 ms total)
[  PASSED  ] 1 test.
<end of output>
Test time =   0.01 sec
----------------------------------------------------------
Test Passed.
"SMTriggerOutTest.NotifierSubscribeAndNotify" end time: May 16 18:19 UTC
"SMTriggerOutTest.NotifierSubscribeAndNotify" time elapsed: 00:00:00
----------------------------------------------------------

22/452 Testing: TriggerInOutTest.TriggerChain
22/452 Test: TriggerInOutTest.TriggerChain
Command: "/home/runner/work/Adaptive-AUTOSAR/Adaptive-AUTOSAR/build/bin/ara_unit_test" "--gtest_filter=TriggerInOutTest.TriggerChain" "--gtest_also_run_disabled_tests"
Directory: /home/runner/work/Adaptive-AUTOSAR/Adaptive-AUTOSAR/build
"TriggerInOutTest.TriggerChain" start time: May 16 18:19 UTC
Output:
----------------------------------------------------------
Running main() from /home/runner/work/Adaptive-AUTOSAR/Adaptive-AUTOSAR/build/_deps/googletest-src/googletest/src/gtest_main.cc
Note: Google Test filter = TriggerInOutTest.TriggerChain
[==========] Running 1 test from 1 test suite.
[----------] Global test environment set-up.
[----------] 1 test from TriggerInOutTest
[ RUN      ] TriggerInOutTest.TriggerChain
[       OK ] TriggerInOutTest.TriggerChain (0 ms)
[----------] 1 test from TriggerInOutTest (0 ms total)

[----------] Global test environment tear-down
[==========] 1 test from 1 test suite ran. (0 ms total)
[  PASSED  ] 1 test.
<end of output>
Test time =   0.01 sec
----------------------------------------------------------
Test Passed.
"TriggerInOutTest.TriggerChain" end time: May 16 18:19 UTC
"TriggerInOutTest.TriggerChain" time elapsed: 00:00:00
----------------------------------------------------------

23/452 Testing: PowerModeTest.RequestResponseChain
23/452 Test: PowerModeTest.RequestResponseChain
Command: "/home/runner/work/Adaptive-AUTOSAR/Adaptive-AUTOSAR/build/bin/ara_unit_test" "--gtest_filter=PowerModeTest.RequestResponseChain" "--gtest_also_run_disabled_tests"
Directory: /home/runner/work/Adaptive-AUTOSAR/Adaptive-AUTOSAR/build
"PowerModeTest.RequestResponseChain" start time: May 16 18:19 UTC
Output:
----------------------------------------------------------
Running main() from /home/runner/work/Adaptive-AUTOSAR/Adaptive-AUTOSAR/build/_deps/googletest-src/googletest/src/gtest_main.cc
Note: Google Test filter = PowerModeTest.RequestResponseChain
[==========] Running 1 test from 1 test suite.
[----------] Global test environment set-up.
[----------] 1 test from PowerModeTest
[ RUN      ] PowerModeTest.RequestResponseChain
[       OK ] PowerModeTest.RequestResponseChain (0 ms)
[----------] 1 test from PowerModeTest (0 ms total)

[----------] Global test environment tear-down
[==========] 1 test from 1 test suite ran. (0 ms total)
[  PASSED  ] 1 test.
<end of output>
Test time =   0.01 sec
----------------------------------------------------------
Test Passed.
"PowerModeTest.RequestResponseChain" end time: May 16 18:19 UTC
"PowerModeTest.RequestResponseChain" time elapsed: 00:00:00
----------------------------------------------------------

24/452 Testing: EventgroupEntryTest.SubscribeEventFactory
24/452 Test: EventgroupEntryTest.SubscribeEventFactory
Command: "/home/runner/work/Adaptive-AUTOSAR/Adaptive-AUTOSAR/build/bin/ara_unit_test" "--gtest_filter=EventgroupEntryTest.SubscribeEventFactory" "--gtest_also_run_disabled_tests"
Directory: /home/runner/work/Adaptive-AUTOSAR/Adaptive-AUTOSAR/build
"EventgroupEntryTest.SubscribeEventFactory" start time: May 16 18:19 UTC
Output:
----------------------------------------------------------
Running main() from /home/runner/work/Adaptive-AUTOSAR/Adaptive-AUTOSAR/build/_deps/googletest-src/googletest/src/gtest_main.cc
Note: Google Test filter = EventgroupEntryTest.SubscribeEventFactory
[==========] Running 1 test from 1 test suite.
[----------] Global test environment set-up.
[----------] 1 test from EventgroupEntryTest
[ RUN      ] EventgroupEntryTest.SubscribeEventFactory
[       OK ] EventgroupEntryTest.SubscribeEventFactory (0 ms)
[----------] 1 test from EventgroupEntryTest (0 ms total)

[----------] Global test environment tear-down
[==========] 1 test from 1 test suite ran. (0 ms total)
[  PASSED  ] 1 test.
<end of output>
Test time =   0.01 sec
----------------------------------------------------------
Test Passed.
"EventgroupEntryTest.SubscribeEventFactory" end time: May 16 18:19 UTC
"EventgroupEntryTest.SubscribeEventFactory" time elapsed: 00:00:00
----------------------------------------------------------

25/452 Testing: EventgroupEntryTest.InvalidSubscribeEventFactory
25/452 Test: EventgroupEntryTest.InvalidSubscribeEventFactory
Command: "/home/runner/work/Adaptive-AUTOSAR/Adaptive-AUTOSAR/build/bin/ara_unit_test" "--gtest_filter=EventgroupEntryTest.InvalidSubscribeEventFactory" "--gtest_also_run_disabled_tests"
Directory: /home/runner/work/Adaptive-AUTOSAR/Adaptive-AUTOSAR/build
"EventgroupEntryTest.InvalidSubscribeEventFactory" start time: May 16 18:19 UTC
Output:
----------------------------------------------------------
Running main() from /home/runner/work/Adaptive-AUTOSAR/Adaptive-AUTOSAR/build/_deps/googletest-src/googletest/src/gtest_main.cc
Note: Google Test filter = EventgroupEntryTest.InvalidSubscribeEventFactory
[==========] Running 1 test from 1 test suite.
[----------] Global test environment set-up.
[----------] 1 test from EventgroupEntryTest
[ RUN      ] EventgroupEntryTest.InvalidSubscribeEventFactory
[       OK ] EventgroupEntryTest.InvalidSubscribeEventFactory (0 ms)
[----------] 1 test from EventgroupEntryTest (0 ms total)

[----------] Global test environment tear-down
[==========] 1 test from 1 test suite ran. (0 ms total)
[  PASSED  ] 1 test.
<end of output>
Test time =   0.01 sec
----------------------------------------------------------
Test Passed.
"EventgroupEntryTest.InvalidSubscribeEventFactory" end time: May 16 18:19 UTC
"EventgroupEntryTest.InvalidSubscribeEventFactory" time elapsed: 00:00:00
----------------------------------------------------------

26/452 Testing: EventgroupEntryTest.UbsubscribeEventFactory
26/452 Test: EventgroupEntryTest.UbsubscribeEventFactory
Command: "/home/runner/work/Adaptive-AUTOSAR/Adaptive-AUTOSAR/build/bin/ara_unit_test" "--gtest_filter=EventgroupEntryTest.UbsubscribeEventFactory" "--gtest_also_run_disabled_tests"
Directory: /home/runner/work/Adaptive-AUTOSAR/Adaptive-AUTOSAR/build
"EventgroupEntryTest.UbsubscribeEventFactory" start time: May 16 18:19 UTC
Output:
----------------------------------------------------------
Running main() from /home/runner/work/Adaptive-AUTOSAR/Adaptive-AUTOSAR/build/_deps/googletest-src/googletest/src/gtest_main.cc
Note: Google Test filter = EventgroupEntryTest.UbsubscribeEventFactory
[==========] Running 1 test from 1 test suite.
[----------] Global test environment set-up.
[----------] 1 test from EventgroupEntryTest
[ RUN      ] EventgroupEntryTest.UbsubscribeEventFactory
[       OK ] EventgroupEntryTest.UbsubscribeEventFactory (0 ms)
[----------] 1 test from EventgroupEntryTest (0 ms total)

[----------] Global test environment tear-down
[==========] 1 test from 1 test suite ran. (0 ms total)
[  PASSED  ] 1 test.
<end of output>
Test time =   0.00 sec
----------------------------------------------------------
Test Passed.
"EventgroupEntryTest.UbsubscribeEventFactory" end time: May 16 18:19 UTC
"EventgroupEntryTest.UbsubscribeEventFactory" time elapsed: 00:00:00
----------------------------------------------------------

27/452 Testing: EventgroupEntryTest.AcknowledgeFactory
27/452 Test: EventgroupEntryTest.AcknowledgeFactory
Command: "/home/runner/work/Adaptive-AUTOSAR/Adaptive-AUTOSAR/build/bin/ara_unit_test" "--gtest_filter=EventgroupEntryTest.AcknowledgeFactory" "--gtest_also_run_disabled_tests"
Directory: /home/runner/work/Adaptive-AUTOSAR/Adaptive-AUTOSAR/build
"EventgroupEntryTest.AcknowledgeFactory" start time: May 16 18:19 UTC
Output:
----------------------------------------------------------
Running main() from /home/runner/work/Adaptive-AUTOSAR/Adaptive-AUTOSAR/build/_deps/googletest-src/googletest/src/gtest_main.cc
Note: Google Test filter = EventgroupEntryTest.AcknowledgeFactory
[==========] Running 1 test from 1 test suite.
[----------] Global test environment set-up.
[----------] 1 test from EventgroupEntryTest
[ RUN      ] EventgroupEntryTest.AcknowledgeFactory
[       OK ] EventgroupEntryTest.AcknowledgeFactory (0 ms)
[----------] 1 test from EventgroupEntryTest (0 ms total)

[----------] Global test environment tear-down
[==========] 1 test from 1 test suite ran. (0 ms total)
[  PASSED  ] 1 test.
<end of output>
Test time =   0.01 sec
----------------------------------------------------------
Test Passed.
"EventgroupEntryTest.AcknowledgeFactory" end time: May 16 18:19 UTC
"EventgroupEntryTest.AcknowledgeFactory" time elapsed: 00:00:00
----------------------------------------------------------

28/452 Testing: EventgroupEntryTest.NegativeAcknowledgeFactory
28/452 Test: EventgroupEntryTest.NegativeAcknowledgeFactory
Command: "/home/runner/work/Adaptive-AUTOSAR/Adaptive-AUTOSAR/build/bin/ara_unit_test" "--gtest_filter=EventgroupEntryTest.NegativeAcknowledgeFactory" "--gtest_also_run_disabled_tests"
Directory: /home/runner/work/Adaptive-AUTOSAR/Adaptive-AUTOSAR/build
"EventgroupEntryTest.NegativeAcknowledgeFactory" start time: May 16 18:19 UTC
Output:
----------------------------------------------------------
Running main() from /home/runner/work/Adaptive-AUTOSAR/Adaptive-AUTOSAR/build/_deps/googletest-src/googletest/src/gtest_main.cc
Note: Google Test filter = EventgroupEntryTest.NegativeAcknowledgeFactory
[==========] Running 1 test from 1 test suite.
[----------] Global test environment set-up.
[----------] 1 test from EventgroupEntryTest
[ RUN      ] EventgroupEntryTest.NegativeAcknowledgeFactory
[       OK ] EventgroupEntryTest.NegativeAcknowledgeFactory (0 ms)
[----------] 1 test from EventgroupEntryTest (0 ms total)

[----------] Global test environment tear-down
[==========] 1 test from 1 test suite ran. (0 ms total)
[  PASSED  ] 1 test.
<end of output>
Test time =   0.00 sec
----------------------------------------------------------
Test Passed.
"EventgroupEntryTest.NegativeAcknowledgeFactory" end time: May 16 18:19 UTC
"EventgroupEntryTest.NegativeAcknowledgeFactory" time elapsed: 00:00:00
----------------------------------------------------------

29/452 Testing: EventgroupEntryTest.PayloadMethod
29/452 Test: EventgroupEntryTest.PayloadMethod
Command: "/home/runner/work/Adaptive-AUTOSAR/Adaptive-AUTOSAR/build/bin/ara_unit_test" "--gtest_filter=EventgroupEntryTest.PayloadMethod" "--gtest_also_run_disabled_tests"
Directory: /home/runner/work/Adaptive-AUTOSAR/Adaptive-AUTOSAR/build
"EventgroupEntryTest.PayloadMethod" start time: May 16 18:19 UTC
Output:
----------------------------------------------------------
Running main() from /home/runner/work/Adaptive-AUTOSAR/Adaptive-AUTOSAR/build/_deps/googletest-src/googletest/src/gtest_main.cc
Note: Google Test filter = EventgroupEntryTest.PayloadMethod
[==========] Running 1 test from 1 test suite.
[----------] Global test environment set-up.
[----------] 1 test from EventgroupEntryTest
[ RUN      ] EventgroupEntryTest.PayloadMethod
[       OK ] EventgroupEntryTest.PayloadMethod (0 ms)
[----------] 1 test from EventgroupEntryTest (0 ms total)

[----------] Global test environment tear-down
[==========] 1 test from 1 test suite ran. (0 ms total)
[  PASSED  ] 1 test.
<end of output>
Test time =   0.01 sec
----------------------------------------------------------
Test Passed.
"EventgroupEntryTest.PayloadMethod" end time: May 16 18:19 UTC
"EventgroupEntryTest.PayloadMethod" time elapsed: 00:00:00
----------------------------------------------------------

30/452 Testing: EventgroupEntryTest.AddOption
30/452 Test: EventgroupEntryTest.AddOption
Command: "/home/runner/work/Adaptive-AUTOSAR/Adaptive-AUTOSAR/build/bin/ara_unit_test" "--gtest_filter=EventgroupEntryTest.AddOption" "--gtest_also_run_disabled_tests"
Directory: /home/runner/work/Adaptive-AUTOSAR/Adaptive-AUTOSAR/build
"EventgroupEntryTest.AddOption" start time: May 16 18:19 UTC
Output:
----------------------------------------------------------
Running main() from /home/runner/work/Adaptive-AUTOSAR/Adaptive-AUTOSAR/build/_deps/googletest-src/googletest/src/gtest_main.cc
Note: Google Test filter = EventgroupEntryTest.AddOption
[==========] Running 1 test from 1 test suite.
[----------] Global test environment set-up.
[----------] 1 test from EventgroupEntryTest
[ RUN      ] EventgroupEntryTest.AddOption
[       OK ] EventgroupEntryTest.AddOption (0 ms)
[----------] 1 test from EventgroupEntryTest (0 ms total)

[----------] Global test environment tear-down
[==========] 1 test from 1 test suite ran. (0 ms total)
[  PASSED  ] 1 test.
<end of output>
Test time =   0.01 sec
----------------------------------------------------------
Test Passed.
"EventgroupEntryTest.AddOption" end time: May 16 18:19 UTC
"EventgroupEntryTest.AddOption" time elapsed: 00:00:00
----------------------------------------------------------

31/452 Testing: EventgroupEntryTest.Deserializing
31/452 Test: EventgroupEntryTest.Deserializing
Command: "/home/runner/work/Adaptive-AUTOSAR/Adaptive-AUTOSAR/build/bin/ara_unit_test" "--gtest_filter=EventgroupEntryTest.Deserializing" "--gtest_also_run_disabled_tests"
Directory: /home/runner/work/Adaptive-AUTOSAR/Adaptive-AUTOSAR/build
"EventgroupEntryTest.Deserializing" start time: May 16 18:19 UTC
Output:
----------------------------------------------------------
Running main() from /home/runner/work/Adaptive-AUTOSAR/Adaptive-AUTOSAR/build/_deps/googletest-src/googletest/src/gtest_main.cc
Note: Google Test filter = EventgroupEntryTest.Deserializing
[==========] Running 1 test from 1 test suite.
[----------] Global test environment set-up.
[----------] 1 test from EventgroupEntryTest
[ RUN      ] EventgroupEntryTest.Deserializing
[       OK ] EventgroupEntryTest.Deserializing (0 ms)
[----------] 1 test from EventgroupEntryTest (0 ms total)

[----------] Global test environment tear-down
[==========] 1 test from 1 test suite ran. (0 ms total)
[  PASSED  ] 1 test.
<end of output>
Test time =   0.01 sec
----------------------------------------------------------
Test Passed.
"EventgroupEntryTest.Deserializing" end time: May 16 18:19 UTC
"EventgroupEntryTest.Deserializing" time elapsed: 00:00:00
----------------------------------------------------------

32/452 Testing: ServiceEntryTest.FindServiceFactory
32/452 Test: ServiceEntryTest.FindServiceFactory
Command: "/home/runner/work/Adaptive-AUTOSAR/Adaptive-AUTOSAR/build/bin/ara_unit_test" "--gtest_filter=ServiceEntryTest.FindServiceFactory" "--gtest_also_run_disabled_tests"
Directory: /home/runner/work/Adaptive-AUTOSAR/Adaptive-AUTOSAR/build
"ServiceEntryTest.FindServiceFactory" start time: May 16 18:19 UTC
Output:
----------------------------------------------------------
Running main() from /home/runner/work/Adaptive-AUTOSAR/Adaptive-AUTOSAR/build/_deps/googletest-src/googletest/src/gtest_main.cc
Note: Google Test filter = ServiceEntryTest.FindServiceFactory
[==========] Running 1 test from 1 test suite.
[----------] Global test environment set-up.
[----------] 1 test from ServiceEntryTest
[ RUN      ] ServiceEntryTest.FindServiceFactory
[       OK ] ServiceEntryTest.FindServiceFactory (0 ms)
[----------] 1 test from ServiceEntryTest (0 ms total)

[----------] Global test environment tear-down
[==========] 1 test from 1 test suite ran. (0 ms total)
[  PASSED  ] 1 test.
<end of output>
Test time =   0.01 sec
----------------------------------------------------------
Test Passed.
"ServiceEntryTest.FindServiceFactory" end time: May 16 18:19 UTC
"ServiceEntryTest.FindServiceFactory" time elapsed: 00:00:00
----------------------------------------------------------

33/452 Testing: ServiceEntryTest.OfferServiceFactory
33/452 Test: ServiceEntryTest.OfferServiceFactory
Command: "/home/runner/work/Adaptive-AUTOSAR/Adaptive-AUTOSAR/build/bin/ara_unit_test" "--gtest_filter=ServiceEntryTest.OfferServiceFactory" "--gtest_also_run_disabled_tests"
Directory: /home/runner/work/Adaptive-AUTOSAR/Adaptive-AUTOSAR/build
"ServiceEntryTest.OfferServiceFactory" start time: May 16 18:19 UTC
Output:
----------------------------------------------------------
Running main() from /home/runner/work/Adaptive-AUTOSAR/Adaptive-AUTOSAR/build/_deps/googletest-src/googletest/src/gtest_main.cc
Note: Google Test filter = ServiceEntryTest.OfferServiceFactory
[==========] Running 1 test from 1 test suite.
[----------] Global test environment set-up.
[----------] 1 test from ServiceEntryTest
[ RUN      ] ServiceEntryTest.OfferServiceFactory
[       OK ] ServiceEntryTest.OfferServiceFactory (0 ms)
[----------] 1 test from ServiceEntryTest (0 ms total)

[----------] Global test environment tear-down
[==========] 1 test from 1 test suite ran. (0 ms total)
[  PASSED  ] 1 test.
<end of output>
Test time =   0.01 sec
----------------------------------------------------------
Test Passed.
"ServiceEntryTest.OfferServiceFactory" end time: May 16 18:19 UTC
"ServiceEntryTest.OfferServiceFactory" time elapsed: 00:00:00
----------------------------------------------------------

34/452 Testing: ServiceEntryTest.StopOfferFactory
34/452 Test: ServiceEntryTest.StopOfferFactory
Command: "/home/runner/work/Adaptive-AUTOSAR/Adaptive-AUTOSAR/build/bin/ara_unit_test" "--gtest_filter=ServiceEntryTest.StopOfferFactory" "--gtest_also_run_disabled_tests"
Directory: /home/runner/work/Adaptive-AUTOSAR/Adaptive-AUTOSAR/build
"ServiceEntryTest.StopOfferFactory" start time: May 16 18:19 UTC
Output:
----------------------------------------------------------
Running main() from /home/runner/work/Adaptive-AUTOSAR/Adaptive-AUTOSAR/build/_deps/googletest-src/googletest/src/gtest_main.cc
Note: Google Test filter = ServiceEntryTest.StopOfferFactory
[==========] Running 1 test from 1 test suite.
[----------] Global test environment set-up.
[----------] 1 test from ServiceEntryTest
[ RUN      ] ServiceEntryTest.StopOfferFactory
[       OK ] ServiceEntryTest.StopOfferFactory (0 ms)
[----------] 1 test from ServiceEntryTest (0 ms total)

[----------] Global test environment tear-down
[==========] 1 test from 1 test suite ran. (0 ms total)
[  PASSED  ] 1 test.
<end of output>
Test time =   0.01 sec
----------------------------------------------------------
Test Passed.
"ServiceEntryTest.StopOfferFactory" end time: May 16 18:19 UTC
"ServiceEntryTest.StopOfferFactory" time elapsed: 00:00:00
----------------------------------------------------------

35/452 Testing: ServiceEntryTest.PayloadMethod
35/452 Test: ServiceEntryTest.PayloadMethod
Command: "/home/runner/work/Adaptive-AUTOSAR/Adaptive-AUTOSAR/build/bin/ara_unit_test" "--gtest_filter=ServiceEntryTest.PayloadMethod" "--gtest_also_run_disabled_tests"
Directory: /home/runner/work/Adaptive-AUTOSAR/Adaptive-AUTOSAR/build
"ServiceEntryTest.PayloadMethod" start time: May 16 18:19 UTC
Output:
----------------------------------------------------------
Running main() from /home/runner/work/Adaptive-AUTOSAR/Adaptive-AUTOSAR/build/_deps/googletest-src/googletest/src/gtest_main.cc
Note: Google Test filter = ServiceEntryTest.PayloadMethod
[==========] Running 1 test from 1 test suite.
[----------] Global test environment set-up.
[----------] 1 test from ServiceEntryTest
[ RUN      ] ServiceEntryTest.PayloadMethod
[       OK ] ServiceEntryTest.PayloadMethod (0 ms)
[----------] 1 test from ServiceEntryTest (0 ms total)

[----------] Global test environment tear-down
[==========] 1 test from 1 test suite ran. (0 ms total)
[  PASSED  ] 1 test.
<end of output>
Test time =   0.01 sec
----------------------------------------------------------
Test Passed.
"ServiceEntryTest.PayloadMethod" end time: May 16 18:19 UTC
"ServiceEntryTest.PayloadMethod" time elapsed: 00:00:00
----------------------------------------------------------

36/452 Testing: ServiceEntryTest.AddOption
36/452 Test: ServiceEntryTest.AddOption
Command: "/home/runner/work/Adaptive-AUTOSAR/Adaptive-AUTOSAR/build/bin/ara_unit_test" "--gtest_filter=ServiceEntryTest.AddOption" "--gtest_also_run_disabled_tests"
Directory: /home/runner/work/Adaptive-AUTOSAR/Adaptive-AUTOSAR/build
"ServiceEntryTest.AddOption" start time: May 16 18:19 UTC
Output:
----------------------------------------------------------
Running main() from /home/runner/work/Adaptive-AUTOSAR/Adaptive-AUTOSAR/build/_deps/googletest-src/googletest/src/gtest_main.cc
Note: Google Test filter = ServiceEntryTest.AddOption
[==========] Running 1 test from 1 test suite.
[----------] Global test environment set-up.
[----------] 1 test from ServiceEntryTest
[ RUN      ] ServiceEntryTest.AddOption
[       OK ] ServiceEntryTest.AddOption (0 ms)
[----------] 1 test from ServiceEntryTest (0 ms total)

[----------] Global test environment tear-down
[==========] 1 test from 1 test suite ran. (0 ms total)
[  PASSED  ] 1 test.
<end of output>
Test time =   0.01 sec
----------------------------------------------------------
Test Passed.
"ServiceEntryTest.AddOption" end time: May 16 18:19 UTC
"ServiceEntryTest.AddOption" time elapsed: 00:00:00
----------------------------------------------------------

37/452 Testing: ServiceEntryTest.Deserializing
37/452 Test: ServiceEntryTest.Deserializing
Command: "/home/runner/work/Adaptive-AUTOSAR/Adaptive-AUTOSAR/build/bin/ara_unit_test" "--gtest_filter=ServiceEntryTest.Deserializing" "--gtest_also_run_disabled_tests"
Directory: /home/runner/work/Adaptive-AUTOSAR/Adaptive-AUTOSAR/build
"ServiceEntryTest.Deserializing" start time: May 16 18:19 UTC
Output:
----------------------------------------------------------
Running main() from /home/runner/work/Adaptive-AUTOSAR/Adaptive-AUTOSAR/build/_deps/googletest-src/googletest/src/gtest_main.cc
Note: Google Test filter = ServiceEntryTest.Deserializing
[==========] Running 1 test from 1 test suite.
[----------] Global test environment set-up.
[----------] 1 test from ServiceEntryTest
[ RUN      ] ServiceEntryTest.Deserializing
[       OK ] ServiceEntryTest.Deserializing (0 ms)
[----------] 1 test from ServiceEntryTest (0 ms total)

[----------] Global test environment tear-down
[==========] 1 test from 1 test suite ran. (0 ms total)
[  PASSED  ] 1 test.
<end of output>
Test time =   0.01 sec
----------------------------------------------------------
Test Passed.
"ServiceEntryTest.Deserializing" end time: May 16 18:19 UTC
"ServiceEntryTest.Deserializing" time elapsed: 00:00:00
----------------------------------------------------------

38/452 Testing: Ipv4AddressTest.Constructor
38/452 Test: Ipv4AddressTest.Constructor
Command: "/home/runner/work/Adaptive-AUTOSAR/Adaptive-AUTOSAR/build/bin/ara_unit_test" "--gtest_filter=Ipv4AddressTest.Constructor" "--gtest_also_run_disabled_tests"
Directory: /home/runner/work/Adaptive-AUTOSAR/Adaptive-AUTOSAR/build
"Ipv4AddressTest.Constructor" start time: May 16 18:19 UTC
Output:
----------------------------------------------------------
Running main() from /home/runner/work/Adaptive-AUTOSAR/Adaptive-AUTOSAR/build/_deps/googletest-src/googletest/src/gtest_main.cc
Note: Google Test filter = Ipv4AddressTest.Constructor
[==========] Running 1 test from 1 test suite.
[----------] Global test environment set-up.
[----------] 1 test from Ipv4AddressTest
[ RUN      ] Ipv4AddressTest.Constructor
[       OK ] Ipv4AddressTest.Constructor (0 ms)
[----------] 1 test from Ipv4AddressTest (0 ms total)

[----------] Global test environment tear-down
[==========] 1 test from 1 test suite ran. (0 ms total)
[  PASSED  ] 1 test.
<end of output>
Test time =   0.01 sec
----------------------------------------------------------
Test Passed.
"Ipv4AddressTest.Constructor" end time: May 16 18:19 UTC
"Ipv4AddressTest.Constructor" time elapsed: 00:00:00
----------------------------------------------------------

39/452 Testing: Ipv4AddressTest.StringConstructor
39/452 Test: Ipv4AddressTest.StringConstructor
Command: "/home/runner/work/Adaptive-AUTOSAR/Adaptive-AUTOSAR/build/bin/ara_unit_test" "--gtest_filter=Ipv4AddressTest.StringConstructor" "--gtest_also_run_disabled_tests"
Directory: /home/runner/work/Adaptive-AUTOSAR/Adaptive-AUTOSAR/build
"Ipv4AddressTest.StringConstructor" start time: May 16 18:19 UTC
Output:
----------------------------------------------------------
Running main() from /home/runner/work/Adaptive-AUTOSAR/Adaptive-AUTOSAR/build/_deps/googletest-src/googletest/src/gtest_main.cc
Note: Google Test filter = Ipv4AddressTest.StringConstructor
[==========] Running 1 test from 1 test suite.
[----------] Global test environment set-up.
[----------] 1 test from Ipv4AddressTest
[ RUN      ] Ipv4AddressTest.StringConstructor
[       OK ] Ipv4AddressTest.StringConstructor (0 ms)
[----------] 1 test from Ipv4AddressTest (0 ms total)

[----------] Global test environment tear-down
[==========] 1 test from 1 test suite ran. (0 ms total)
[  PASSED  ] 1 test.
<end of output>
Test time =   0.01 sec
----------------------------------------------------------
Test Passed.
"Ipv4AddressTest.StringConstructor" end time: May 16 18:19 UTC
"Ipv4AddressTest.StringConstructor" time elapsed: 00:00:00
----------------------------------------------------------

40/452 Testing: Ipv4AddressTest.ToStringMethod
40/452 Test: Ipv4AddressTest.ToStringMethod
Command: "/home/runner/work/Adaptive-AUTOSAR/Adaptive-AUTOSAR/build/bin/ara_unit_test" "--gtest_filter=Ipv4AddressTest.ToStringMethod" "--gtest_also_run_disabled_tests"
Directory: /home/runner/work/Adaptive-AUTOSAR/Adaptive-AUTOSAR/build
"Ipv4AddressTest.ToStringMethod" start time: May 16 18:19 UTC
Output:
----------------------------------------------------------
Running main() from /home/runner/work/Adaptive-AUTOSAR/Adaptive-AUTOSAR/build/_deps/googletest-src/googletest/src/gtest_main.cc
Note: Google Test filter = Ipv4AddressTest.ToStringMethod
[==========] Running 1 test from 1 test suite.
[----------] Global test environment set-up.
[----------] 1 test from Ipv4AddressTest
[ RUN      ] Ipv4AddressTest.ToStringMethod
[       OK ] Ipv4AddressTest.ToStringMethod (0 ms)
[----------] 1 test from Ipv4AddressTest (0 ms total)

[----------] Global test environment tear-down
[==========] 1 test from 1 test suite ran. (0 ms total)
[  PASSED  ] 1 test.
<end of output>
Test time =   0.01 sec
----------------------------------------------------------
Test Passed.
"Ipv4AddressTest.ToStringMethod" end time: May 16 18:19 UTC
"Ipv4AddressTest.ToStringMethod" time elapsed: 00:00:00
----------------------------------------------------------

41/452 Testing: TtlTimerTest.Constructor
41/452 Test: TtlTimerTest.Constructor
Command: "/home/runner/work/Adaptive-AUTOSAR/Adaptive-AUTOSAR/build/bin/ara_unit_test" "--gtest_filter=TtlTimerTest.Constructor" "--gtest_also_run_disabled_tests"
Directory: /home/runner/work/Adaptive-AUTOSAR/Adaptive-AUTOSAR/build
"TtlTimerTest.Constructor" start time: May 16 18:19 UTC
Output:
----------------------------------------------------------
Running main() from /home/runner/work/Adaptive-AUTOSAR/Adaptive-AUTOSAR/build/_deps/googletest-src/googletest/src/gtest_main.cc
Note: Google Test filter = TtlTimerTest.Constructor
[==========] Running 1 test from 1 test suite.
[----------] Global test environment set-up.
[----------] 1 test from TtlTimerTest
[ RUN      ] TtlTimerTest.Constructor
[       OK ] TtlTimerTest.Constructor (0 ms)
[----------] 1 test from TtlTimerTest (0 ms total)

[----------] Global test environment tear-down
[==========] 1 test from 1 test suite ran. (0 ms total)
[  PASSED  ] 1 test.
<end of output>
Test time =   0.01 sec
----------------------------------------------------------
Test Passed.
"TtlTimerTest.Constructor" end time: May 16 18:19 UTC
"TtlTimerTest.Constructor" time elapsed: 00:00:00
----------------------------------------------------------

42/452 Testing: TtlTimerTest.RequestedProperty
42/452 Test: TtlTimerTest.RequestedProperty
Command: "/home/runner/work/Adaptive-AUTOSAR/Adaptive-AUTOSAR/build/bin/ara_unit_test" "--gtest_filter=TtlTimerTest.RequestedProperty" "--gtest_also_run_disabled_tests"
Directory: /home/runner/work/Adaptive-AUTOSAR/Adaptive-AUTOSAR/build
"TtlTimerTest.RequestedProperty" start time: May 16 18:19 UTC
Output:
----------------------------------------------------------
Running main() from /home/runner/work/Adaptive-AUTOSAR/Adaptive-AUTOSAR/build/_deps/googletest-src/googletest/src/gtest_main.cc
Note: Google Test filter = TtlTimerTest.RequestedProperty
[==========] Running 1 test from 1 test suite.
[----------] Global test environment set-up.
[----------] 1 test from TtlTimerTest
[ RUN      ] TtlTimerTest.RequestedProperty
[       OK ] TtlTimerTest.RequestedProperty (0 ms)
[----------] 1 test from TtlTimerTest (0 ms total)

[----------] Global test environment tear-down
[==========] 1 test from 1 test suite ran. (0 ms total)
[  PASSED  ] 1 test.
<end of output>
Test time =   0.01 sec
----------------------------------------------------------
Test Passed.
"TtlTimerTest.RequestedProperty" end time: May 16 18:19 UTC
"TtlTimerTest.RequestedProperty" time elapsed: 00:00:00
----------------------------------------------------------

43/452 Testing: TtlTimerTest.OfferedProperty
43/452 Test: TtlTimerTest.OfferedProperty
Command: "/home/runner/work/Adaptive-AUTOSAR/Adaptive-AUTOSAR/build/bin/ara_unit_test" "--gtest_filter=TtlTimerTest.OfferedProperty" "--gtest_also_run_disabled_tests"
Directory: /home/runner/work/Adaptive-AUTOSAR/Adaptive-AUTOSAR/build
"TtlTimerTest.OfferedProperty" start time: May 16 18:19 UTC
Output:
----------------------------------------------------------
Running main() from /home/runner/work/Adaptive-AUTOSAR/Adaptive-AUTOSAR/build/_deps/googletest-src/googletest/src/gtest_main.cc
Note: Google Test filter = TtlTimerTest.OfferedProperty
[==========] Running 1 test from 1 test suite.
[----------] Global test environment set-up.
[----------] 1 test from TtlTimerTest
[ RUN      ] TtlTimerTest.OfferedProperty
[       OK ] TtlTimerTest.OfferedProperty (0 ms)
[----------] 1 test from TtlTimerTest (0 ms total)

[----------] Global test environment tear-down
[==========] 1 test from 1 test suite ran. (0 ms total)
[  PASSED  ] 1 test.
<end of output>
Test time =   0.01 sec
----------------------------------------------------------
Test Passed.
"TtlTimerTest.OfferedProperty" end time: May 16 18:19 UTC
"TtlTimerTest.OfferedProperty" time elapsed: 00:00:00
----------------------------------------------------------

44/452 Testing: ConcurrentQueueTest.Constructor
44/452 Test: ConcurrentQueueTest.Constructor
Command: "/home/runner/work/Adaptive-AUTOSAR/Adaptive-AUTOSAR/build/bin/ara_unit_test" "--gtest_filter=ConcurrentQueueTest.Constructor" "--gtest_also_run_disabled_tests"
Directory: /home/runner/work/Adaptive-AUTOSAR/Adaptive-AUTOSAR/build
"ConcurrentQueueTest.Constructor" start time: May 16 18:19 UTC
Output:
----------------------------------------------------------
Running main() from /home/runner/work/Adaptive-AUTOSAR/Adaptive-AUTOSAR/build/_deps/googletest-src/googletest/src/gtest_main.cc
Note: Google Test filter = ConcurrentQueueTest.Constructor
[==========] Running 1 test from 1 test suite.
[----------] Global test environment set-up.
[----------] 1 test from ConcurrentQueueTest
[ RUN      ] ConcurrentQueueTest.Constructor
[       OK ] ConcurrentQueueTest.Constructor (0 ms)
[----------] 1 test from ConcurrentQueueTest (0 ms total)

[----------] Global test environment tear-down
[==========] 1 test from 1 test suite ran. (0 ms total)
[  PASSED  ] 1 test.
<end of output>
Test time =   0.01 sec
----------------------------------------------------------
Test Passed.
"ConcurrentQueueTest.Constructor" end time: May 16 18:19 UTC
"ConcurrentQueueTest.Constructor" time elapsed: 00:00:00
----------------------------------------------------------

45/452 Testing: ConcurrentQueueTest.QueuingScenario
45/452 Test: ConcurrentQueueTest.QueuingScenario
Command: "/home/runner/work/Adaptive-AUTOSAR/Adaptive-AUTOSAR/build/bin/ara_unit_test" "--gtest_filter=ConcurrentQueueTest.QueuingScenario" "--gtest_also_run_disabled_tests"
Directory: /home/runner/work/Adaptive-AUTOSAR/Adaptive-AUTOSAR/build
"ConcurrentQueueTest.QueuingScenario" start time: May 16 18:19 UTC
Output:
----------------------------------------------------------
Running main() from /home/runner/work/Adaptive-AUTOSAR/Adaptive-AUTOSAR/build/_deps/googletest-src/googletest/src/gtest_main.cc
Note: Google Test filter = ConcurrentQueueTest.QueuingScenario
[==========] Running 1 test from 1 test suite.
[----------] Global test environment set-up.
[----------] 1 test from ConcurrentQueueTest
[ RUN      ] ConcurrentQueueTest.QueuingScenario
[       OK ] ConcurrentQueueTest.QueuingScenario (0 ms)
[----------] 1 test from ConcurrentQueueTest (0 ms total)

[----------] Global test environment tear-down
[==========] 1 test from 1 test suite ran. (0 ms total)
[  PASSED  ] 1 test.
<end of output>
Test time =   0.01 sec
----------------------------------------------------------
Test Passed.
"ConcurrentQueueTest.QueuingScenario" end time: May 16 18:19 UTC
"ConcurrentQueueTest.QueuingScenario" time elapsed: 00:00:00
----------------------------------------------------------

46/452 Testing: Ipv4EndpointOptionTest.UnitcastFactory
46/452 Test: Ipv4EndpointOptionTest.UnitcastFactory
Command: "/home/runner/work/Adaptive-AUTOSAR/Adaptive-AUTOSAR/build/bin/ara_unit_test" "--gtest_filter=Ipv4EndpointOptionTest.UnitcastFactory" "--gtest_also_run_disabled_tests"
Directory: /home/runner/work/Adaptive-AUTOSAR/Adaptive-AUTOSAR/build
"Ipv4EndpointOptionTest.UnitcastFactory" start time: May 16 18:19 UTC
Output:
----------------------------------------------------------
Running main() from /home/runner/work/Adaptive-AUTOSAR/Adaptive-AUTOSAR/build/_deps/googletest-src/googletest/src/gtest_main.cc
Note: Google Test filter = Ipv4EndpointOptionTest.UnitcastFactory
[==========] Running 1 test from 1 test suite.
[----------] Global test environment set-up.
[----------] 1 test from Ipv4EndpointOptionTest
[ RUN      ] Ipv4EndpointOptionTest.UnitcastFactory
[       OK ] Ipv4EndpointOptionTest.UnitcastFactory (0 ms)
[----------] 1 test from Ipv4EndpointOptionTest (0 ms total)

[----------] Global test environment tear-down
[==========] 1 test from 1 test suite ran. (0 ms total)
[  PASSED  ] 1 test.
<end of output>
Test time =   0.01 sec
----------------------------------------------------------
Test Passed.
"Ipv4EndpointOptionTest.UnitcastFactory" end time: May 16 18:19 UTC
"Ipv4EndpointOptionTest.UnitcastFactory" time elapsed: 00:00:00
----------------------------------------------------------

47/452 Testing: Ipv4EndpointOptionTest.MulticastFactory
47/452 Test: Ipv4EndpointOptionTest.MulticastFactory
Command: "/home/runner/work/Adaptive-AUTOSAR/Adaptive-AUTOSAR/build/bin/ara_unit_test" "--gtest_filter=Ipv4EndpointOptionTest.MulticastFactory" "--gtest_also_run_disabled_tests"
Directory: /home/runner/work/Adaptive-AUTOSAR/Adaptive-AUTOSAR/build
"Ipv4EndpointOptionTest.MulticastFactory" start time: May 16 18:19 UTC
Output:
----------------------------------------------------------
Running main() from /home/runner/work/Adaptive-AUTOSAR/Adaptive-AUTOSAR/build/_deps/googletest-src/googletest/src/gtest_main.cc
Note: Google Test filter = Ipv4EndpointOptionTest.MulticastFactory
[==========] Running 1 test from 1 test suite.
[----------] Global test environment set-up.
[----------] 1 test from Ipv4EndpointOptionTest
[ RUN      ] Ipv4EndpointOptionTest.MulticastFactory
[       OK ] Ipv4EndpointOptionTest.MulticastFactory (0 ms)
[----------] 1 test from Ipv4EndpointOptionTest (0 ms total)

[----------] Global test environment tear-down
[==========] 1 test from 1 test suite ran. (0 ms total)
[  PASSED  ] 1 test.
<end of output>
Test time =   0.01 sec
----------------------------------------------------------
Test Passed.
"Ipv4EndpointOptionTest.MulticastFactory" end time: May 16 18:19 UTC
"Ipv4EndpointOptionTest.MulticastFactory" time elapsed: 00:00:00
----------------------------------------------------------

48/452 Testing: Ipv4EndpointOptionTest.PayloadMethod
48/452 Test: Ipv4EndpointOptionTest.PayloadMethod
Command: "/home/runner/work/Adaptive-AUTOSAR/Adaptive-AUTOSAR/build/bin/ara_unit_test" "--gtest_filter=Ipv4EndpointOptionTest.PayloadMethod" "--gtest_also_run_disabled_tests"
Directory: /home/runner/work/Adaptive-AUTOSAR/Adaptive-AUTOSAR/build
"Ipv4EndpointOptionTest.PayloadMethod" start time: May 16 18:19 UTC
Output:
----------------------------------------------------------
Running main() from /home/runner/work/Adaptive-AUTOSAR/Adaptive-AUTOSAR/build/_deps/googletest-src/googletest/src/gtest_main.cc
Note: Google Test filter = Ipv4EndpointOptionTest.PayloadMethod
[==========] Running 1 test from 1 test suite.
[----------] Global test environment set-up.
[----------] 1 test from Ipv4EndpointOptionTest
[ RUN      ] Ipv4EndpointOptionTest.PayloadMethod
[       OK ] Ipv4EndpointOptionTest.PayloadMethod (0 ms)
[----------] 1 test from Ipv4EndpointOptionTest (0 ms total)

[----------] Global test environment tear-down
[==========] 1 test from 1 test suite ran. (0 ms total)
[  PASSED  ] 1 test.
<end of output>
Test time =   0.01 sec
----------------------------------------------------------
Test Passed.
"Ipv4EndpointOptionTest.PayloadMethod" end time: May 16 18:19 UTC
"Ipv4EndpointOptionTest.PayloadMethod" time elapsed: 00:00:00
----------------------------------------------------------

49/452 Testing: Ipv4EndpointOptionTest.Deserializing
49/452 Test: Ipv4EndpointOptionTest.Deserializing
Command: "/home/runner/work/Adaptive-AUTOSAR/Adaptive-AUTOSAR/build/bin/ara_unit_test" "--gtest_filter=Ipv4EndpointOptionTest.Deserializing" "--gtest_also_run_disabled_tests"
Directory: /home/runner/work/Adaptive-AUTOSAR/Adaptive-AUTOSAR/build
"Ipv4EndpointOptionTest.Deserializing" start time: May 16 18:19 UTC
Output:
----------------------------------------------------------
Running main() from /home/runner/work/Adaptive-AUTOSAR/Adaptive-AUTOSAR/build/_deps/googletest-src/googletest/src/gtest_main.cc
Note: Google Test filter = Ipv4EndpointOptionTest.Deserializing
[==========] Running 1 test from 1 test suite.
[----------] Global test environment set-up.
[----------] 1 test from Ipv4EndpointOptionTest
[ RUN      ] Ipv4EndpointOptionTest.Deserializing
[       OK ] Ipv4EndpointOptionTest.Deserializing (0 ms)
[----------] 1 test from Ipv4EndpointOptionTest (0 ms total)

[----------] Global test environment tear-down
[==========] 1 test from 1 test suite ran. (0 ms total)
[  PASSED  ] 1 test.
<end of output>
Test time =   0.01 sec
----------------------------------------------------------
Test Passed.
"Ipv4EndpointOptionTest.Deserializing" end time: May 16 18:19 UTC
"Ipv4EndpointOptionTest.Deserializing" time elapsed: 00:00:00
----------------------------------------------------------

50/452 Testing: LoadBalancingOptionTest.Constructor
50/452 Test: LoadBalancingOptionTest.Constructor
Command: "/home/runner/work/Adaptive-AUTOSAR/Adaptive-AUTOSAR/build/bin/ara_unit_test" "--gtest_filter=LoadBalancingOptionTest.Constructor" "--gtest_also_run_disabled_tests"
Directory: /home/runner/work/Adaptive-AUTOSAR/Adaptive-AUTOSAR/build
"LoadBalancingOptionTest.Constructor" start time: May 16 18:19 UTC
Output:
----------------------------------------------------------
Running main() from /home/runner/work/Adaptive-AUTOSAR/Adaptive-AUTOSAR/build/_deps/googletest-src/googletest/src/gtest_main.cc
Note: Google Test filter = LoadBalancingOptionTest.Constructor
[==========] Running 1 test from 1 test suite.
[----------] Global test environment set-up.
[----------] 1 test from LoadBalancingOptionTest
[ RUN      ] LoadBalancingOptionTest.Constructor
[       OK ] LoadBalancingOptionTest.Constructor (0 ms)
[----------] 1 test from LoadBalancingOptionTest (0 ms total)

[----------] Global test environment tear-down
[==========] 1 test from 1 test suite ran. (0 ms total)
[  PASSED  ] 1 test.
<end of output>
Test time =   0.01 sec
----------------------------------------------------------
Test Passed.
"LoadBalancingOptionTest.Constructor" end time: May 16 18:19 UTC
"LoadBalancingOptionTest.Constructor" time elapsed: 00:00:00
----------------------------------------------------------

51/452 Testing: LoadBalancingOptionTest.PayloadMethod
51/452 Test: LoadBalancingOptionTest.PayloadMethod
Command: "/home/runner/work/Adaptive-AUTOSAR/Adaptive-AUTOSAR/build/bin/ara_unit_test" "--gtest_filter=LoadBalancingOptionTest.PayloadMethod" "--gtest_also_run_disabled_tests"
Directory: /home/runner/work/Adaptive-AUTOSAR/Adaptive-AUTOSAR/build
"LoadBalancingOptionTest.PayloadMethod" start time: May 16 18:19 UTC
Output:
----------------------------------------------------------
Running main() from /home/runner/work/Adaptive-AUTOSAR/Adaptive-AUTOSAR/build/_deps/googletest-src/googletest/src/gtest_main.cc
Note: Google Test filter = LoadBalancingOptionTest.PayloadMethod
[==========] Running 1 test from 1 test suite.
[----------] Global test environment set-up.
[----------] 1 test from LoadBalancingOptionTest
[ RUN      ] LoadBalancingOptionTest.PayloadMethod
[       OK ] LoadBalancingOptionTest.PayloadMethod (0 ms)
[----------] 1 test from LoadBalancingOptionTest (0 ms total)

[----------] Global test environment tear-down
[==========] 1 test from 1 test suite ran. (0 ms total)
[  PASSED  ] 1 test.
<end of output>
Test time =   0.01 sec
----------------------------------------------------------
Test Passed.
"LoadBalancingOptionTest.PayloadMethod" end time: May 16 18:19 UTC
"LoadBalancingOptionTest.PayloadMethod" time elapsed: 00:00:00
----------------------------------------------------------

52/452 Testing: LoadBalancingOptionTest.Deserializing
52/452 Test: LoadBalancingOptionTest.Deserializing
Command: "/home/runner/work/Adaptive-AUTOSAR/Adaptive-AUTOSAR/build/bin/ara_unit_test" "--gtest_filter=LoadBalancingOptionTest.Deserializing" "--gtest_also_run_disabled_tests"
Directory: /home/runner/work/Adaptive-AUTOSAR/Adaptive-AUTOSAR/build
"LoadBalancingOptionTest.Deserializing" start time: May 16 18:19 UTC
Output:
----------------------------------------------------------
Running main() from /home/runner/work/Adaptive-AUTOSAR/Adaptive-AUTOSAR/build/_deps/googletest-src/googletest/src/gtest_main.cc
Note: Google Test filter = LoadBalancingOptionTest.Deserializing
[==========] Running 1 test from 1 test suite.
[----------] Global test environment set-up.
[----------] 1 test from LoadBalancingOptionTest
[ RUN      ] LoadBalancingOptionTest.Deserializing
[       OK ] LoadBalancingOptionTest.Deserializing (0 ms)
[----------] 1 test from LoadBalancingOptionTest (0 ms total)

[----------] Global test environment tear-down
[==========] 1 test from 1 test suite ran. (0 ms total)
[  PASSED  ] 1 test.
<end of output>
Test time =   0.01 sec
----------------------------------------------------------
Test Passed.
"LoadBalancingOptionTest.Deserializing" end time: May 16 18:19 UTC
"LoadBalancingOptionTest.Deserializing" time elapsed: 00:00:00
----------------------------------------------------------

53/452 Testing: SomeIpPubSubTest.ServerInitialState
53/452 Test: SomeIpPubSubTest.ServerInitialState
Command: "/home/runner/work/Adaptive-AUTOSAR/Adaptive-AUTOSAR/build/bin/ara_unit_test" "--gtest_filter=SomeIpPubSubTest.ServerInitialState" "--gtest_also_run_disabled_tests"
Directory: /home/runner/work/Adaptive-AUTOSAR/Adaptive-AUTOSAR/build
"SomeIpPubSubTest.ServerInitialState" start time: May 16 18:19 UTC
Output:
----------------------------------------------------------
Running main() from /home/runner/work/Adaptive-AUTOSAR/Adaptive-AUTOSAR/build/_deps/googletest-src/googletest/src/gtest_main.cc
Note: Google Test filter = SomeIpPubSubTest.ServerInitialState
[==========] Running 1 test from 1 test suite.
[----------] Global test environment set-up.
[----------] 1 test from SomeIpPubSubTest
[ RUN      ] SomeIpPubSubTest.ServerInitialState
[       OK ] SomeIpPubSubTest.ServerInitialState (0 ms)
[----------] 1 test from SomeIpPubSubTest (0 ms total)

[----------] Global test environment tear-down
[==========] 1 test from 1 test suite ran. (0 ms total)
[  PASSED  ] 1 test.
<end of output>
Test time =   0.01 sec
----------------------------------------------------------
Test Passed.
"SomeIpPubSubTest.ServerInitialState" end time: May 16 18:19 UTC
"SomeIpPubSubTest.ServerInitialState" time elapsed: 00:00:00
----------------------------------------------------------

54/452 Testing: SomeIpPubSubTest.NoServerRunning
54/452 Test: SomeIpPubSubTest.NoServerRunning
Command: "/home/runner/work/Adaptive-AUTOSAR/Adaptive-AUTOSAR/build/bin/ara_unit_test" "--gtest_filter=SomeIpPubSubTest.NoServerRunning" "--gtest_also_run_disabled_tests"
Directory: /home/runner/work/Adaptive-AUTOSAR/Adaptive-AUTOSAR/build
"SomeIpPubSubTest.NoServerRunning" start time: May 16 18:19 UTC
Output:
----------------------------------------------------------
Running main() from /home/runner/work/Adaptive-AUTOSAR/Adaptive-AUTOSAR/build/_deps/googletest-src/googletest/src/gtest_main.cc
Note: Google Test filter = SomeIpPubSubTest.NoServerRunning
[==========] Running 1 test from 1 test suite.
[----------] Global test environment set-up.
[----------] 1 test from SomeIpPubSubTest
[ RUN      ] SomeIpPubSubTest.NoServerRunning
[       OK ] SomeIpPubSubTest.NoServerRunning (1 ms)
[----------] 1 test from SomeIpPubSubTest (1 ms total)

[----------] Global test environment tear-down
[==========] 1 test from 1 test suite ran. (1 ms total)
[  PASSED  ] 1 test.
<end of output>
Test time =   0.01 sec
----------------------------------------------------------
Test Passed.
"SomeIpPubSubTest.NoServerRunning" end time: May 16 18:19 UTC
"SomeIpPubSubTest.NoServerRunning" time elapsed: 00:00:00
----------------------------------------------------------

55/452 Testing: SomeIpPubSubTest.ServerStart
55/452 Test: SomeIpPubSubTest.ServerStart
Command: "/home/runner/work/Adaptive-AUTOSAR/Adaptive-AUTOSAR/build/bin/ara_unit_test" "--gtest_filter=SomeIpPubSubTest.ServerStart" "--gtest_also_run_disabled_tests"
Directory: /home/runner/work/Adaptive-AUTOSAR/Adaptive-AUTOSAR/build
"SomeIpPubSubTest.ServerStart" start time: May 16 18:19 UTC
Output:
----------------------------------------------------------
Running main() from /home/runner/work/Adaptive-AUTOSAR/Adaptive-AUTOSAR/build/_deps/googletest-src/googletest/src/gtest_main.cc
Note: Google Test filter = SomeIpPubSubTest.ServerStart
[==========] Running 1 test from 1 test suite.
[----------] Global test environment set-up.
[----------] 1 test from SomeIpPubSubTest
[ RUN      ] SomeIpPubSubTest.ServerStart
[       OK ] SomeIpPubSubTest.ServerStart (0 ms)
[----------] 1 test from SomeIpPubSubTest (0 ms total)

[----------] Global test environment tear-down
[==========] 1 test from 1 test suite ran. (0 ms total)
[  PASSED  ] 1 test.
<end of output>
Test time =   0.01 sec
----------------------------------------------------------
Test Passed.
"SomeIpPubSubTest.ServerStart" end time: May 16 18:19 UTC
"SomeIpPubSubTest.ServerStart" time elapsed: 00:00:00
----------------------------------------------------------

56/452 Testing: SomeIpPubSubTest.AcknowlegeScenario
56/452 Test: SomeIpPubSubTest.AcknowlegeScenario
Command: "/home/runner/work/Adaptive-AUTOSAR/Adaptive-AUTOSAR/build/bin/ara_unit_test" "--gtest_filter=SomeIpPubSubTest.AcknowlegeScenario" "--gtest_also_run_disabled_tests"
Directory: /home/runner/work/Adaptive-AUTOSAR/Adaptive-AUTOSAR/build
"SomeIpPubSubTest.AcknowlegeScenario" start time: May 16 18:19 UTC
Output:
----------------------------------------------------------
Running main() from /home/runner/work/Adaptive-AUTOSAR/Adaptive-AUTOSAR/build/_deps/googletest-src/googletest/src/gtest_main.cc
Note: Google Test filter = SomeIpPubSubTest.AcknowlegeScenario
[==========] Running 1 test from 1 test suite.
[----------] Global test environment set-up.
[----------] 1 test from SomeIpPubSubTest
[ RUN      ] SomeIpPubSubTest.AcknowlegeScenario
[       OK ] SomeIpPubSubTest.AcknowlegeScenario (0 ms)
[----------] 1 test from SomeIpPubSubTest (0 ms total)

[----------] Global test environment tear-down
[==========] 1 test from 1 test suite ran. (0 ms total)
[  PASSED  ] 1 test.
<end of output>
Test time =   0.01 sec
----------------------------------------------------------
Test Passed.
"SomeIpPubSubTest.AcknowlegeScenario" end time: May 16 18:19 UTC
"SomeIpPubSubTest.AcknowlegeScenario" time elapsed: 00:00:00
----------------------------------------------------------

57/452 Testing: SomeIpPubSubTest.NegativeAcknowlegeScenario
57/452 Test: SomeIpPubSubTest.NegativeAcknowlegeScenario
Command: "/home/runner/work/Adaptive-AUTOSAR/Adaptive-AUTOSAR/build/bin/ara_unit_test" "--gtest_filter=SomeIpPubSubTest.NegativeAcknowlegeScenario" "--gtest_also_run_disabled_tests"
Directory: /home/runner/work/Adaptive-AUTOSAR/Adaptive-AUTOSAR/build
"SomeIpPubSubTest.NegativeAcknowlegeScenario" start time: May 16 18:19 UTC
Output:
----------------------------------------------------------
Running main() from /home/runner/work/Adaptive-AUTOSAR/Adaptive-AUTOSAR/build/_deps/googletest-src/googletest/src/gtest_main.cc
Note: Google Test filter = SomeIpPubSubTest.NegativeAcknowlegeScenario
[==========] Running 1 test from 1 test suite.
[----------] Global test environment set-up.
[----------] 1 test from SomeIpPubSubTest
[ RUN      ] SomeIpPubSubTest.NegativeAcknowlegeScenario
[       OK ] SomeIpPubSubTest.NegativeAcknowlegeScenario (0 ms)
[----------] 1 test from SomeIpPubSubTest (0 ms total)

[----------] Global test environment tear-down
[==========] 1 test from 1 test suite ran. (0 ms total)
[  PASSED  ] 1 test.
<end of output>
Test time =   0.01 sec
----------------------------------------------------------
Test Passed.
"SomeIpPubSubTest.NegativeAcknowlegeScenario" end time: May 16 18:19 UTC
"SomeIpPubSubTest.NegativeAcknowlegeScenario" time elapsed: 00:00:00
----------------------------------------------------------

58/452 Testing: SomeIpPubSubTest.UnsubscriptionScenario
58/452 Test: SomeIpPubSubTest.UnsubscriptionScenario
Command: "/home/runner/work/Adaptive-AUTOSAR/Adaptive-AUTOSAR/build/bin/ara_unit_test" "--gtest_filter=SomeIpPubSubTest.UnsubscriptionScenario" "--gtest_also_run_disabled_tests"
Directory: /home/runner/work/Adaptive-AUTOSAR/Adaptive-AUTOSAR/build
"SomeIpPubSubTest.UnsubscriptionScenario" start time: May 16 18:19 UTC
Output:
----------------------------------------------------------
Running main() from /home/runner/work/Adaptive-AUTOSAR/Adaptive-AUTOSAR/build/_deps/googletest-src/googletest/src/gtest_main.cc
Note: Google Test filter = SomeIpPubSubTest.UnsubscriptionScenario
[==========] Running 1 test from 1 test suite.
[----------] Global test environment set-up.
[----------] 1 test from SomeIpPubSubTest
[ RUN      ] SomeIpPubSubTest.UnsubscriptionScenario
[       OK ] SomeIpPubSubTest.UnsubscriptionScenario (0 ms)
[----------] 1 test from SomeIpPubSubTest (0 ms total)

[----------] Global test environment tear-down
[==========] 1 test from 1 test suite ran. (0 ms total)
[  PASSED  ] 1 test.
<end of output>
Test time =   0.01 sec
----------------------------------------------------------
Test Passed.
"SomeIpPubSubTest.UnsubscriptionScenario" end time: May 16 18:19 UTC
"SomeIpPubSubTest.UnsubscriptionScenario" time elapsed: 00:00:00
[...]
"DiagMessageAckTest.InvalidDeserializationUsingPreviousMessage" time elapsed: 00:00:00
----------------------------------------------------------

440/452 Testing: DiagMessageNackTest.SerializationWithoutPreviousMessage
440/452 Test: DiagMessageNackTest.SerializationWithoutPreviousMessage
Command: "/home/runner/work/Adaptive-AUTOSAR/Adaptive-AUTOSAR/build/bin/doip_lib_test" "--gtest_filter=DiagMessageNackTest.SerializationWithoutPreviousMessage" "--gtest_also_run_disabled_tests"
Directory: /home/runner/work/Adaptive-AUTOSAR/Adaptive-AUTOSAR/build/_deps/doip-lib-build
"DiagMessageNackTest.SerializationWithoutPreviousMessage" start time: May 16 18:19 UTC
Output:
----------------------------------------------------------
Running main() from /home/runner/work/Adaptive-AUTOSAR/Adaptive-AUTOSAR/build/_deps/googletest-src/googletest/src/gtest_main.cc
Note: Google Test filter = DiagMessageNackTest.SerializationWithoutPreviousMessage
[==========] Running 1 test from 1 test suite.
[----------] Global test environment set-up.
[----------] 1 test from DiagMessageNackTest
[ RUN      ] DiagMessageNackTest.SerializationWithoutPreviousMessage
[       OK ] DiagMessageNackTest.SerializationWithoutPreviousMessage (0 ms)
[----------] 1 test from DiagMessageNackTest (0 ms total)

[----------] Global test environment tear-down
[==========] 1 test from 1 test suite ran. (0 ms total)
[  PASSED  ] 1 test.
<end of output>
Test time =   0.00 sec
----------------------------------------------------------
Test Passed.
"DiagMessageNackTest.SerializationWithoutPreviousMessage" end time: May 16 18:19 UTC
"DiagMessageNackTest.SerializationWithoutPreviousMessage" time elapsed: 00:00:00
----------------------------------------------------------

441/452 Testing: DiagMessageNackTest.SerializationCopyingPreviousMessage
441/452 Test: DiagMessageNackTest.SerializationCopyingPreviousMessage
Command: "/home/runner/work/Adaptive-AUTOSAR/Adaptive-AUTOSAR/build/bin/doip_lib_test" "--gtest_filter=DiagMessageNackTest.SerializationCopyingPreviousMessage" "--gtest_also_run_disabled_tests"
Directory: /home/runner/work/Adaptive-AUTOSAR/Adaptive-AUTOSAR/build/_deps/doip-lib-build
"DiagMessageNackTest.SerializationCopyingPreviousMessage" start time: May 16 18:19 UTC
Output:
----------------------------------------------------------
Running main() from /home/runner/work/Adaptive-AUTOSAR/Adaptive-AUTOSAR/build/_deps/googletest-src/googletest/src/gtest_main.cc
Note: Google Test filter = DiagMessageNackTest.SerializationCopyingPreviousMessage
[==========] Running 1 test from 1 test suite.
[----------] Global test environment set-up.
[----------] 1 test from DiagMessageNackTest
[ RUN      ] DiagMessageNackTest.SerializationCopyingPreviousMessage
[       OK ] DiagMessageNackTest.SerializationCopyingPreviousMessage (0 ms)
[----------] 1 test from DiagMessageNackTest (0 ms total)

[----------] Global test environment tear-down
[==========] 1 test from 1 test suite ran. (0 ms total)
[  PASSED  ] 1 test.
<end of output>
Test time =   0.00 sec
----------------------------------------------------------
Test Passed.
"DiagMessageNackTest.SerializationCopyingPreviousMessage" end time: May 16 18:19 UTC
"DiagMessageNackTest.SerializationCopyingPreviousMessage" time elapsed: 00:00:00
----------------------------------------------------------

442/452 Testing: DiagMessageNackTest.SerializationMovingPreviousMessage
442/452 Test: DiagMessageNackTest.SerializationMovingPreviousMessage
Command: "/home/runner/work/Adaptive-AUTOSAR/Adaptive-AUTOSAR/build/bin/doip_lib_test" "--gtest_filter=DiagMessageNackTest.SerializationMovingPreviousMessage" "--gtest_also_run_disabled_tests"
Directory: /home/runner/work/Adaptive-AUTOSAR/Adaptive-AUTOSAR/build/_deps/doip-lib-build
"DiagMessageNackTest.SerializationMovingPreviousMessage" start time: May 16 18:19 UTC
Output:
----------------------------------------------------------
Running main() from /home/runner/work/Adaptive-AUTOSAR/Adaptive-AUTOSAR/build/_deps/googletest-src/googletest/src/gtest_main.cc
Note: Google Test filter = DiagMessageNackTest.SerializationMovingPreviousMessage
[==========] Running 1 test from 1 test suite.
[----------] Global test environment set-up.
[----------] 1 test from DiagMessageNackTest
[ RUN      ] DiagMessageNackTest.SerializationMovingPreviousMessage
[       OK ] DiagMessageNackTest.SerializationMovingPreviousMessage (0 ms)
[----------] 1 test from DiagMessageNackTest (0 ms total)

[----------] Global test environment tear-down
[==========] 1 test from 1 test suite ran. (0 ms total)
[  PASSED  ] 1 test.
<end of output>
Test time =   0.00 sec
----------------------------------------------------------
Test Passed.
"DiagMessageNackTest.SerializationMovingPreviousMessage" end time: May 16 18:19 UTC
"DiagMessageNackTest.SerializationMovingPreviousMessage" time elapsed: 00:00:00
----------------------------------------------------------

443/452 Testing: DiagMessageNackTest.ValidDeserializationWithoutPreviousMessage
443/452 Test: DiagMessageNackTest.ValidDeserializationWithoutPreviousMessage
Command: "/home/runner/work/Adaptive-AUTOSAR/Adaptive-AUTOSAR/build/bin/doip_lib_test" "--gtest_filter=DiagMessageNackTest.ValidDeserializationWithoutPreviousMessage" "--gtest_also_run_disabled_tests"
Directory: /home/runner/work/Adaptive-AUTOSAR/Adaptive-AUTOSAR/build/_deps/doip-lib-build
"DiagMessageNackTest.ValidDeserializationWithoutPreviousMessage" start time: May 16 18:19 UTC
Output:
----------------------------------------------------------
Running main() from /home/runner/work/Adaptive-AUTOSAR/Adaptive-AUTOSAR/build/_deps/googletest-src/googletest/src/gtest_main.cc
Note: Google Test filter = DiagMessageNackTest.ValidDeserializationWithoutPreviousMessage
[==========] Running 1 test from 1 test suite.
[----------] Global test environment set-up.
[----------] 1 test from DiagMessageNackTest
[ RUN      ] DiagMessageNackTest.ValidDeserializationWithoutPreviousMessage
[       OK ] DiagMessageNackTest.ValidDeserializationWithoutPreviousMessage (0 ms)
[----------] 1 test from DiagMessageNackTest (0 ms total)

[----------] Global test environment tear-down
[==========] 1 test from 1 test suite ran. (0 ms total)
[  PASSED  ] 1 test.
<end of output>
Test time =   0.00 sec
----------------------------------------------------------
Test Passed.
"DiagMessageNackTest.ValidDeserializationWithoutPreviousMessage" end time: May 16 18:19 UTC
"DiagMessageNackTest.ValidDeserializationWithoutPreviousMessage" time elapsed: 00:00:00
----------------------------------------------------------

444/452 Testing: DiagMessageNackTest.ValidDeserializationUsingPreviousMessage
444/452 Test: DiagMessageNackTest.ValidDeserializationUsingPreviousMessage
Command: "/home/runner/work/Adaptive-AUTOSAR/Adaptive-AUTOSAR/build/bin/doip_lib_test" "--gtest_filter=DiagMessageNackTest.ValidDeserializationUsingPreviousMessage" "--gtest_also_run_disabled_tests"
Directory: /home/runner/work/Adaptive-AUTOSAR/Adaptive-AUTOSAR/build/_deps/doip-lib-build
"DiagMessageNackTest.ValidDeserializationUsingPreviousMessage" start time: May 16 18:19 UTC
Output:
----------------------------------------------------------
Running main() from /home/runner/work/Adaptive-AUTOSAR/Adaptive-AUTOSAR/build/_deps/googletest-src/googletest/src/gtest_main.cc
Note: Google Test filter = DiagMessageNackTest.ValidDeserializationUsingPreviousMessage
[==========] Running 1 test from 1 test suite.
[----------] Global test environment set-up.
[----------] 1 test from DiagMessageNackTest
[ RUN      ] DiagMessageNackTest.ValidDeserializationUsingPreviousMessage
[       OK ] DiagMessageNackTest.ValidDeserializationUsingPreviousMessage (0 ms)
[----------] 1 test from DiagMessageNackTest (0 ms total)

[----------] Global test environment tear-down
[==========] 1 test from 1 test suite ran. (0 ms total)
[  PASSED  ] 1 test.
<end of output>
Test time =   0.00 sec
----------------------------------------------------------
Test Passed.
"DiagMessageNackTest.ValidDeserializationUsingPreviousMessage" end time: May 16 18:19 UTC
"DiagMessageNackTest.ValidDeserializationUsingPreviousMessage" time elapsed: 00:00:00
----------------------------------------------------------

445/452 Testing: DiagMessageNackTest.InvalidDeserialization
445/452 Test: DiagMessageNackTest.InvalidDeserialization
Command: "/home/runner/work/Adaptive-AUTOSAR/Adaptive-AUTOSAR/build/bin/doip_lib_test" "--gtest_filter=DiagMessageNackTest.InvalidDeserialization" "--gtest_also_run_disabled_tests"
Directory: /home/runner/work/Adaptive-AUTOSAR/Adaptive-AUTOSAR/build/_deps/doip-lib-build
"DiagMessageNackTest.InvalidDeserialization" start time: May 16 18:19 UTC
Output:
----------------------------------------------------------
Running main() from /home/runner/work/Adaptive-AUTOSAR/Adaptive-AUTOSAR/build/_deps/googletest-src/googletest/src/gtest_main.cc
Note: Google Test filter = DiagMessageNackTest.InvalidDeserialization
[==========] Running 1 test from 1 test suite.
[----------] Global test environment set-up.
[----------] 1 test from DiagMessageNackTest
[ RUN      ] DiagMessageNackTest.InvalidDeserialization
[       OK ] DiagMessageNackTest.InvalidDeserialization (0 ms)
[----------] 1 test from DiagMessageNackTest (0 ms total)

[----------] Global test environment tear-down
[==========] 1 test from 1 test suite ran. (0 ms total)
[  PASSED  ] 1 test.
<end of output>
Test time =   0.00 sec
----------------------------------------------------------
Test Passed.
"DiagMessageNackTest.InvalidDeserialization" end time: May 16 18:19 UTC
"DiagMessageNackTest.InvalidDeserialization" time elapsed: 00:00:00
----------------------------------------------------------

446/452 Testing: AnnouncementTimerTest.Constructor
446/452 Test: AnnouncementTimerTest.Constructor
Command: "/home/runner/work/Adaptive-AUTOSAR/Adaptive-AUTOSAR/build/bin/doip_lib_test" "--gtest_filter=AnnouncementTimerTest.Constructor" "--gtest_also_run_disabled_tests"
Directory: /home/runner/work/Adaptive-AUTOSAR/Adaptive-AUTOSAR/build/_deps/doip-lib-build
"AnnouncementTimerTest.Constructor" start time: May 16 18:19 UTC
Output:
----------------------------------------------------------
Running main() from /home/runner/work/Adaptive-AUTOSAR/Adaptive-AUTOSAR/build/_deps/googletest-src/googletest/src/gtest_main.cc
Note: Google Test filter = AnnouncementTimerTest.Constructor
[==========] Running 1 test from 1 test suite.
[----------] Global test environment set-up.
[----------] 1 test from AnnouncementTimerTest
[ RUN      ] AnnouncementTimerTest.Constructor
[       OK ] AnnouncementTimerTest.Constructor (0 ms)
[----------] 1 test from AnnouncementTimerTest (0 ms total)

[----------] Global test environment tear-down
[==========] 1 test from 1 test suite ran. (0 ms total)
[  PASSED  ] 1 test.
<end of output>
Test time =   0.00 sec
----------------------------------------------------------
Test Passed.
"AnnouncementTimerTest.Constructor" end time: May 16 18:19 UTC
"AnnouncementTimerTest.Constructor" time elapsed: 00:00:00
----------------------------------------------------------

447/452 Testing: AnnouncementTimerTest.StartMethod
447/452 Test: AnnouncementTimerTest.StartMethod
Command: "/home/runner/work/Adaptive-AUTOSAR/Adaptive-AUTOSAR/build/bin/doip_lib_test" "--gtest_filter=AnnouncementTimerTest.StartMethod" "--gtest_also_run_disabled_tests"
Directory: /home/runner/work/Adaptive-AUTOSAR/Adaptive-AUTOSAR/build/_deps/doip-lib-build
"AnnouncementTimerTest.StartMethod" start time: May 16 18:19 UTC
Output:
----------------------------------------------------------
Running main() from /home/runner/work/Adaptive-AUTOSAR/Adaptive-AUTOSAR/build/_deps/googletest-src/googletest/src/gtest_main.cc
Note: Google Test filter = AnnouncementTimerTest.StartMethod
[==========] Running 1 test from 1 test suite.
[----------] Global test environment set-up.
[----------] 1 test from AnnouncementTimerTest
[ RUN      ] AnnouncementTimerTest.StartMethod
[       OK ] AnnouncementTimerTest.StartMethod (4000 ms)
[----------] 1 test from AnnouncementTimerTest (4000 ms total)

[----------] Global test environment tear-down
[==========] 1 test from 1 test suite ran. (4000 ms total)
[  PASSED  ] 1 test.
<end of output>
Test time =   4.00 sec
----------------------------------------------------------
Test Passed.
"AnnouncementTimerTest.StartMethod" end time: May 16 18:19 UTC
"AnnouncementTimerTest.StartMethod" time elapsed: 00:00:04
----------------------------------------------------------

448/452 Testing: DoipControllerTest.ValidRequestHandling
448/452 Test: DoipControllerTest.ValidRequestHandling
Command: "/home/runner/work/Adaptive-AUTOSAR/Adaptive-AUTOSAR/build/bin/doip_lib_test" "--gtest_filter=DoipControllerTest.ValidRequestHandling" "--gtest_also_run_disabled_tests"
Directory: /home/runner/work/Adaptive-AUTOSAR/Adaptive-AUTOSAR/build/_deps/doip-lib-build
"DoipControllerTest.ValidRequestHandling" start time: May 16 18:19 UTC
Output:
----------------------------------------------------------
Running main() from /home/runner/work/Adaptive-AUTOSAR/Adaptive-AUTOSAR/build/_deps/googletest-src/googletest/src/gtest_main.cc
Note: Google Test filter = DoipControllerTest.ValidRequestHandling
[==========] Running 1 test from 1 test suite.
[----------] Global test environment set-up.
[----------] 1 test from DoipControllerTest
[ RUN      ] DoipControllerTest.ValidRequestHandling
[       OK ] DoipControllerTest.ValidRequestHandling (0 ms)
[----------] 1 test from DoipControllerTest (0 ms total)

[----------] Global test environment tear-down
[==========] 1 test from 1 test suite ran. (0 ms total)
[  PASSED  ] 1 test.
<end of output>
Test time =   0.00 sec
----------------------------------------------------------
Test Passed.
"DoipControllerTest.ValidRequestHandling" end time: May 16 18:19 UTC
"DoipControllerTest.ValidRequestHandling" time elapsed: 00:00:00
----------------------------------------------------------

449/452 Testing: DoipControllerTest.InvalidLargeRequestHandling
449/452 Test: DoipControllerTest.InvalidLargeRequestHandling
Command: "/home/runner/work/Adaptive-AUTOSAR/Adaptive-AUTOSAR/build/bin/doip_lib_test" "--gtest_filter=DoipControllerTest.InvalidLargeRequestHandling" "--gtest_also_run_disabled_tests"
Directory: /home/runner/work/Adaptive-AUTOSAR/Adaptive-AUTOSAR/build/_deps/doip-lib-build
"DoipControllerTest.InvalidLargeRequestHandling" start time: May 16 18:19 UTC
Output:
----------------------------------------------------------
Running main() from /home/runner/work/Adaptive-AUTOSAR/Adaptive-AUTOSAR/build/_deps/googletest-src/googletest/src/gtest_main.cc
Note: Google Test filter = DoipControllerTest.InvalidLargeRequestHandling
[==========] Running 1 test from 1 test suite.
[----------] Global test environment set-up.
[----------] 1 test from DoipControllerTest
[ RUN      ] DoipControllerTest.InvalidLargeRequestHandling
[       OK ] DoipControllerTest.InvalidLargeRequestHandling (0 ms)
[----------] 1 test from DoipControllerTest (0 ms total)

[----------] Global test environment tear-down
[==========] 1 test from 1 test suite ran. (0 ms total)
[  PASSED  ] 1 test.
<end of output>
Test time =   0.00 sec
----------------------------------------------------------
Test Passed.
"DoipControllerTest.InvalidLargeRequestHandling" end time: May 16 18:19 UTC
"DoipControllerTest.InvalidLargeRequestHandling" time elapsed: 00:00:00
----------------------------------------------------------

450/452 Testing: DoipControllerTest.InvalidTypeRequestHandling
450/452 Test: DoipControllerTest.InvalidTypeRequestHandling
Command: "/home/runner/work/Adaptive-AUTOSAR/Adaptive-AUTOSAR/build/bin/doip_lib_test" "--gtest_filter=DoipControllerTest.InvalidTypeRequestHandling" "--gtest_also_run_disabled_tests"
Directory: /home/runner/work/Adaptive-AUTOSAR/Adaptive-AUTOSAR/build/_deps/doip-lib-build
"DoipControllerTest.InvalidTypeRequestHandling" start time: May 16 18:19 UTC
Output:
----------------------------------------------------------
Running main() from /home/runner/work/Adaptive-AUTOSAR/Adaptive-AUTOSAR/build/_deps/googletest-src/googletest/src/gtest_main.cc
Note: Google Test filter = DoipControllerTest.InvalidTypeRequestHandling
[==========] Running 1 test from 1 test suite.
[----------] Global test environment set-up.
[----------] 1 test from DoipControllerTest
[ RUN      ] DoipControllerTest.InvalidTypeRequestHandling
[       OK ] DoipControllerTest.InvalidTypeRequestHandling (0 ms)
[----------] 1 test from DoipControllerTest (0 ms total)

[----------] Global test environment tear-down
[==========] 1 test from 1 test suite ran. (0 ms total)
[  PASSED  ] 1 test.
<end of output>
Test time =   0.00 sec
----------------------------------------------------------
Test Passed.
"DoipControllerTest.InvalidTypeRequestHandling" end time: May 16 18:19 UTC
"DoipControllerTest.InvalidTypeRequestHandling" time elapsed: 00:00:00
----------------------------------------------------------

451/452 Testing: DoipControllerTest.InvalidLengthRequestHandling
451/452 Test: DoipControllerTest.InvalidLengthRequestHandling
Command: "/home/runner/work/Adaptive-AUTOSAR/Adaptive-AUTOSAR/build/bin/doip_lib_test" "--gtest_filter=DoipControllerTest.InvalidLengthRequestHandling" "--gtest_also_run_disabled_tests"
Directory: /home/runner/work/Adaptive-AUTOSAR/Adaptive-AUTOSAR/build/_deps/doip-lib-build
"DoipControllerTest.InvalidLengthRequestHandling" start time: May 16 18:19 UTC
Output:
----------------------------------------------------------
Running main() from /home/runner/work/Adaptive-AUTOSAR/Adaptive-AUTOSAR/build/_deps/googletest-src/googletest/src/gtest_main.cc
Note: Google Test filter = DoipControllerTest.InvalidLengthRequestHandling
[==========] Running 1 test from 1 test suite.
[----------] Global test environment set-up.
[----------] 1 test from DoipControllerTest
[ RUN      ] DoipControllerTest.InvalidLengthRequestHandling
[       OK ] DoipControllerTest.InvalidLengthRequestHandling (0 ms)
[----------] 1 test from DoipControllerTest (0 ms total)

[----------] Global test environment tear-down
[==========] 1 test from 1 test suite ran. (0 ms total)
[  PASSED  ] 1 test.
<end of output>
Test time =   0.00 sec
----------------------------------------------------------
Test Passed.
"DoipControllerTest.InvalidLengthRequestHandling" end time: May 16 18:19 UTC
"DoipControllerTest.InvalidLengthRequestHandling" time elapsed: 00:00:00
----------------------------------------------------------

452/452 Testing: DoipControllerTest.EmptyRequestHandling
452/452 Test: DoipControllerTest.EmptyRequestHandling
Command: "/home/runner/work/Adaptive-AUTOSAR/Adaptive-AUTOSAR/build/bin/doip_lib_test" "--gtest_filter=DoipControllerTest.EmptyRequestHandling" "--gtest_also_run_disabled_tests"
Directory: /home/runner/work/Adaptive-AUTOSAR/Adaptive-AUTOSAR/build/_deps/doip-lib-build
"DoipControllerTest.EmptyRequestHandling" start time: May 16 18:19 UTC
Output:
----------------------------------------------------------
Running main() from /home/runner/work/Adaptive-AUTOSAR/Adaptive-AUTOSAR/build/_deps/googletest-src/googletest/src/gtest_main.cc
Note: Google Test filter = DoipControllerTest.EmptyRequestHandling
[==========] Running 1 test from 1 test suite.
[----------] Global test environment set-up.
[----------] 1 test from DoipControllerTest
[ RUN      ] DoipControllerTest.EmptyRequestHandling
[       OK ] DoipControllerTest.EmptyRequestHandling (0 ms)
[----------] 1 test from DoipControllerTest (0 ms total)

[----------] Global test environment tear-down
[==========] 1 test from 1 test suite ran. (0 ms total)
[  PASSED  ] 1 test.
<end of output>
Test time =   0.00 sec
----------------------------------------------------------
Test Passed.
"DoipControllerTest.EmptyRequestHandling" end time: May 16 18:19 UTC
"DoipControllerTest.EmptyRequestHandling" time elapsed: 00:00:00
----------------------------------------------------------

End testing: May 16 18:19 UTC
