# This is the CMakeCache file.
# For build in directory: /home/runner/work/Adaptive-AUTOSAR/Adaptive-AUTOSAR/build
# It was generated by CMake: /usr/local/bin/cmake
# You can edit this file to change values found and used by cmake.
# If you do not want to change any of the values, simply exit the editor.
# If you do want to change a value, simply edit, save, and exit the editor.
# The syntax for the file is as follows:
# KEY:TYPE=VALUE
# KEY is the name of a variable in the cache.
# TYPE is a hint to GUIs for the type of VALUE, DO NOT EDIT TYPE!.
# VALUE is the current value for the KEY.

########################
# EXTERNAL cache entries
########################

//Value Computed by CMake
Adaptive_Platform_BINARY_DIR:STATIC=/home/runner/work/Adaptive-AUTOSAR/Adaptive-AUTOSAR/build

//Value Computed by CMake
Adaptive_Platform_IS_TOP_LEVEL:STATIC=ON

//Value Computed by CMake
Adaptive_Platform_SOURCE_DIR:STATIC=/home/runner/work/Adaptive-AUTOSAR/Adaptive-AUTOSAR

//Value Computed by CMake
Async_BSD_Socket_Lib_BINARY_DIR:STATIC=/home/runner/work/Adaptive-AUTOSAR/Adaptive-AUTOSAR/build/_deps/async-bsd-socket-lib-build

//Value Computed by CMake
Async_BSD_Socket_Lib_IS_TOP_LEVEL:STATIC=OFF

//Value Computed by CMake
Async_BSD_Socket_Lib_SOURCE_DIR:STATIC=/home/runner/work/Adaptive-AUTOSAR/Adaptive-AUTOSAR/build/_deps/async-bsd-socket-lib-src

//Set to ON to build curl executable.
BUILD_CURL_EXE:BOOL=ON

//Builds the googlemock subproject
BUILD_GMOCK:BOOL=ON

//Build jsoncpp_lib as a object library.
BUILD_OBJECT_LIBS:BOOL=ON

//Build jsoncpp_lib as a shared library.
BUILD_SHARED_LIBS:BOOL=ON

//Build jsoncpp_lib as a static library.
BUILD_STATIC_LIBS:BOOL=ON

//Build the testing tree.
BUILD_TESTING:BOOL=ON

//Path to a program.
CCACHE_EXECUTABLE:FILEPATH=CCACHE_EXECUTABLE-NOTFOUND

//Path to a program.
CMAKE_ADDR2LINE:FILEPATH=/usr/bin/addr2line

//Path to a program.
CMAKE_AR:FILEPATH=/usr/bin/ar

//Archive output dir.
CMAKE_ARCHIVE_OUTPUT_DIRECTORY:PATH=/home/runner/work/Adaptive-AUTOSAR/Adaptive-AUTOSAR/build/lib

//Choose the type of build, options are: None Debug Release RelWithDebInfo
// MinSizeRel ...
CMAKE_BUILD_TYPE:STRING=Debug

//Enable/Disable color output during build.
CMAKE_COLOR_MAKEFILE:BOOL=ON

//CXX compiler
CMAKE_CXX_COMPILER:FILEPATH=/usr/bin/c++

//A wrapper around 'ar' adding the appropriate '--plugin' option
// for the GCC compiler
CMAKE_CXX_COMPILER_AR:FILEPATH=/usr/bin/gcc-ar-11

//A wrapper around 'ranlib' adding the appropriate '--plugin' option
// for the GCC compiler
CMAKE_CXX_COMPILER_RANLIB:FILEPATH=/usr/bin/gcc-ranlib-11

//Flags used by the CXX compiler during all build types.
CMAKE_CXX_FLAGS:STRING=

//Flags used by the CXX compiler during DEBUG builds.
CMAKE_CXX_FLAGS_DEBUG:STRING=-g

//Flags used by the CXX compiler during MINSIZEREL builds.
CMAKE_CXX_FLAGS_MINSIZEREL:STRING=-Os -DNDEBUG

//Flags used by the CXX compiler during RELEASE builds.
CMAKE_CXX_FLAGS_RELEASE:STRING=-O3 -DNDEBUG

//Flags used by the CXX compiler during RELWITHDEBINFO builds.
CMAKE_CXX_FLAGS_RELWITHDEBINFO:STRING=-O2 -g -DNDEBUG

//C compiler
CMAKE_C_COMPILER:FILEPATH=/usr/bin/cc

//A wrapper around 'ar' adding the appropriate '--plugin' option
// for the GCC compiler
CMAKE_C_COMPILER_AR:FILEPATH=/usr/bin/gcc-ar-11

//A wrapper around 'ranlib' adding the appropriate '--plugin' option
// for the GCC compiler
CMAKE_C_COMPILER_RANLIB:FILEPATH=/usr/bin/gcc-ranlib-11

//Flags used by the C compiler during all build types.
CMAKE_C_FLAGS:STRING=

//Flags used by the C compiler during DEBUG builds.
CMAKE_C_FLAGS_DEBUG:STRING=-g

//Flags used by the C compiler during MINSIZEREL builds.
CMAKE_C_FLAGS_MINSIZEREL:STRING=-Os -DNDEBUG

//Flags used by the C compiler during RELEASE builds.
CMAKE_C_FLAGS_RELEASE:STRING=-O3 -DNDEBUG

//Flags used by the C compiler during RELWITHDEBINFO builds.
CMAKE_C_FLAGS_RELWITHDEBINFO:STRING=-O2 -g -DNDEBUG

//Path to a program.
CMAKE_DLLTOOL:FILEPATH=CMAKE_DLLTOOL-NOTFOUND

//Flags used by the linker during all build types.
CMAKE_EXE_LINKER_FLAGS:STRING=

//Flags used by the linker during DEBUG builds.
CMAKE_EXE_LINKER_FLAGS_DEBUG:STRING=

//Flags used by the linker during MINSIZEREL builds.
CMAKE_EXE_LINKER_FLAGS_MINSIZEREL:STRING=

//Flags used by the linker during RELEASE builds.
CMAKE_EXE_LINKER_FLAGS_RELEASE:STRING=

//Flags used by the linker during RELWITHDEBINFO builds.
CMAKE_EXE_LINKER_FLAGS_RELWITHDEBINFO:STRING=

//Enable/Disable output of compile commands during generation.
CMAKE_EXPORT_COMPILE_COMMANDS:BOOL=

//Value Computed by CMake.
CMAKE_FIND_PACKAGE_REDIRECTS_DIR:STATIC=/home/runner/work/Adaptive-AUTOSAR/Adaptive-AUTOSAR/build/CMakeFiles/pkgRedirects

//User executables (bin)
CMAKE_INSTALL_BINDIR:PATH=bin

//Read-only architecture-independent data (DATAROOTDIR)
CMAKE_INSTALL_DATADIR:PATH=

//Read-only architecture-independent data root (share)
CMAKE_INSTALL_DATAROOTDIR:PATH=share

//Documentation root (DATAROOTDIR/doc/PROJECT_NAME)
CMAKE_INSTALL_DOCDIR:PATH=

//C header files (include)
CMAKE_INSTALL_INCLUDEDIR:PATH=include

//Info documentation (DATAROOTDIR/info)
CMAKE_INSTALL_INFODIR:PATH=

//Object code libraries (lib)
CMAKE_INSTALL_LIBDIR:PATH=lib

//Program executables (libexec)
CMAKE_INSTALL_LIBEXECDIR:PATH=libexec

//Locale-dependent data (DATAROOTDIR/locale)
CMAKE_INSTALL_LOCALEDIR:PATH=

//Modifiable single-machine data (var)
CMAKE_INSTALL_LOCALSTATEDIR:PATH=var

//Man documentation (DATAROOTDIR/man)
CMAKE_INSTALL_MANDIR:PATH=

//C header files for non-gcc (/usr/include)
CMAKE_INSTALL_OLDINCLUDEDIR:PATH=/usr/include

//Install path prefix, prepended onto install directories.
CMAKE_INSTALL_PREFIX:PATH=/usr/local

//Run-time variable data (LOCALSTATEDIR/run)
CMAKE_INSTALL_RUNSTATEDIR:PATH=

//System admin executables (sbin)
CMAKE_INSTALL_SBINDIR:PATH=sbin

//Modifiable architecture-independent data (com)
CMAKE_INSTALL_SHAREDSTATEDIR:PATH=com

//Read-only single-machine data (etc)
CMAKE_INSTALL_SYSCONFDIR:PATH=etc

//Name or full path to lber library
CMAKE_LBER_LIB:STRING=lber

//Path to LDAP include directory
CMAKE_LDAP_INCLUDE_DIR:STRING=

//Name or full path to ldap library
CMAKE_LDAP_LIB:STRING=ldap

//Library output dir.
CMAKE_LIBRARY_OUTPUT_DIRECTORY:PATH=/home/runner/work/Adaptive-AUTOSAR/Adaptive-AUTOSAR/build/lib

//Path to a program.
CMAKE_LINKER:FILEPATH=/usr/bin/ld

//Path to a program.
CMAKE_MAKE_PROGRAM:FILEPATH=/usr/bin/gmake

//Flags used by the linker during the creation of modules during
// all build types.
CMAKE_MODULE_LINKER_FLAGS:STRING=

//Flags used by the linker during the creation of modules during
// DEBUG builds.
CMAKE_MODULE_LINKER_FLAGS_DEBUG:STRING=

//Flags used by the linker during the creation of modules during
// MINSIZEREL builds.
CMAKE_MODULE_LINKER_FLAGS_MINSIZEREL:STRING=

//Flags used by the linker during the creation of modules during
// RELEASE builds.
CMAKE_MODULE_LINKER_FLAGS_RELEASE:STRING=

//Flags used by the linker during the creation of modules during
// RELWITHDEBINFO builds.
CMAKE_MODULE_LINKER_FLAGS_RELWITHDEBINFO:STRING=

//Path to a program.
CMAKE_NM:FILEPATH=/usr/bin/nm

//Path to a program.
CMAKE_OBJCOPY:FILEPATH=/usr/bin/objcopy

//Path to a program.
CMAKE_OBJDUMP:FILEPATH=/usr/bin/objdump

//PDB (MSVC debug symbol)output dir.
CMAKE_PDB_OUTPUT_DIRECTORY:PATH=/home/runner/work/Adaptive-AUTOSAR/Adaptive-AUTOSAR/build/bin

//Value Computed by CMake
CMAKE_PROJECT_DESCRIPTION:STATIC=

//Value Computed by CMake
CMAKE_PROJECT_HOMEPAGE_URL:STATIC=

//Value Computed by CMake
CMAKE_PROJECT_NAME:STATIC=Adaptive_Platform

//Value Computed by CMake
CMAKE_PROJECT_VERSION:STATIC=1.12.1

//Value Computed by CMake
CMAKE_PROJECT_VERSION_MAJOR:STATIC=1

//Value Computed by CMake
CMAKE_PROJECT_VERSION_MINOR:STATIC=12

//Value Computed by CMake
CMAKE_PROJECT_VERSION_PATCH:STATIC=1

//Value Computed by CMake
CMAKE_PROJECT_VERSION_TWEAK:STATIC=

//Path to a program.
CMAKE_RANLIB:FILEPATH=/usr/bin/ranlib

//Path to a program.
CMAKE_READELF:FILEPATH=/usr/bin/readelf

//Executable/dll output dir.
CMAKE_RUNTIME_OUTPUT_DIRECTORY:PATH=/home/runner/work/Adaptive-AUTOSAR/Adaptive-AUTOSAR/build/bin

//Flags used by the linker during the creation of shared libraries
// during all build types.
CMAKE_SHARED_LINKER_FLAGS:STRING=

//Flags used by the linker during the creation of shared libraries
// during DEBUG builds.
CMAKE_SHARED_LINKER_FLAGS_DEBUG:STRING=

//Flags used by the linker during the creation of shared libraries
// during MINSIZEREL builds.
CMAKE_SHARED_LINKER_FLAGS_MINSIZEREL:STRING=

//Flags used by the linker during the creation of shared libraries
// during RELEASE builds.
CMAKE_SHARED_LINKER_FLAGS_RELEASE:STRING=

//Flags used by the linker during the creation of shared libraries
// during RELWITHDEBINFO builds.
CMAKE_SHARED_LINKER_FLAGS_RELWITHDEBINFO:STRING=

//If set, runtime paths are not added when installing shared libraries,
// but are added when building.
CMAKE_SKIP_INSTALL_RPATH:BOOL=NO

//If set, runtime paths are not added when using shared libraries.
CMAKE_SKIP_RPATH:BOOL=NO

//Flags used by the linker during the creation of static libraries
// during all build types.
CMAKE_STATIC_LINKER_FLAGS:STRING=

//Flags used by the linker during the creation of static libraries
// during DEBUG builds.
CMAKE_STATIC_LINKER_FLAGS_DEBUG:STRING=

//Flags used by the linker during the creation of static libraries
// during MINSIZEREL builds.
CMAKE_STATIC_LINKER_FLAGS_MINSIZEREL:STRING=

//Flags used by the linker during the creation of static libraries
// during RELEASE builds.
CMAKE_STATIC_LINKER_FLAGS_RELEASE:STRING=

//Flags used by the linker during the creation of static libraries
// during RELWITHDEBINFO builds.
CMAKE_STATIC_LINKER_FLAGS_RELWITHDEBINFO:STRING=

//Path to a program.
CMAKE_STRIP:FILEPATH=/usr/bin/strip

//Path to a program.
CMAKE_TAPI:FILEPATH=CMAKE_TAPI-NOTFOUND

//If this value is on, makefiles will be generated without the
// .SILENT directive, and all commands will be echoed to the console
// during the make.  This is useful for debugging only. With Visual
// Studio IDE projects all commands are done without /nologo.
CMAKE_VERBOSE_MAKEFILE:BOOL=FALSE

//Path to the coverage program that CTest uses for performing coverage
// inspection
COVERAGE_COMMAND:FILEPATH=/usr/bin/gcov

//Extra command line flags to pass to the coverage tool
COVERAGE_EXTRA_FLAGS:STRING=-l

//How many times to retry timed-out CTest submissions.
CTEST_SUBMIT_RETRY_COUNT:STRING=3

//How long to wait between timed-out CTest submissions.
CTEST_SUBMIT_RETRY_DELAY:STRING=5

//Value Computed by CMake
CURL_BINARY_DIR:STATIC=/home/runner/work/Adaptive-AUTOSAR/Adaptive-AUTOSAR/build/_deps/libcurl-build

//Set to ON to enable building curl with brotli support.
CURL_BROTLI:BOOL=OFF

//Path to the CA bundle. Set 'none' to disable or 'auto' for auto-detection.
// Defaults to 'auto'.
CURL_CA_BUNDLE:STRING=/etc/ssl/certs/ca-certificates.crt

//Path to the CA bundle has been set
CURL_CA_BUNDLE_SET:BOOL=TRUE

//Set ON to use built-in CA store of TLS backend. Defaults to OFF
CURL_CA_FALLBACK:BOOL=OFF

//Location of default CA path. Set 'none' to disable or 'auto'
// for auto-detection. Defaults to 'auto'.
CURL_CA_PATH:STRING=/etc/ssl/certs

//Path to the CA bundle has been set
CURL_CA_PATH_SET:BOOL=TRUE

//disables alt-svc support
CURL_DISABLE_ALTSVC:BOOL=OFF

//disables cookies support
CURL_DISABLE_COOKIES:BOOL=OFF

//disables cryptographic authentication
CURL_DISABLE_CRYPTO_AUTH:BOOL=OFF

//disables DICT
CURL_DISABLE_DICT:BOOL=OFF

//disables DNS-over-HTTPS
CURL_DISABLE_DOH:BOOL=OFF

//disables FILE
CURL_DISABLE_FILE:BOOL=OFF

//disables FTP
CURL_DISABLE_FTP:BOOL=OFF

//disables curl_easy_options API for existing options to curl_easy_setopt
CURL_DISABLE_GETOPTIONS:BOOL=OFF

//disables Gopher
CURL_DISABLE_GOPHER:BOOL=OFF

//disables HSTS support
CURL_DISABLE_HSTS:BOOL=OFF

//disables HTTP
CURL_DISABLE_HTTP:BOOL=OFF

//disables all HTTP authentication methods
CURL_DISABLE_HTTP_AUTH:BOOL=OFF

//disables IMAP
CURL_DISABLE_IMAP:BOOL=OFF

CURL_DISABLE_LDAP:BOOL=ON

CURL_DISABLE_LDAPS:BOOL=ON

//disables --libcurl option from the curl tool
CURL_DISABLE_LIBCURL_OPTION:BOOL=OFF

//disables MIME support
CURL_DISABLE_MIME:BOOL=OFF

//disables MQTT
CURL_DISABLE_MQTT:BOOL=OFF

//disables netrc parser
CURL_DISABLE_NETRC:BOOL=OFF

//disables NTLM support
CURL_DISABLE_NTLM:BOOL=OFF

//Disable automatic loading of OpenSSL configuration
CURL_DISABLE_OPENSSL_AUTO_LOAD_CONFIG:BOOL=OFF

//disables date parsing
CURL_DISABLE_PARSEDATE:BOOL=OFF

//disables POP3
CURL_DISABLE_POP3:BOOL=OFF

//disables built-in progress meter
CURL_DISABLE_PROGRESS_METER:BOOL=OFF

//disables proxy support
CURL_DISABLE_PROXY:BOOL=OFF

//disables RTSP
CURL_DISABLE_RTSP:BOOL=OFF

//disables shuffle DNS feature
CURL_DISABLE_SHUFFLE_DNS:BOOL=OFF

//disables SMB
CURL_DISABLE_SMB:BOOL=OFF

//disables SMTP
CURL_DISABLE_SMTP:BOOL=OFF

//disables use of socketpair for curl_multi_poll
CURL_DISABLE_SOCKETPAIR:BOOL=OFF

//disables Telnet
CURL_DISABLE_TELNET:BOOL=OFF

//disables TFTP
CURL_DISABLE_TFTP:BOOL=OFF

//disables verbose strings
CURL_DISABLE_VERBOSE_STRINGS:BOOL=OFF

//to enable cmake export target
CURL_ENABLE_EXPORT_TARGET:BOOL=ON

//Enable SSL support
CURL_ENABLE_SSL:BOOL=ON

//Set to ON to hide libcurl internal symbols (=hide all symbols
// that aren't officially external).
CURL_HIDDEN_SYMBOLS:BOOL=ON

//Value Computed by CMake
CURL_IS_TOP_LEVEL:STATIC=OFF

//Turn on compiler Link Time Optimizations
CURL_LTO:BOOL=OFF

//Value Computed by CMake
CURL_SOURCE_DIR:STATIC=/home/runner/work/Adaptive-AUTOSAR/Adaptive-AUTOSAR/build/_deps/libcurl-src

//Enable BearSSL for SSL/TLS
CURL_USE_BEARSSL:BOOL=OFF

//Use GSSAPI implementation (right now only Heimdal is supported
// with CMake build)
CURL_USE_GSSAPI:BOOL=OFF

//Use libPSL
CURL_USE_LIBPSL:BOOL=ON

//Use libSSH
CURL_USE_LIBSSH:BOOL=OFF

//Use libSSH2
CURL_USE_LIBSSH2:BOOL=ON

//Enable mbedTLS for SSL/TLS
CURL_USE_MBEDTLS:BOOL=OFF

//Enable NSS for SSL/TLS
CURL_USE_NSS:BOOL=OFF

//Use OpenLDAP code.
CURL_USE_OPENLDAP:BOOL=OFF

//Use OpenSSL code. Experimental
CURL_USE_OPENSSL:BOOL=ON

//enable wolfSSL for SSL/TLS
CURL_USE_WOLFSSL:BOOL=OFF

//Turn compiler warnings into errors
CURL_WERROR:BOOL=OFF

//Build curl with ZLIB support (AUTO, ON or OFF)
CURL_ZLIB:STRING=AUTO

//Set to ON to enable building curl with zstd support.
CURL_ZSTD:BOOL=OFF

//Maximum time allowed before CTest will kill the test.
DART_TESTING_TIMEOUT:STRING=1500

//Value Computed by CMake
DoIP_Lib_BINARY_DIR:STATIC=/home/runner/work/Adaptive-AUTOSAR/Adaptive-AUTOSAR/build/_deps/doip-lib-build

//Value Computed by CMake
DoIP_Lib_IS_TOP_LEVEL:STATIC=OFF

//Value Computed by CMake
DoIP_Lib_SOURCE_DIR:STATIC=/home/runner/work/Adaptive-AUTOSAR/Adaptive-AUTOSAR/build/_deps/doip-lib-src

//Set to ON to enable c-ares support
ENABLE_ARES:BOOL=OFF

//Set to ON to build with TrackMemory feature enabled
ENABLE_CURLDEBUG:BOOL=OFF

//Set to ON to enable curl debug features
ENABLE_DEBUG:BOOL=OFF

//Define if you want to enable IPv6 support
ENABLE_IPV6:BOOL=ON

//Set to ON to enable threaded DNS lookup
ENABLE_THREADED_RESOLVER:BOOL=ON

//Define if you want Unix domain sockets support
ENABLE_UNIX_SOCKETS:BOOL=ON

//Set to ON to enable EXPERIMENTAL websockets
ENABLE_WEBSOCKETS:BOOL=OFF

//Directory under which to collect all populated content
FETCHCONTENT_BASE_DIR:PATH=/home/runner/work/Adaptive-AUTOSAR/Adaptive-AUTOSAR/build/_deps

//Disables all attempts to download or update content and assumes
// source dirs already exist
FETCHCONTENT_FULLY_DISCONNECTED:BOOL=OFF

//Enables QUIET option for all content population
FETCHCONTENT_QUIET:BOOL=ON

//When not empty, overrides where to find pre-populated content
// for Async-BSD-Socket-Lib
FETCHCONTENT_SOURCE_DIR_ASYNC-BSD-SOCKET-LIB:PATH=

//When not empty, overrides where to find pre-populated content
// for Doip-Lib
FETCHCONTENT_SOURCE_DIR_DOIP-LIB:PATH=

//When not empty, overrides where to find pre-populated content
// for googletest
FETCHCONTENT_SOURCE_DIR_GOOGLETEST:PATH=

//When not empty, overrides where to find pre-populated content
// for jsoncpp_lib
FETCHCONTENT_SOURCE_DIR_JSONCPP_LIB:PATH=

//When not empty, overrides where to find pre-populated content
// for libcurl
FETCHCONTENT_SOURCE_DIR_LIBCURL:PATH=

//When not empty, overrides where to find pre-populated content
// for OBD-II-Emulator
FETCHCONTENT_SOURCE_DIR_OBD-II-EMULATOR:PATH=

//Enables UPDATE_DISCONNECTED behavior for all content population
FETCHCONTENT_UPDATES_DISCONNECTED:BOOL=OFF

//Enables UPDATE_DISCONNECTED behavior just for population of Async-BSD-Socket-Lib
FETCHCONTENT_UPDATES_DISCONNECTED_ASYNC-BSD-SOCKET-LIB:BOOL=OFF

//Enables UPDATE_DISCONNECTED behavior just for population of Doip-Lib
FETCHCONTENT_UPDATES_DISCONNECTED_DOIP-LIB:BOOL=OFF

//Enables UPDATE_DISCONNECTED behavior just for population of googletest
FETCHCONTENT_UPDATES_DISCONNECTED_GOOGLETEST:BOOL=OFF

//Enables UPDATE_DISCONNECTED behavior just for population of jsoncpp_lib
FETCHCONTENT_UPDATES_DISCONNECTED_JSONCPP_LIB:BOOL=OFF

//Enables UPDATE_DISCONNECTED behavior just for population of libcurl
FETCHCONTENT_UPDATES_DISCONNECTED_LIBCURL:BOOL=OFF

//Enables UPDATE_DISCONNECTED behavior just for population of OBD-II-Emulator
FETCHCONTENT_UPDATES_DISCONNECTED_OBD-II-EMULATOR:BOOL=OFF

//disables all protocols except HTTP (This overrides all CURL_DISABLE_*
// options)
HTTP_ONLY:BOOL=OFF

//Enable installation of googletest. (Projects embedding googletest
// may want to turn this OFF.)
INSTALL_GTEST:BOOL=ON

//Use static (MT/MTd) Windows runtime
JSONCPP_STATIC_WINDOWS_RUNTIME:BOOL=OFF

//-D...=1 to use memory-wiping allocator for STL
JSONCPP_USE_SECURE_MEMORY:STRING=0

//Generate and install cmake package files
JSONCPP_WITH_CMAKE_PACKAGE:BOOL=ON

//Compile JsonCpp example
JSONCPP_WITH_EXAMPLE:BOOL=OFF

//Generate and install .pc files
JSONCPP_WITH_PKGCONFIG_SUPPORT:BOOL=ON

//Automatically run unit-tests as a post build step
JSONCPP_WITH_POST_BUILD_UNITTEST:BOOL=ON

//Issue all the warnings demanded by strict ISO C and ISO C++
JSONCPP_WITH_STRICT_ISO:BOOL=ON

//Compile and (for jsoncpp_check) run JsonCpp test executables
JSONCPP_WITH_TESTS:BOOL=ON

//Force compilation to fail if a warning occurs
JSONCPP_WITH_WARNING_AS_ERROR:BOOL=OFF

//Basename of the curl library
LIBCURL_OUTPUT_NAME:STRING=libcurl

//Path to a file.
LIBPSL_INCLUDE_DIR:PATH=LIBPSL_INCLUDE_DIR-NOTFOUND

//Path to a library.
LIBPSL_LIBRARY:FILEPATH=LIBPSL_LIBRARY-NOTFOUND

//Path to a file.
LIBSSH2_INCLUDE_DIR:PATH=LIBSSH2_INCLUDE_DIR-NOTFOUND

//Path to a library.
LIBSSH2_LIBRARY:FILEPATH=LIBSSH2_LIBRARY-NOTFOUND

//Command to build the project
MAKECOMMAND:STRING=/usr/local/bin/cmake --build . --config "${CTEST_CONFIGURATION_TYPE}"

//Path to the memory checking command, used for memory error detection.
MEMORYCHECK_COMMAND:FILEPATH=MEMORYCHECK_COMMAND-NOTFOUND

//File that contains suppressions for the memory checker
MEMORYCHECK_SUPPRESSIONS_FILE:FILEPATH=

//Value Computed by CMake
OBD_II_Emulator_BINARY_DIR:STATIC=/home/runner/work/Adaptive-AUTOSAR/Adaptive-AUTOSAR/build/_deps/obd-ii-emulator-build

//Value Computed by CMake
OBD_II_Emulator_IS_TOP_LEVEL:STATIC=OFF

//Value Computed by CMake
OBD_II_Emulator_SOURCE_DIR:STATIC=/home/runner/work/Adaptive-AUTOSAR/Adaptive-AUTOSAR/build/_deps/obd-ii-emulator-src

//Path to a library.
OPENSSL_CRYPTO_LIBRARY:FILEPATH=/usr/lib/x86_64-linux-gnu/libcrypto.so

//Path to a file.
OPENSSL_INCLUDE_DIR:PATH=/usr/include

//Path to a library.
OPENSSL_SSL_LIBRARY:FILEPATH=/usr/lib/x86_64-linux-gnu/libssl.so

//Path to a program.
PERL_EXECUTABLE:FILEPATH=/usr/bin/perl

//Enable picky compiler options
PICKY_COMPILER:BOOL=ON

//Arguments to supply to pkg-config
PKG_CONFIG_ARGN:STRING=

//pkg-config executable
PKG_CONFIG_EXECUTABLE:FILEPATH=/usr/bin/pkg-config

//Path to a file.
RANDOM_FILE:FILEPATH=/dev/urandom

//Name of the computer/site where compile is being run
SITE:STRING=fv-az891-548

//Use libidn2 for IDN support
USE_LIBIDN2:BOOL=ON

//Use msquic library for HTTP/3 support
USE_MSH3:BOOL=OFF

//Use Nghttp2 library
USE_NGHTTP2:BOOL=OFF

//Use ngtcp2 and nghttp3 libraries for HTTP/3 support
USE_NGTCP2:BOOL=OFF

//Use quiche library for HTTP/3 support
USE_QUICHE:BOOL=OFF

//Path to a file.
ZLIB_INCLUDE_DIR:PATH=/usr/include

//Path to a library.
ZLIB_LIBRARY_DEBUG:FILEPATH=ZLIB_LIBRARY_DEBUG-NOTFOUND

//Path to a library.
ZLIB_LIBRARY_RELEASE:FILEPATH=/usr/lib/x86_64-linux-gnu/libz.so

//Build all the samples.
build_samples:BOOL=OFF

//Build all the tests.
build_tests:BOOL=ON

//Value Computed by CMake
gmock_BINARY_DIR:STATIC=/home/runner/work/Adaptive-AUTOSAR/Adaptive-AUTOSAR/build/_deps/googletest-build/googlemock

//Value Computed by CMake
gmock_IS_TOP_LEVEL:STATIC=OFF

//Dependencies for the target
gmock_LIB_DEPENDS:STATIC=general;gtest;

//Value Computed by CMake
gmock_SOURCE_DIR:STATIC=/home/runner/work/Adaptive-AUTOSAR/Adaptive-AUTOSAR/build/_deps/googletest-src/googlemock

//Build all of Google Mock's own tests.
gmock_build_tests:BOOL=OFF

//Dependencies for the target
gmock_main_LIB_DEPENDS:STATIC=general;gmock;

//Value Computed by CMake
googletest-distribution_BINARY_DIR:STATIC=/home/runner/work/Adaptive-AUTOSAR/Adaptive-AUTOSAR/build/_deps/googletest-build

//Value Computed by CMake
googletest-distribution_IS_TOP_LEVEL:STATIC=OFF

//Value Computed by CMake
googletest-distribution_SOURCE_DIR:STATIC=/home/runner/work/Adaptive-AUTOSAR/Adaptive-AUTOSAR/build/_deps/googletest-src

//Value Computed by CMake
gtest_BINARY_DIR:STATIC=/home/runner/work/Adaptive-AUTOSAR/Adaptive-AUTOSAR/build/_deps/googletest-build/googletest

//Value Computed by CMake
gtest_IS_TOP_LEVEL:STATIC=OFF

//Value Computed by CMake
gtest_SOURCE_DIR:STATIC=/home/runner/work/Adaptive-AUTOSAR/Adaptive-AUTOSAR/build/_deps/googletest-src/googletest

//Build gtest's sample programs.
gtest_build_samples:BOOL=OFF

//Build all of gtest's own tests.
gtest_build_tests:BOOL=OFF

//Disable uses of pthreads in gtest.
gtest_disable_pthreads:BOOL=OFF

//Use shared (DLL) run-time lib even when Google Test is built
// as static lib.
gtest_force_shared_crt:BOOL=OFF

//Build gtest with internal symbols hidden in shared libraries.
gtest_hide_internal_symbols:BOOL=OFF

//Dependencies for the target
gtest_main_LIB_DEPENDS:STATIC=general;gtest;

//Value Computed by CMake
jsoncpp_BINARY_DIR:STATIC=/home/runner/work/Adaptive-AUTOSAR/Adaptive-AUTOSAR/build/_deps/jsoncpp_lib-build

//Value Computed by CMake
jsoncpp_IS_TOP_LEVEL:STATIC=OFF

//Value Computed by CMake
jsoncpp_SOURCE_DIR:STATIC=/home/runner/work/Adaptive-AUTOSAR/Adaptive-AUTOSAR/build/_deps/jsoncpp_lib-src

//Path to a library.
pkgcfg_lib__OPENSSL_crypto:FILEPATH=/usr/lib/x86_64-linux-gnu/libcrypto.so

//Path to a library.
pkgcfg_lib__OPENSSL_ssl:FILEPATH=/usr/lib/x86_64-linux-gnu/libssl.so


########################
# INTERNAL cache entries
########################

//ADVANCED property for variable: CMAKE_ADDR2LINE
CMAKE_ADDR2LINE-ADVANCED:INTERNAL=1
//ADVANCED property for variable: CMAKE_AR
CMAKE_AR-ADVANCED:INTERNAL=1
//This is the directory where this CMakeCache.txt was created
CMAKE_CACHEFILE_DIR:INTERNAL=/home/runner/work/Adaptive-AUTOSAR/Adaptive-AUTOSAR/build
//Major version of cmake used to create the current loaded cache
CMAKE_CACHE_MAJOR_VERSION:INTERNAL=3
//Minor version of cmake used to create the current loaded cache
CMAKE_CACHE_MINOR_VERSION:INTERNAL=31
//Patch version of cmake used to create the current loaded cache
CMAKE_CACHE_PATCH_VERSION:INTERNAL=6
//ADVANCED property for variable: CMAKE_COLOR_MAKEFILE
CMAKE_COLOR_MAKEFILE-ADVANCED:INTERNAL=1
//Path to CMake executable.
CMAKE_COMMAND:INTERNAL=/usr/local/bin/cmake
//Path to cpack program executable.
CMAKE_CPACK_COMMAND:INTERNAL=/usr/local/bin/cpack
//ADVANCED property for variable: CMAKE_CTEST_COMMAND
CMAKE_CTEST_COMMAND-ADVANCED:INTERNAL=1
//Path to ctest program executable.
CMAKE_CTEST_COMMAND:INTERNAL=/usr/local/bin/ctest
//ADVANCED property for variable: CMAKE_CXX_COMPILER
CMAKE_CXX_COMPILER-ADVANCED:INTERNAL=1
//ADVANCED property for variable: CMAKE_CXX_COMPILER_AR
CMAKE_CXX_COMPILER_AR-ADVANCED:INTERNAL=1
//ADVANCED property for variable: CMAKE_CXX_COMPILER_RANLIB
CMAKE_CXX_COMPILER_RANLIB-ADVANCED:INTERNAL=1
//ADVANCED property for variable: CMAKE_CXX_FLAGS
CMAKE_CXX_FLAGS-ADVANCED:INTERNAL=1
//ADVANCED property for variable: CMAKE_CXX_FLAGS_DEBUG
CMAKE_CXX_FLAGS_DEBUG-ADVANCED:INTERNAL=1
//ADVANCED property for variable: CMAKE_CXX_FLAGS_MINSIZEREL
CMAKE_CXX_FLAGS_MINSIZEREL-ADVANCED:INTERNAL=1
//ADVANCED property for variable: CMAKE_CXX_FLAGS_RELEASE
CMAKE_CXX_FLAGS_RELEASE-ADVANCED:INTERNAL=1
//ADVANCED property for variable: CMAKE_CXX_FLAGS_RELWITHDEBINFO
CMAKE_CXX_FLAGS_RELWITHDEBINFO-ADVANCED:INTERNAL=1
//ADVANCED property for variable: CMAKE_C_COMPILER
CMAKE_C_COMPILER-ADVANCED:INTERNAL=1
//ADVANCED property for variable: CMAKE_C_COMPILER_AR
CMAKE_C_COMPILER_AR-ADVANCED:INTERNAL=1
//ADVANCED property for variable: CMAKE_C_COMPILER_RANLIB
CMAKE_C_COMPILER_RANLIB-ADVANCED:INTERNAL=1
//ADVANCED property for variable: CMAKE_C_FLAGS
CMAKE_C_FLAGS-ADVANCED:INTERNAL=1
//ADVANCED property for variable: CMAKE_C_FLAGS_DEBUG
CMAKE_C_FLAGS_DEBUG-ADVANCED:INTERNAL=1
//ADVANCED property for variable: CMAKE_C_FLAGS_MINSIZEREL
CMAKE_C_FLAGS_MINSIZEREL-ADVANCED:INTERNAL=1
//ADVANCED property for variable: CMAKE_C_FLAGS_RELEASE
CMAKE_C_FLAGS_RELEASE-ADVANCED:INTERNAL=1
//ADVANCED property for variable: CMAKE_C_FLAGS_RELWITHDEBINFO
CMAKE_C_FLAGS_RELWITHDEBINFO-ADVANCED:INTERNAL=1
//ADVANCED property for variable: CMAKE_DLLTOOL
CMAKE_DLLTOOL-ADVANCED:INTERNAL=1
//Path to cache edit program executable.
CMAKE_EDIT_COMMAND:INTERNAL=/usr/local/bin/ccmake
//Executable file format
CMAKE_EXECUTABLE_FORMAT:INTERNAL=ELF
//ADVANCED property for variable: CMAKE_EXE_LINKER_FLAGS
CMAKE_EXE_LINKER_FLAGS-ADVANCED:INTERNAL=1
//ADVANCED property for variable: CMAKE_EXE_LINKER_FLAGS_DEBUG
CMAKE_EXE_LINKER_FLAGS_DEBUG-ADVANCED:INTERNAL=1
//ADVANCED property for variable: CMAKE_EXE_LINKER_FLAGS_MINSIZEREL
CMAKE_EXE_LINKER_FLAGS_MINSIZEREL-ADVANCED:INTERNAL=1
//ADVANCED property for variable: CMAKE_EXE_LINKER_FLAGS_RELEASE
CMAKE_EXE_LINKER_FLAGS_RELEASE-ADVANCED:INTERNAL=1
//ADVANCED property for variable: CMAKE_EXE_LINKER_FLAGS_RELWITHDEBINFO
CMAKE_EXE_LINKER_FLAGS_RELWITHDEBINFO-ADVANCED:INTERNAL=1
//ADVANCED property for variable: CMAKE_EXPORT_COMPILE_COMMANDS
CMAKE_EXPORT_COMPILE_COMMANDS-ADVANCED:INTERNAL=1
//Name of external makefile project generator.
CMAKE_EXTRA_GENERATOR:INTERNAL=
//Name of generator.
CMAKE_GENERATOR:INTERNAL=Unix Makefiles
//Generator instance identifier.
CMAKE_GENERATOR_INSTANCE:INTERNAL=
//Name of generator platform.
CMAKE_GENERATOR_PLATFORM:INTERNAL=
//Name of generator toolset.
CMAKE_GENERATOR_TOOLSET:INTERNAL=
//Test CMAKE_HAVE_LIBC_PTHREAD
CMAKE_HAVE_LIBC_PTHREAD:INTERNAL=1
//Source directory with the top level CMakeLists.txt file for this
// project
CMAKE_HOME_DIRECTORY:INTERNAL=/home/runner/work/Adaptive-AUTOSAR/Adaptive-AUTOSAR
//ADVANCED property for variable: CMAKE_INSTALL_BINDIR
CMAKE_INSTALL_BINDIR-ADVANCED:INTERNAL=1
//ADVANCED property for variable: CMAKE_INSTALL_DATADIR
CMAKE_INSTALL_DATADIR-ADVANCED:INTERNAL=1
//ADVANCED property for variable: CMAKE_INSTALL_DATAROOTDIR
CMAKE_INSTALL_DATAROOTDIR-ADVANCED:INTERNAL=1
//ADVANCED property for variable: CMAKE_INSTALL_DOCDIR
CMAKE_INSTALL_DOCDIR-ADVANCED:INTERNAL=1
//ADVANCED property for variable: CMAKE_INSTALL_INCLUDEDIR
CMAKE_INSTALL_INCLUDEDIR-ADVANCED:INTERNAL=1
//ADVANCED property for variable: CMAKE_INSTALL_INFODIR
CMAKE_INSTALL_INFODIR-ADVANCED:INTERNAL=1
//ADVANCED property for variable: CMAKE_INSTALL_LIBDIR
CMAKE_INSTALL_LIBDIR-ADVANCED:INTERNAL=1
//ADVANCED property for variable: CMAKE_INSTALL_LIBEXECDIR
CMAKE_INSTALL_LIBEXECDIR-ADVANCED:INTERNAL=1
//ADVANCED property for variable: CMAKE_INSTALL_LOCALEDIR
CMAKE_INSTALL_LOCALEDIR-ADVANCED:INTERNAL=1
//ADVANCED property for variable: CMAKE_INSTALL_LOCALSTATEDIR
CMAKE_INSTALL_LOCALSTATEDIR-ADVANCED:INTERNAL=1
//ADVANCED property for variable: CMAKE_INSTALL_MANDIR
CMAKE_INSTALL_MANDIR-ADVANCED:INTERNAL=1
//ADVANCED property for variable: CMAKE_INSTALL_OLDINCLUDEDIR
CMAKE_INSTALL_OLDINCLUDEDIR-ADVANCED:INTERNAL=1
//ADVANCED property for variable: CMAKE_INSTALL_RUNSTATEDIR
CMAKE_INSTALL_RUNSTATEDIR-ADVANCED:INTERNAL=1
//ADVANCED property for variable: CMAKE_INSTALL_SBINDIR
CMAKE_INSTALL_SBINDIR-ADVANCED:INTERNAL=1
//ADVANCED property for variable: CMAKE_INSTALL_SHAREDSTATEDIR
CMAKE_INSTALL_SHAREDSTATEDIR-ADVANCED:INTERNAL=1
//Install .so files without execute permission.
CMAKE_INSTALL_SO_NO_EXE:INTERNAL=1
//ADVANCED property for variable: CMAKE_INSTALL_SYSCONFDIR
CMAKE_INSTALL_SYSCONFDIR-ADVANCED:INTERNAL=1
//ADVANCED property for variable: CMAKE_LINKER
CMAKE_LINKER-ADVANCED:INTERNAL=1
//ADVANCED property for variable: CMAKE_MAKE_PROGRAM
CMAKE_MAKE_PROGRAM-ADVANCED:INTERNAL=1
//ADVANCED property for variable: CMAKE_MODULE_LINKER_FLAGS
CMAKE_MODULE_LINKER_FLAGS-ADVANCED:INTERNAL=1
//ADVANCED property for variable: CMAKE_MODULE_LINKER_FLAGS_DEBUG
CMAKE_MODULE_LINKER_FLAGS_DEBUG-ADVANCED:INTERNAL=1
//ADVANCED property for variable: CMAKE_MODULE_LINKER_FLAGS_MINSIZEREL
CMAKE_MODULE_LINKER_FLAGS_MINSIZEREL-ADVANCED:INTERNAL=1
//ADVANCED property for variable: CMAKE_MODULE_LINKER_FLAGS_RELEASE
CMAKE_MODULE_LINKER_FLAGS_RELEASE-ADVANCED:INTERNAL=1
//ADVANCED property for variable: CMAKE_MODULE_LINKER_FLAGS_RELWITHDEBINFO
CMAKE_MODULE_LINKER_FLAGS_RELWITHDEBINFO-ADVANCED:INTERNAL=1
//ADVANCED property for variable: CMAKE_NM
CMAKE_NM-ADVANCED:INTERNAL=1
//number of local generators
CMAKE_NUMBER_OF_MAKEFILES:INTERNAL=21
//ADVANCED property for variable: CMAKE_OBJCOPY
CMAKE_OBJCOPY-ADVANCED:INTERNAL=1
//ADVANCED property for variable: CMAKE_OBJDUMP
CMAKE_OBJDUMP-ADVANCED:INTERNAL=1
//Platform information initialized
CMAKE_PLATFORM_INFO_INITIALIZED:INTERNAL=1
//ADVANCED property for variable: CMAKE_RANLIB
CMAKE_RANLIB-ADVANCED:INTERNAL=1
//ADVANCED property for variable: CMAKE_READELF
CMAKE_READELF-ADVANCED:INTERNAL=1
//Path to CMake installation.
CMAKE_ROOT:INTERNAL=/usr/local/share/cmake-3.31
//ADVANCED property for variable: CMAKE_SHARED_LINKER_FLAGS
CMAKE_SHARED_LINKER_FLAGS-ADVANCED:INTERNAL=1
//ADVANCED property for variable: CMAKE_SHARED_LINKER_FLAGS_DEBUG
CMAKE_SHARED_LINKER_FLAGS_DEBUG-ADVANCED:INTERNAL=1
//ADVANCED property for variable: CMAKE_SHARED_LINKER_FLAGS_MINSIZEREL
CMAKE_SHARED_LINKER_FLAGS_MINSIZEREL-ADVANCED:INTERNAL=1
//ADVANCED property for variable: CMAKE_SHARED_LINKER_FLAGS_RELEASE
CMAKE_SHARED_LINKER_FLAGS_RELEASE-ADVANCED:INTERNAL=1
//ADVANCED property for variable: CMAKE_SHARED_LINKER_FLAGS_RELWITHDEBINFO
CMAKE_SHARED_LINKER_FLAGS_RELWITHDEBINFO-ADVANCED:INTERNAL=1
//ADVANCED property for variable: CMAKE_SKIP_INSTALL_RPATH
CMAKE_SKIP_INSTALL_RPATH-ADVANCED:INTERNAL=1
//ADVANCED property for variable: CMAKE_SKIP_RPATH
CMAKE_SKIP_RPATH-ADVANCED:INTERNAL=1
//ADVANCED property for variable: CMAKE_STATIC_LINKER_FLAGS
CMAKE_STATIC_LINKER_FLAGS-ADVANCED:INTERNAL=1
//ADVANCED property for variable: CMAKE_STATIC_LINKER_FLAGS_DEBUG
CMAKE_STATIC_LINKER_FLAGS_DEBUG-ADVANCED:INTERNAL=1
//ADVANCED property for variable: CMAKE_STATIC_LINKER_FLAGS_MINSIZEREL
CMAKE_STATIC_LINKER_FLAGS_MINSIZEREL-ADVANCED:INTERNAL=1
//ADVANCED property for variable: CMAKE_STATIC_LINKER_FLAGS_RELEASE
CMAKE_STATIC_LINKER_FLAGS_RELEASE-ADVANCED:INTERNAL=1
//ADVANCED property for variable: CMAKE_STATIC_LINKER_FLAGS_RELWITHDEBINFO
CMAKE_STATIC_LINKER_FLAGS_RELWITHDEBINFO-ADVANCED:INTERNAL=1
//ADVANCED property for variable: CMAKE_STRIP
CMAKE_STRIP-ADVANCED:INTERNAL=1
//ADVANCED property for variable: CMAKE_TAPI
CMAKE_TAPI-ADVANCED:INTERNAL=1
//uname command
CMAKE_UNAME:INTERNAL=/usr/bin/uname
//ADVANCED property for variable: CMAKE_VERBOSE_MAKEFILE
CMAKE_VERBOSE_MAKEFILE-ADVANCED:INTERNAL=1
//ADVANCED property for variable: COVERAGE_COMMAND
COVERAGE_COMMAND-ADVANCED:INTERNAL=1
//ADVANCED property for variable: COVERAGE_EXTRA_FLAGS
COVERAGE_EXTRA_FLAGS-ADVANCED:INTERNAL=1
//ADVANCED property for variable: CTEST_SUBMIT_RETRY_COUNT
CTEST_SUBMIT_RETRY_COUNT-ADVANCED:INTERNAL=1
//ADVANCED property for variable: CTEST_SUBMIT_RETRY_DELAY
CTEST_SUBMIT_RETRY_DELAY-ADVANCED:INTERNAL=1
//ADVANCED property for variable: CURL_DISABLE_ALTSVC
CURL_DISABLE_ALTSVC-ADVANCED:INTERNAL=1
//ADVANCED property for variable: CURL_DISABLE_COOKIES
CURL_DISABLE_COOKIES-ADVANCED:INTERNAL=1
//ADVANCED property for variable: CURL_DISABLE_CRYPTO_AUTH
CURL_DISABLE_CRYPTO_AUTH-ADVANCED:INTERNAL=1
//ADVANCED property for variable: CURL_DISABLE_DICT
CURL_DISABLE_DICT-ADVANCED:INTERNAL=1
//ADVANCED property for variable: CURL_DISABLE_DOH
CURL_DISABLE_DOH-ADVANCED:INTERNAL=1
//ADVANCED property for variable: CURL_DISABLE_FILE
CURL_DISABLE_FILE-ADVANCED:INTERNAL=1
//ADVANCED property for variable: CURL_DISABLE_FTP
CURL_DISABLE_FTP-ADVANCED:INTERNAL=1
//ADVANCED property for variable: CURL_DISABLE_GETOPTIONS
CURL_DISABLE_GETOPTIONS-ADVANCED:INTERNAL=1
//ADVANCED property for variable: CURL_DISABLE_GOPHER
CURL_DISABLE_GOPHER-ADVANCED:INTERNAL=1
//ADVANCED property for variable: CURL_DISABLE_HSTS
CURL_DISABLE_HSTS-ADVANCED:INTERNAL=1
//ADVANCED property for variable: CURL_DISABLE_HTTP
CURL_DISABLE_HTTP-ADVANCED:INTERNAL=1
//ADVANCED property for variable: CURL_DISABLE_HTTP_AUTH
CURL_DISABLE_HTTP_AUTH-ADVANCED:INTERNAL=1
//ADVANCED property for variable: CURL_DISABLE_IMAP
CURL_DISABLE_IMAP-ADVANCED:INTERNAL=1
//ADVANCED property for variable: CURL_DISABLE_LDAP
CURL_DISABLE_LDAP-ADVANCED:INTERNAL=1
//ADVANCED property for variable: CURL_DISABLE_LDAPS
CURL_DISABLE_LDAPS-ADVANCED:INTERNAL=1
//ADVANCED property for variable: CURL_DISABLE_LIBCURL_OPTION
CURL_DISABLE_LIBCURL_OPTION-ADVANCED:INTERNAL=1
//ADVANCED property for variable: CURL_DISABLE_MIME
CURL_DISABLE_MIME-ADVANCED:INTERNAL=1
//ADVANCED property for variable: CURL_DISABLE_MQTT
CURL_DISABLE_MQTT-ADVANCED:INTERNAL=1
//ADVANCED property for variable: CURL_DISABLE_NETRC
CURL_DISABLE_NETRC-ADVANCED:INTERNAL=1
//ADVANCED property for variable: CURL_DISABLE_NTLM
CURL_DISABLE_NTLM-ADVANCED:INTERNAL=1
//ADVANCED property for variable: CURL_DISABLE_PARSEDATE
CURL_DISABLE_PARSEDATE-ADVANCED:INTERNAL=1
//ADVANCED property for variable: CURL_DISABLE_POP3
CURL_DISABLE_POP3-ADVANCED:INTERNAL=1
//ADVANCED property for variable: CURL_DISABLE_PROGRESS_METER
CURL_DISABLE_PROGRESS_METER-ADVANCED:INTERNAL=1
//ADVANCED property for variable: CURL_DISABLE_PROXY
CURL_DISABLE_PROXY-ADVANCED:INTERNAL=1
//ADVANCED property for variable: CURL_DISABLE_RTSP
CURL_DISABLE_RTSP-ADVANCED:INTERNAL=1
//ADVANCED property for variable: CURL_DISABLE_SHUFFLE_DNS
CURL_DISABLE_SHUFFLE_DNS-ADVANCED:INTERNAL=1
//ADVANCED property for variable: CURL_DISABLE_SMB
CURL_DISABLE_SMB-ADVANCED:INTERNAL=1
//ADVANCED property for variable: CURL_DISABLE_SMTP
CURL_DISABLE_SMTP-ADVANCED:INTERNAL=1
//ADVANCED property for variable: CURL_DISABLE_SOCKETPAIR
CURL_DISABLE_SOCKETPAIR-ADVANCED:INTERNAL=1
//ADVANCED property for variable: CURL_DISABLE_TELNET
CURL_DISABLE_TELNET-ADVANCED:INTERNAL=1
//ADVANCED property for variable: CURL_DISABLE_TFTP
CURL_DISABLE_TFTP-ADVANCED:INTERNAL=1
//ADVANCED property for variable: CURL_DISABLE_VERBOSE_STRINGS
CURL_DISABLE_VERBOSE_STRINGS-ADVANCED:INTERNAL=1
//ADVANCED property for variable: CURL_ENABLE_EXPORT_TARGET
CURL_ENABLE_EXPORT_TARGET-ADVANCED:INTERNAL=1
//ADVANCED property for variable: CURL_HIDDEN_SYMBOLS
CURL_HIDDEN_SYMBOLS-ADVANCED:INTERNAL=1
//ADVANCED property for variable: CURL_USE_GSSAPI
CURL_USE_GSSAPI-ADVANCED:INTERNAL=1
//ADVANCED property for variable: CURL_USE_LIBPSL
CURL_USE_LIBPSL-ADVANCED:INTERNAL=1
//ADVANCED property for variable: CURL_USE_LIBSSH
CURL_USE_LIBSSH-ADVANCED:INTERNAL=1
//ADVANCED property for variable: CURL_USE_LIBSSH2
CURL_USE_LIBSSH2-ADVANCED:INTERNAL=1
//ADVANCED property for variable: CURL_USE_OPENLDAP
CURL_USE_OPENLDAP-ADVANCED:INTERNAL=1
//STRINGS property for variable: CURL_ZLIB
CURL_ZLIB-STRINGS:INTERNAL=AUTO;ON;OFF
//ADVANCED property for variable: DART_TESTING_TIMEOUT
DART_TESTING_TIMEOUT-ADVANCED:INTERNAL=1
//ADVANCED property for variable: ENABLE_IPV6
ENABLE_IPV6-ADVANCED:INTERNAL=1
//Details about finding OpenSSL
FIND_PACKAGE_MESSAGE_DETAILS_OpenSSL:INTERNAL=[/usr/lib/x86_64-linux-gnu/libcrypto.so][/usr/include][c ][v3.0.2()]
//Details about finding Perl
FIND_PACKAGE_MESSAGE_DETAILS_Perl:INTERNAL=[/usr/bin/perl][v5.34.0()]
//Details about finding Python
FIND_PACKAGE_MESSAGE_DETAILS_Python:INTERNAL=[/usr/bin/python3.10][cfound components: Interpreter ][v3.10.12()]
//Details about finding Python3
FIND_PACKAGE_MESSAGE_DETAILS_Python3:INTERNAL=[/usr/bin/python3.10][cfound components: Interpreter ][v3.10.12()]
//Details about finding Threads
FIND_PACKAGE_MESSAGE_DETAILS_Threads:INTERNAL=[TRUE][v()]
//Details about finding ZLIB
FIND_PACKAGE_MESSAGE_DETAILS_ZLIB:INTERNAL=[/usr/lib/x86_64-linux-gnu/libz.so][/usr/include][c ][v1.2.11()]
//Have symbol alarm
HAVE_ALARM:INTERNAL=1
//Have include inttypes.h;sys/ioctl.h;sys/param.h;sys/poll.h;sys/resource.h;sys/select.h;sys/socket.h;sys/stat.h;sys/time.h;sys/types.h;sys/un.h;sys/xattr.h;arpa/inet.h
HAVE_ARPA_INET_H:INTERNAL=1
//Have include inttypes.h;sys/ioctl.h;sys/param.h;sys/poll.h;sys/resource.h;sys/select.h;sys/socket.h;sys/stat.h;sys/time.h;sys/types.h;sys/un.h;sys/xattr.h;arpa/inet.h;arpa/tftp.h
HAVE_ARPA_TFTP_H:INTERNAL=1
//Curl test 
HAVE_ATOMIC:INTERNAL=1
//Have symbol basename
HAVE_BASENAME:INTERNAL=1
//Curl test 
HAVE_BOOL_T:INTERNAL=1
//Have symbol OPENSSL_IS_BORINGSSL
HAVE_BORINGSSL:INTERNAL=
//Curl test 
HAVE_BUILTIN_AVAILABLE:INTERNAL=
//Have include clocale
HAVE_CLOCALE:INTERNAL=1
//Curl test 
HAVE_CLOCK_GETTIME_MONOTONIC:INTERNAL=1
//Have symbol closesocket
HAVE_CLOSESOCKET:INTERNAL=
//Test HAVE_DECIMAL_POINT
HAVE_DECIMAL_POINT:INTERNAL=1
//Have symbol fchmod
HAVE_FCHMOD:INTERNAL=1
//Have include inttypes.h;sys/ioctl.h;sys/param.h;sys/poll.h;sys/resource.h;sys/select.h;sys/socket.h;sys/stat.h;sys/time.h;sys/types.h;sys/un.h;sys/xattr.h;arpa/inet.h;arpa/tftp.h;fcntl.h
HAVE_FCNTL_H:INTERNAL=1
//Curl test 
HAVE_FCNTL_O_NONBLOCK:INTERNAL=1
//Curl test 
HAVE_FILE_OFFSET_BITS:INTERNAL=1
//Have symbol freeaddrinfo
HAVE_FREEADDRINFO:INTERNAL=1
//Have symbol fsetxattr
HAVE_FSETXATTR:INTERNAL=1
//Curl test 
HAVE_FSETXATTR_5:INTERNAL=1
//Curl test 
HAVE_FSETXATTR_6:INTERNAL=
//Have symbol ftruncate
HAVE_FTRUNCATE:INTERNAL=1
//Have symbol getaddrinfo
HAVE_GETADDRINFO:INTERNAL=1
//Have symbol geteuid
HAVE_GETEUID:INTERNAL=1
//Have symbol gethostbyname_r
HAVE_GETHOSTBYNAME_R:INTERNAL=1
//Curl test 
HAVE_GETHOSTBYNAME_R_3:INTERNAL=
//Curl test 
HAVE_GETHOSTBYNAME_R_3_REENTRANT:INTERNAL=
//Curl test 
HAVE_GETHOSTBYNAME_R_5:INTERNAL=
//Curl test 
HAVE_GETHOSTBYNAME_R_5_REENTRANT:INTERNAL=
//Curl test 
HAVE_GETHOSTBYNAME_R_6:INTERNAL=1
//Curl test 
HAVE_GETHOSTBYNAME_R_6_REENTRANT:INTERNAL=1
//Have function gethostname
HAVE_GETHOSTNAME:INTERNAL=1
//Have symbol getpass_r
HAVE_GETPASS_R:INTERNAL=
//Have symbol getpeername
HAVE_GETPEERNAME:INTERNAL=1
//Have symbol getppid
HAVE_GETPPID:INTERNAL=1
//Have symbol getpwuid
HAVE_GETPWUID:INTERNAL=1
//Have symbol getpwuid_r
HAVE_GETPWUID_R:INTERNAL=1
//Have symbol getrlimit
HAVE_GETRLIMIT:INTERNAL=1
//Have symbol getsockname
HAVE_GETSOCKNAME:INTERNAL=1
//Have symbol gettimeofday
HAVE_GETTIMEOFDAY:INTERNAL=1
//Curl test 
HAVE_GLIBC_STRERROR_R:INTERNAL=
//Have symbol gmtime_r
HAVE_GMTIME_R:INTERNAL=1
//Have includes inttypes.h;sys/ioctl.h;sys/param.h;sys/poll.h;sys/resource.h;sys/select.h;sys/socket.h;sys/stat.h;sys/time.h;sys/types.h;sys/un.h;sys/xattr.h;arpa/inet.h;arpa/tftp.h;fcntl.h;idn2.h
HAVE_IDN2_H:INTERNAL=
//Have include inttypes.h;sys/ioctl.h;sys/param.h;sys/poll.h;sys/resource.h;sys/select.h;sys/socket.h;sys/stat.h;sys/time.h;sys/types.h;sys/un.h;sys/xattr.h;arpa/inet.h;arpa/tftp.h;fcntl.h;ifaddrs.h
HAVE_IFADDRS_H:INTERNAL=1
//Have symbol if_nametoindex
HAVE_IF_NAMETOINDEX:INTERNAL=1
//Have symbol inet_ntop
HAVE_INET_NTOP:INTERNAL=1
//Have symbol inet_pton
HAVE_INET_PTON:INTERNAL=1
//Have include ;inttypes.h
HAVE_INTTYPES_H:INTERNAL=1
//Curl test 
HAVE_IN_ADDR_T:INTERNAL=1
//Curl test 
HAVE_IOCTLSOCKET:INTERNAL=
//Curl test 
HAVE_IOCTLSOCKET_CAMEL:INTERNAL=
//Curl test 
HAVE_IOCTLSOCKET_CAMEL_FIONBIO:INTERNAL=
//Curl test 
HAVE_IOCTLSOCKET_FIONBIO:INTERNAL=
//Curl test 
HAVE_IOCTL_FIONBIO:INTERNAL=1
//Curl test 
HAVE_IOCTL_SIOCGIFADDR:INTERNAL=1
//Have includes inttypes.h;sys/ioctl.h;sys/param.h;sys/poll.h;sys/resource.h;sys/select.h;sys/socket.h;sys/stat.h;sys/time.h;sys/types.h;sys/un.h;sys/xattr.h;arpa/inet.h;arpa/tftp.h;fcntl.h;ifaddrs.h;io.h
HAVE_IO_H:INTERNAL=
//Have includes ;lber.h
HAVE_LBER_H:INTERNAL=
//Result of TRY_COMPILE
HAVE_LCONV_SIZE:INTERNAL=TRUE
//Have includes ;ldap.h
HAVE_LDAP_H:INTERNAL=
//Have include inttypes.h;sys/ioctl.h;sys/param.h;sys/poll.h;sys/resource.h;sys/select.h;sys/socket.h;sys/stat.h;sys/time.h;sys/types.h;sys/un.h;sys/xattr.h;arpa/inet.h;arpa/tftp.h;fcntl.h;ifaddrs.h;libgen.h
HAVE_LIBGEN_H:INTERNAL=1
//Have library idn2;OpenSSL::SSL;OpenSSL::Crypto
HAVE_LIBIDN2:INTERNAL=
//Have library lber;OpenSSL::SSL;OpenSSL::Crypto
HAVE_LIBLBER:INTERNAL=
//Have library ldap;OpenSSL::SSL;OpenSSL::Crypto
HAVE_LIBLDAP:INTERNAL=
//Have library socket;
HAVE_LIBSOCKET:INTERNAL=
//Have include linux/tcp.h
HAVE_LINUX_TCP_H:INTERNAL=1
//Have symbol localeconv
HAVE_LOCALECONV:INTERNAL=1
//Have include inttypes.h;sys/ioctl.h;sys/param.h;sys/poll.h;sys/resource.h;sys/select.h;sys/socket.h;sys/stat.h;sys/time.h;sys/types.h;sys/un.h;sys/xattr.h;arpa/inet.h;arpa/tftp.h;fcntl.h;ifaddrs.h;libgen.h;locale.h
HAVE_LOCALE_H:INTERNAL=1
//Have function mach_absolute_time
HAVE_MACH_ABSOLUTE_TIME:INTERNAL=
//Test HAVE_MSG_NOSIGNAL
HAVE_MSG_NOSIGNAL:INTERNAL=1
//Have include inttypes.h;sys/ioctl.h;sys/param.h;sys/poll.h;sys/resource.h;sys/select.h;sys/socket.h;sys/stat.h;sys/time.h;sys/types.h;sys/un.h;sys/xattr.h;arpa/inet.h;arpa/tftp.h;fcntl.h;ifaddrs.h;libgen.h;locale.h;net/if.h;netdb.h
HAVE_NETDB_H:INTERNAL=1
//Have include inttypes.h;sys/ioctl.h;sys/param.h;sys/poll.h;sys/resource.h;sys/select.h;sys/socket.h;sys/stat.h;sys/time.h;sys/types.h;sys/un.h;sys/xattr.h;arpa/inet.h;arpa/tftp.h;fcntl.h;ifaddrs.h;libgen.h;locale.h;net/if.h;netdb.h;netinet/in.h
HAVE_NETINET_IN_H:INTERNAL=1
//Have include inttypes.h;sys/ioctl.h;sys/param.h;sys/poll.h;sys/resource.h;sys/select.h;sys/socket.h;sys/stat.h;sys/time.h;sys/types.h;sys/un.h;sys/xattr.h;arpa/inet.h;arpa/tftp.h;fcntl.h;ifaddrs.h;libgen.h;locale.h;net/if.h;netdb.h;netinet/in.h;netinet/tcp.h
HAVE_NETINET_TCP_H:INTERNAL=1
//Have include inttypes.h;sys/ioctl.h;sys/param.h;sys/poll.h;sys/resource.h;sys/select.h;sys/socket.h;sys/stat.h;sys/time.h;sys/types.h;sys/un.h;sys/xattr.h;arpa/inet.h;arpa/tftp.h;fcntl.h;ifaddrs.h;libgen.h;locale.h;net/if.h
HAVE_NET_IF_H:INTERNAL=1
//Curl test 
HAVE_O_NONBLOCK:INTERNAL=
//Have symbol pipe
HAVE_PIPE:INTERNAL=1
//Test HAVE_POLL_FINE
HAVE_POLL_FINE:INTERNAL=1
//Result of TRY_COMPILE
HAVE_POLL_FINE_COMPILED:INTERNAL=TRUE
//Result of try_run()
HAVE_POLL_FINE_EXITCODE:INTERNAL=0
//Have include inttypes.h;sys/ioctl.h;sys/param.h;sys/poll.h;sys/resource.h;sys/select.h;sys/socket.h;sys/stat.h;sys/time.h;sys/types.h;sys/un.h;sys/xattr.h;arpa/inet.h;arpa/tftp.h;fcntl.h;ifaddrs.h;libgen.h;locale.h;net/if.h;netdb.h;netinet/in.h;netinet/tcp.h;poll.h
HAVE_POLL_H:INTERNAL=1
//Curl test 
HAVE_POSIX_STRERROR_R:INTERNAL=1
//Have include inttypes.h;sys/ioctl.h;sys/param.h;sys/poll.h;sys/resource.h;sys/select.h;sys/socket.h;sys/stat.h;sys/time.h;sys/types.h;sys/un.h;sys/xattr.h;arpa/inet.h;arpa/tftp.h;fcntl.h;ifaddrs.h;libgen.h;locale.h;net/if.h;netdb.h;netinet/in.h;netinet/tcp.h;poll.h;pwd.h
HAVE_PWD_H:INTERNAL=1
//Have symbol RAND_egd
HAVE_RAND_EGD:INTERNAL=
//Have symbol recv
HAVE_RECV:INTERNAL=1
//Have symbol select
HAVE_SELECT:INTERNAL=1
//Have symbol send
HAVE_SEND:INTERNAL=1
//Have symbol sendmsg
HAVE_SENDMSG:INTERNAL=1
//Have include inttypes.h;sys/ioctl.h;sys/param.h;sys/poll.h;sys/resource.h;sys/select.h;sys/socket.h;sys/stat.h;sys/time.h;sys/types.h;sys/un.h;sys/xattr.h;arpa/inet.h;arpa/tftp.h;fcntl.h;ifaddrs.h;libgen.h;locale.h;net/if.h;netdb.h;netinet/in.h;netinet/tcp.h;poll.h;pwd.h;setjmp.h
HAVE_SETJMP_H:INTERNAL=1
//Have symbol setlocale
HAVE_SETLOCALE:INTERNAL=1
//Have symbol setmode
HAVE_SETMODE:INTERNAL=
//Have symbol setrlimit
HAVE_SETRLIMIT:INTERNAL=1
//Curl test 
HAVE_SETSOCKOPT_SO_NONBLOCK:INTERNAL=
//Have symbol sigaction
HAVE_SIGACTION:INTERNAL=1
//Have symbol siginterrupt
HAVE_SIGINTERRUPT:INTERNAL=1
//Have symbol signal
HAVE_SIGNAL:INTERNAL=1
//Have include inttypes.h;sys/ioctl.h;sys/param.h;sys/poll.h;sys/resource.h;sys/select.h;sys/socket.h;sys/stat.h;sys/time.h;sys/types.h;sys/un.h;sys/xattr.h;arpa/inet.h;arpa/tftp.h;fcntl.h;ifaddrs.h;libgen.h;locale.h;net/if.h;netdb.h;netinet/in.h;netinet/tcp.h;poll.h;pwd.h;setjmp.h;signal.h
HAVE_SIGNAL_H:INTERNAL=1
//Have symbol sigsetjmp
HAVE_SIGSETJMP:INTERNAL=1
//Result of TRY_COMPILE
HAVE_SIZEOF_ADDRESS_FAMILY:INTERNAL=FALSE
//Result of TRY_COMPILE
HAVE_SIZEOF_CURL_OFF_T:INTERNAL=TRUE
//Result of TRY_COMPILE
HAVE_SIZEOF_INT:INTERNAL=TRUE
//Result of TRY_COMPILE
HAVE_SIZEOF_LONG:INTERNAL=TRUE
//Result of TRY_COMPILE
HAVE_SIZEOF_LONG_LONG:INTERNAL=TRUE
//Result of TRY_COMPILE
HAVE_SIZEOF_OFF_T:INTERNAL=TRUE
//Result of TRY_COMPILE
HAVE_SIZEOF_SA_FAMILY_T:INTERNAL=TRUE
//Result of TRY_COMPILE
HAVE_SIZEOF_SIZE_T:INTERNAL=TRUE
//Result of TRY_COMPILE
HAVE_SIZEOF_SSIZE_T:INTERNAL=TRUE
//Result of TRY_COMPILE
HAVE_SIZEOF_STRUCT_SOCKADDR_STORAGE:INTERNAL=TRUE
//Result of TRY_COMPILE
HAVE_SIZEOF_TIME_T:INTERNAL=TRUE
//Result of TRY_COMPILE
HAVE_SIZEOF___INT64:INTERNAL=FALSE
//Have symbol snprintf
HAVE_SNPRINTF:INTERNAL=1
//Test HAVE_SOCKADDR_IN6_SIN6_ADDR
HAVE_SOCKADDR_IN6_SIN6_ADDR:INTERNAL=1
//Test HAVE_SOCKADDR_IN6_SIN6_SCOPE_ID
HAVE_SOCKADDR_IN6_SIN6_SCOPE_ID:INTERNAL=1
//Have symbol socket
HAVE_SOCKET:INTERNAL=1
//Have symbol socketpair
HAVE_SOCKETPAIR:INTERNAL=1
//Have includes inttypes.h;sys/ioctl.h;sys/param.h;sys/poll.h;sys/resource.h;sys/select.h;sys/socket.h;sys/stat.h;sys/time.h;sys/types.h;sys/un.h;sys/xattr.h;arpa/inet.h;arpa/tftp.h;fcntl.h;ifaddrs.h;libgen.h;locale.h;net/if.h;netdb.h;netinet/in.h;netinet/tcp.h;poll.h;pwd.h;setjmp.h;signal.h;ssl.h
HAVE_SSL_H:INTERNAL=
//Have include inttypes.h;sys/ioctl.h;sys/param.h;sys/poll.h;sys/resource.h;sys/select.h;sys/socket.h;sys/stat.h;sys/time.h;sys/types.h;sys/un.h;sys/xattr.h;arpa/inet.h;arpa/tftp.h;fcntl.h;ifaddrs.h;libgen.h;locale.h;net/if.h;netdb.h;netinet/in.h;netinet/tcp.h;poll.h;pwd.h;setjmp.h;signal.h;stdatomic.h
HAVE_STDATOMIC_H:INTERNAL=1
//Have include inttypes.h;sys/ioctl.h;sys/param.h;sys/poll.h;sys/resource.h;sys/select.h;sys/socket.h;sys/stat.h;sys/time.h;sys/types.h;sys/un.h;sys/xattr.h;arpa/inet.h;arpa/tftp.h;fcntl.h;ifaddrs.h;libgen.h;locale.h;net/if.h;netdb.h;netinet/in.h;netinet/tcp.h;poll.h;pwd.h;setjmp.h;signal.h;stdatomic.h;stdbool.h
HAVE_STDBOOL_H:INTERNAL=1
//Have include inttypes.h;sys/ioctl.h;sys/param.h;sys/poll.h;sys/resource.h;sys/select.h;sys/socket.h;sys/stat.h;sys/time.h;sys/types.h;sys/un.h;sys/xattr.h;arpa/inet.h;arpa/tftp.h;fcntl.h;ifaddrs.h;libgen.h;locale.h;net/if.h;netdb.h;netinet/in.h;netinet/tcp.h;poll.h;pwd.h;setjmp.h;signal.h;stdatomic.h;stdbool.h;stdint.h;stdlib.h;string.h;strings.h;termio.h;termios.h;time.h;unistd.h;utime.h;stddef.h
HAVE_STDDEF_H:INTERNAL=1
//Have include inttypes.h;sys/ioctl.h;sys/param.h;sys/poll.h;sys/resource.h;sys/select.h;sys/socket.h;sys/stat.h;sys/time.h;sys/types.h;sys/un.h;sys/xattr.h;arpa/inet.h;arpa/tftp.h;fcntl.h;ifaddrs.h;libgen.h;locale.h;net/if.h;netdb.h;netinet/in.h;netinet/tcp.h;poll.h;pwd.h;setjmp.h;signal.h;stdatomic.h;stdbool.h;stdint.h
HAVE_STDINT_H:INTERNAL=1
//Have include inttypes.h;sys/ioctl.h;sys/param.h;sys/poll.h;sys/resource.h;sys/select.h;sys/socket.h;sys/stat.h;sys/time.h;sys/types.h;sys/un.h;sys/xattr.h;arpa/inet.h;arpa/tftp.h;fcntl.h;ifaddrs.h;libgen.h;locale.h;net/if.h;netdb.h;netinet/in.h;netinet/tcp.h;poll.h;pwd.h;setjmp.h;signal.h;stdatomic.h;stdbool.h;stdint.h;stdlib.h
HAVE_STDLIB_H:INTERNAL=1
//Have symbol strcasecmp
HAVE_STRCASECMP:INTERNAL=1
//Have symbol strcmpi
HAVE_STRCMPI:INTERNAL=
//Have symbol strdup
HAVE_STRDUP:INTERNAL=1
//Have symbol strerror_r
HAVE_STRERROR_R:INTERNAL=1
//Have symbol stricmp
HAVE_STRICMP:INTERNAL=
//Have include inttypes.h;sys/ioctl.h;sys/param.h;sys/poll.h;sys/resource.h;sys/select.h;sys/socket.h;sys/stat.h;sys/time.h;sys/types.h;sys/un.h;sys/xattr.h;arpa/inet.h;arpa/tftp.h;fcntl.h;ifaddrs.h;libgen.h;locale.h;net/if.h;netdb.h;netinet/in.h;netinet/tcp.h;poll.h;pwd.h;setjmp.h;signal.h;stdatomic.h;stdbool.h;stdint.h;stdlib.h;string.h;strings.h
HAVE_STRINGS_H:INTERNAL=1
//Have include inttypes.h;sys/ioctl.h;sys/param.h;sys/poll.h;sys/resource.h;sys/select.h;sys/socket.h;sys/stat.h;sys/time.h;sys/types.h;sys/un.h;sys/xattr.h;arpa/inet.h;arpa/tftp.h;fcntl.h;ifaddrs.h;libgen.h;locale.h;net/if.h;netdb.h;netinet/in.h;netinet/tcp.h;poll.h;pwd.h;setjmp.h;signal.h;stdatomic.h;stdbool.h;stdint.h;stdlib.h;string.h
HAVE_STRING_H:INTERNAL=1
//Have includes inttypes.h;sys/ioctl.h;sys/param.h;sys/poll.h;sys/resource.h;sys/select.h;sys/socket.h;sys/stat.h;sys/time.h;sys/types.h;sys/un.h;sys/xattr.h;arpa/inet.h;arpa/tftp.h;fcntl.h;ifaddrs.h;libgen.h;locale.h;net/if.h;netdb.h;netinet/in.h;netinet/tcp.h;poll.h;pwd.h;setjmp.h;signal.h;stdatomic.h;stdbool.h;stdint.h;stdlib.h;string.h;strings.h;stropts.h
HAVE_STROPTS_H:INTERNAL=
//Have symbol strtok_r
HAVE_STRTOK_R:INTERNAL=1
//Have symbol strtoll
HAVE_STRTOLL:INTERNAL=1
//Test HAVE_STRUCT_TIMEVAL
HAVE_STRUCT_TIMEVAL:INTERNAL=1
//Have includes inttypes.h;sys/filio.h
HAVE_SYS_FILIO_H:INTERNAL=
//Have include inttypes.h;sys/ioctl.h
HAVE_SYS_IOCTL_H:INTERNAL=1
//Have include inttypes.h;sys/ioctl.h;sys/param.h
HAVE_SYS_PARAM_H:INTERNAL=1
//Have include inttypes.h;sys/ioctl.h;sys/param.h;sys/poll.h
HAVE_SYS_POLL_H:INTERNAL=1
//Have include inttypes.h;sys/ioctl.h;sys/param.h;sys/poll.h;sys/resource.h
HAVE_SYS_RESOURCE_H:INTERNAL=1
//Have include inttypes.h;sys/ioctl.h;sys/param.h;sys/poll.h;sys/resource.h;sys/select.h
HAVE_SYS_SELECT_H:INTERNAL=1
//Have include inttypes.h;sys/ioctl.h;sys/param.h;sys/poll.h;sys/resource.h;sys/select.h;sys/socket.h
HAVE_SYS_SOCKET_H:INTERNAL=1
//Have includes inttypes.h;sys/ioctl.h;sys/param.h;sys/poll.h;sys/resource.h;sys/select.h;sys/socket.h;sys/sockio.h
HAVE_SYS_SOCKIO_H:INTERNAL=
//Have include inttypes.h;sys/ioctl.h;sys/param.h;sys/poll.h;sys/resource.h;sys/select.h;sys/socket.h;sys/stat.h
HAVE_SYS_STAT_H:INTERNAL=1
//Have include inttypes.h;sys/ioctl.h;sys/param.h;sys/poll.h;sys/resource.h;sys/select.h;sys/socket.h;sys/stat.h;sys/time.h
HAVE_SYS_TIME_H:INTERNAL=1
//Have include inttypes.h;sys/ioctl.h;sys/param.h;sys/poll.h;sys/resource.h;sys/select.h;sys/socket.h;sys/stat.h;sys/time.h;sys/types.h
HAVE_SYS_TYPES_H:INTERNAL=1
//Have include inttypes.h;sys/ioctl.h;sys/param.h;sys/poll.h;sys/resource.h;sys/select.h;sys/socket.h;sys/stat.h;sys/time.h;sys/types.h;sys/un.h
HAVE_SYS_UN_H:INTERNAL=1
//Have includes inttypes.h;sys/ioctl.h;sys/param.h;sys/poll.h;sys/resource.h;sys/select.h;sys/socket.h;sys/stat.h;sys/time.h;sys/types.h;sys/un.h;sys/utime.h
HAVE_SYS_UTIME_H:INTERNAL=
//Have include inttypes.h;sys/ioctl.h;sys/param.h;sys/poll.h;sys/resource.h;sys/select.h;sys/socket.h;sys/stat.h;sys/time.h;sys/types.h;sys/un.h;sys/xattr.h;arpa/inet.h;arpa/tftp.h;fcntl.h;ifaddrs.h;libgen.h;locale.h;net/if.h;netdb.h;netinet/in.h;netinet/tcp.h;poll.h;pwd.h;setjmp.h;signal.h;stdatomic.h;stdbool.h;stdint.h;stdlib.h;string.h;strings.h;termio.h;termios.h;time.h;unistd.h;utime.h;stddef.h;stdint.h;sys/utsname.h
HAVE_SYS_UTSNAME_H:INTERNAL=1
//Have include inttypes.h;sys/ioctl.h;sys/param.h;sys/poll.h;sys/resource.h;sys/select.h;sys/socket.h;sys/stat.h;sys/time.h;sys/types.h;sys/un.h;sys/xattr.h
HAVE_SYS_XATTR_H:INTERNAL=1
//Have include inttypes.h;sys/ioctl.h;sys/param.h;sys/poll.h;sys/resource.h;sys/select.h;sys/socket.h;sys/stat.h;sys/time.h;sys/types.h;sys/un.h;sys/xattr.h;arpa/inet.h;arpa/tftp.h;fcntl.h;ifaddrs.h;libgen.h;locale.h;net/if.h;netdb.h;netinet/in.h;netinet/tcp.h;poll.h;pwd.h;setjmp.h;signal.h;stdatomic.h;stdbool.h;stdint.h;stdlib.h;string.h;strings.h;termio.h;termios.h
HAVE_TERMIOS_H:INTERNAL=1
//Have include inttypes.h;sys/ioctl.h;sys/param.h;sys/poll.h;sys/resource.h;sys/select.h;sys/socket.h;sys/stat.h;sys/time.h;sys/types.h;sys/un.h;sys/xattr.h;arpa/inet.h;arpa/tftp.h;fcntl.h;ifaddrs.h;libgen.h;locale.h;net/if.h;netdb.h;netinet/in.h;netinet/tcp.h;poll.h;pwd.h;setjmp.h;signal.h;stdatomic.h;stdbool.h;stdint.h;stdlib.h;string.h;strings.h;termio.h
HAVE_TERMIO_H:INTERNAL=1
//Have include inttypes.h;sys/ioctl.h;sys/param.h;sys/poll.h;sys/resource.h;sys/select.h;sys/socket.h;sys/stat.h;sys/time.h;sys/types.h;sys/un.h;sys/xattr.h;arpa/inet.h;arpa/tftp.h;fcntl.h;ifaddrs.h;libgen.h;locale.h;net/if.h;netdb.h;netinet/in.h;netinet/tcp.h;poll.h;pwd.h;setjmp.h;signal.h;stdatomic.h;stdbool.h;stdint.h;stdlib.h;string.h;strings.h;termio.h;termios.h;time.h
HAVE_TIME_H:INTERNAL=1
//Have include inttypes.h;sys/ioctl.h;sys/param.h;sys/poll.h;sys/resource.h;sys/select.h;sys/socket.h;sys/stat.h;sys/time.h;sys/types.h;sys/un.h;sys/xattr.h;arpa/inet.h;arpa/tftp.h;fcntl.h;ifaddrs.h;libgen.h;locale.h;net/if.h;netdb.h;netinet/in.h;netinet/tcp.h;poll.h;pwd.h;setjmp.h;signal.h;stdatomic.h;stdbool.h;stdint.h;stdlib.h;string.h;strings.h;termio.h;termios.h;time.h;unistd.h
HAVE_UNISTD_H:INTERNAL=1
//Have symbol utime
HAVE_UTIME:INTERNAL=1
//Have symbol utimes
HAVE_UTIMES:INTERNAL=1
//Have include inttypes.h;sys/ioctl.h;sys/param.h;sys/poll.h;sys/resource.h;sys/select.h;sys/socket.h;sys/stat.h;sys/time.h;sys/types.h;sys/un.h;sys/xattr.h;arpa/inet.h;arpa/tftp.h;fcntl.h;ifaddrs.h;libgen.h;locale.h;net/if.h;netdb.h;netinet/in.h;netinet/tcp.h;poll.h;pwd.h;setjmp.h;signal.h;stdatomic.h;stdbool.h;stdint.h;stdlib.h;string.h;strings.h;termio.h;termios.h;time.h;unistd.h;utime.h
HAVE_UTIME_H:INTERNAL=1
//Curl test 
HAVE_VARIADIC_MACROS_C99:INTERNAL=1
//Curl test 
HAVE_VARIADIC_MACROS_GCC:INTERNAL=1
//Have symbol _strtoi64
HAVE__STRTOI64:INTERNAL=
//ADVANCED property for variable: HTTP_ONLY
HTTP_ONLY-ADVANCED:INTERNAL=1
//CHECK_TYPE_SIZE: sizeof(lconv)
LCONV_SIZE:INTERNAL=96
//ADVANCED property for variable: LIBPSL_INCLUDE_DIR
LIBPSL_INCLUDE_DIR-ADVANCED:INTERNAL=1
//ADVANCED property for variable: LIBPSL_LIBRARY
LIBPSL_LIBRARY-ADVANCED:INTERNAL=1
//ADVANCED property for variable: LIBSSH2_INCLUDE_DIR
LIBSSH2_INCLUDE_DIR-ADVANCED:INTERNAL=1
//ADVANCED property for variable: LIBSSH2_LIBRARY
LIBSSH2_LIBRARY-ADVANCED:INTERNAL=1
//ADVANCED property for variable: MAKECOMMAND
MAKECOMMAND-ADVANCED:INTERNAL=1
//ADVANCED property for variable: MEMORYCHECK_COMMAND
MEMORYCHECK_COMMAND-ADVANCED:INTERNAL=1
//ADVANCED property for variable: MEMORYCHECK_SUPPRESSIONS_FILE
MEMORYCHECK_SUPPRESSIONS_FILE-ADVANCED:INTERNAL=1
//ADVANCED property for variable: OPENSSL_CRYPTO_LIBRARY
OPENSSL_CRYPTO_LIBRARY-ADVANCED:INTERNAL=1
//ADVANCED property for variable: OPENSSL_INCLUDE_DIR
OPENSSL_INCLUDE_DIR-ADVANCED:INTERNAL=1
//ADVANCED property for variable: OPENSSL_SSL_LIBRARY
OPENSSL_SSL_LIBRARY-ADVANCED:INTERNAL=1
//Test OPT_W
OPT_W:INTERNAL=1
//Test OPT_Wall
OPT_Wall:INTERNAL=1
//Test OPT_Warith_conversion
OPT_Warith_conversion:INTERNAL=1
//Test OPT_Wcast_align
OPT_Wcast_align:INTERNAL=1
//Test OPT_Wclobbered
OPT_Wclobbered:INTERNAL=1
//Test OPT_Wconversion
OPT_Wconversion:INTERNAL=1
//Test OPT_Wdeclaration_after_statement
OPT_Wdeclaration_after_statement:INTERNAL=1
//Test OPT_Wdouble_promotion
OPT_Wdouble_promotion:INTERNAL=1
//Test OPT_Wempty_body
OPT_Wempty_body:INTERNAL=1
//Test OPT_Wendif_labels
OPT_Wendif_labels:INTERNAL=1
//Test OPT_Wenum_conversion
OPT_Wenum_conversion:INTERNAL=1
//Test OPT_Wfloat_equal
OPT_Wfloat_equal:INTERNAL=1
//Test OPT_Wignored_qualifiers
OPT_Wignored_qualifiers:INTERNAL=1
//Test OPT_Winline
OPT_Winline:INTERNAL=1
//Test OPT_Wmissing_declarations
OPT_Wmissing_declarations:INTERNAL=1
//Test OPT_Wmissing_parameter_type
OPT_Wmissing_parameter_type:INTERNAL=1
//Test OPT_Wmissing_prototypes
OPT_Wmissing_prototypes:INTERNAL=1
//Test OPT_Wnested_externs
OPT_Wnested_externs:INTERNAL=1
//Test OPT_Wold_style_declaration
OPT_Wold_style_declaration:INTERNAL=1
//Test OPT_Wpointer_arith
OPT_Wpointer_arith:INTERNAL=1
//Test OPT_Wshadow
OPT_Wshadow:INTERNAL=1
//Test OPT_Wsign_compare
OPT_Wsign_compare:INTERNAL=1
//Test OPT_Wstrict_aliasing_3
OPT_Wstrict_aliasing_3:INTERNAL=1
//Test OPT_Wstrict_prototypes
OPT_Wstrict_prototypes:INTERNAL=1
//Test OPT_Wtype_limits
OPT_Wtype_limits:INTERNAL=1
//Test OPT_Wundef
OPT_Wundef:INTERNAL=1
//Test OPT_Wunused
OPT_Wunused:INTERNAL=1
//Test OPT_Wvla
OPT_Wvla:INTERNAL=1
//Test OPT_Wwrite_strings
OPT_Wwrite_strings:INTERNAL=1
//Test OPT_pedantic
OPT_pedantic:INTERNAL=1
//Test OPTformat_nonliteral
OPTformat_nonliteral:INTERNAL=1
//Test OPTlong_long
OPTlong_long:INTERNAL=1
//Test OPTmultichar
OPTmultichar:INTERNAL=1
//Test OPTpedantic_ms_format
OPTpedantic_ms_format:INTERNAL=
//Test OPTsign_conversion
OPTsign_conversion:INTERNAL=1
//Test OPTsystem_headers
OPTsystem_headers:INTERNAL=1
//ADVANCED property for variable: PERL_EXECUTABLE
PERL_EXECUTABLE-ADVANCED:INTERNAL=1
//ADVANCED property for variable: PKG_CONFIG_ARGN
PKG_CONFIG_ARGN-ADVANCED:INTERNAL=1
//ADVANCED property for variable: PKG_CONFIG_EXECUTABLE
PKG_CONFIG_EXECUTABLE-ADVANCED:INTERNAL=1
//ADVANCED property for variable: RANDOM_FILE
RANDOM_FILE-ADVANCED:INTERNAL=1
//ADVANCED property for variable: SITE
SITE-ADVANCED:INTERNAL=1
//CHECK_TYPE_SIZE: ADDRESS_FAMILY unknown
SIZEOF_ADDRESS_FAMILY:INTERNAL=
//CHECK_TYPE_SIZE: sizeof(curl_off_t)
SIZEOF_CURL_OFF_T:INTERNAL=8
//CHECK_TYPE_SIZE: sizeof(int)
SIZEOF_INT:INTERNAL=4
//CHECK_TYPE_SIZE: sizeof(long)
SIZEOF_LONG:INTERNAL=8
//CHECK_TYPE_SIZE: sizeof(long long)
SIZEOF_LONG_LONG:INTERNAL=8
//CHECK_TYPE_SIZE: sizeof(off_t)
SIZEOF_OFF_T:INTERNAL=8
//CHECK_TYPE_SIZE: sizeof(sa_family_t)
SIZEOF_SA_FAMILY_T:INTERNAL=2
//CHECK_TYPE_SIZE: sizeof(size_t)
SIZEOF_SIZE_T:INTERNAL=8
//CHECK_TYPE_SIZE: sizeof(ssize_t)
SIZEOF_SSIZE_T:INTERNAL=8
//CHECK_TYPE_SIZE: sizeof(struct sockaddr_storage)
SIZEOF_STRUCT_SOCKADDR_STORAGE:INTERNAL=128
//CHECK_TYPE_SIZE: sizeof(time_t)
SIZEOF_TIME_T:INTERNAL=8
//CHECK_TYPE_SIZE: __int64 unknown
SIZEOF___INT64:INTERNAL=
//Curl test 
STDC_HEADERS:INTERNAL=1
//Curl test 
TIME_WITH_SYS_TIME:INTERNAL=1
//Test USE_UNIX_SOCKETS
USE_UNIX_SOCKETS:INTERNAL=1
//ADVANCED property for variable: ZLIB_INCLUDE_DIR
ZLIB_INCLUDE_DIR-ADVANCED:INTERNAL=1
//ADVANCED property for variable: ZLIB_LIBRARY_DEBUG
ZLIB_LIBRARY_DEBUG-ADVANCED:INTERNAL=1
//ADVANCED property for variable: ZLIB_LIBRARY_RELEASE
ZLIB_LIBRARY_RELEASE-ADVANCED:INTERNAL=1
//linker supports push/pop state
_CMAKE_CXX_LINKER_PUSHPOP_STATE_SUPPORTED:INTERNAL=TRUE
//linker supports push/pop state
_CMAKE_C_LINKER_PUSHPOP_STATE_SUPPORTED:INTERNAL=TRUE
//linker supports push/pop state
_CMAKE_LINKER_PUSHPOP_STATE_SUPPORTED:INTERNAL=TRUE
//CMAKE_INSTALL_PREFIX during last run
_GNUInstallDirs_LAST_CMAKE_INSTALL_PREFIX:INTERNAL=/usr/local
_OPENSSL_CFLAGS:INTERNAL=-I/usr/include
_OPENSSL_CFLAGS_I:INTERNAL=
_OPENSSL_CFLAGS_OTHER:INTERNAL=
_OPENSSL_FOUND:INTERNAL=1
_OPENSSL_INCLUDEDIR:INTERNAL=/usr/include
_OPENSSL_INCLUDE_DIRS:INTERNAL=/usr/include
_OPENSSL_LDFLAGS:INTERNAL=-L/usr/lib/x86_64-linux-gnu;-lssl;-lcrypto
_OPENSSL_LDFLAGS_OTHER:INTERNAL=
_OPENSSL_LIBDIR:INTERNAL=/usr/lib/x86_64-linux-gnu
_OPENSSL_LIBRARIES:INTERNAL=ssl;crypto
_OPENSSL_LIBRARY_DIRS:INTERNAL=/usr/lib/x86_64-linux-gnu
_OPENSSL_LIBS:INTERNAL=
_OPENSSL_LIBS_L:INTERNAL=
_OPENSSL_LIBS_OTHER:INTERNAL=
_OPENSSL_LIBS_PATHS:INTERNAL=
_OPENSSL_MODULE_NAME:INTERNAL=openssl
_OPENSSL_PREFIX:INTERNAL=/usr
_OPENSSL_STATIC_CFLAGS:INTERNAL=-I/usr/include
_OPENSSL_STATIC_CFLAGS_I:INTERNAL=
_OPENSSL_STATIC_CFLAGS_OTHER:INTERNAL=
_OPENSSL_STATIC_INCLUDE_DIRS:INTERNAL=/usr/include
_OPENSSL_STATIC_LDFLAGS:INTERNAL=-L/usr/lib/x86_64-linux-gnu;-lssl;-L/usr/lib/x86_64-linux-gnu;-ldl;-pthread;-lcrypto;-ldl;-pthread
_OPENSSL_STATIC_LDFLAGS_OTHER:INTERNAL=-pthread;-pthread
_OPENSSL_STATIC_LIBDIR:INTERNAL=
_OPENSSL_STATIC_LIBRARIES:INTERNAL=ssl;dl;crypto;dl
_OPENSSL_STATIC_LIBRARY_DIRS:INTERNAL=/usr/lib/x86_64-linux-gnu;/usr/lib/x86_64-linux-gnu
_OPENSSL_STATIC_LIBS:INTERNAL=
_OPENSSL_STATIC_LIBS_L:INTERNAL=
_OPENSSL_STATIC_LIBS_OTHER:INTERNAL=
_OPENSSL_STATIC_LIBS_PATHS:INTERNAL=
_OPENSSL_VERSION:INTERNAL=3.0.2
_OPENSSL_openssl_INCLUDEDIR:INTERNAL=
_OPENSSL_openssl_LIBDIR:INTERNAL=
_OPENSSL_openssl_PREFIX:INTERNAL=
_OPENSSL_openssl_VERSION:INTERNAL=
//Compiler reason failure
_Python3_Compiler_REASON_FAILURE:INTERNAL=
//Development reason failure
_Python3_Development_REASON_FAILURE:INTERNAL=
//Path to a program.
_Python3_EXECUTABLE:INTERNAL=/usr/bin/python3.10
//Python3 Properties
_Python3_INTERPRETER_PROPERTIES:INTERNAL=Python;3;10;12;64;32;<none>;cpython-310-x86_64-linux-gnu;abi3;/usr/lib/python3.10;/usr/lib/python3.10;/usr/local/lib/python3.10/dist-packages;/usr/local/lib/python3.10/dist-packages
_Python3_INTERPRETER_SIGNATURE:INTERNAL=b91b4035ecb3bb3f5760d35922531bcd
//NumPy reason failure
_Python3_NumPy_REASON_FAILURE:INTERNAL=
//Compiler reason failure
_Python_Compiler_REASON_FAILURE:INTERNAL=
//Development reason failure
_Python_Development_REASON_FAILURE:INTERNAL=
//Path to a program.
_Python_EXECUTABLE:INTERNAL=/usr/bin/python3.10
//Python Properties
_Python_INTERPRETER_PROPERTIES:INTERNAL=Python;3;10;12;64;32;<none>;cpython-310-x86_64-linux-gnu;abi3;/usr/lib/python3.10;/usr/lib/python3.10;/usr/local/lib/python3.10/dist-packages;/usr/local/lib/python3.10/dist-packages
_Python_INTERPRETER_SIGNATURE:INTERNAL=b91b4035ecb3bb3f5760d35922531bcd
//NumPy reason failure
_Python_NumPy_REASON_FAILURE:INTERNAL=
__pkg_config_arguments__OPENSSL:INTERNAL=QUIET;openssl
__pkg_config_checked__OPENSSL:INTERNAL=1
cmake_package_name:INTERNAL=GTest
generated_dir:INTERNAL=/home/runner/work/Adaptive-AUTOSAR/Adaptive-AUTOSAR/build/_deps/googletest-build/googletest/generated
//ADVANCED property for variable: gmock_build_tests
gmock_build_tests-ADVANCED:INTERNAL=1
//ADVANCED property for variable: gtest_build_samples
gtest_build_samples-ADVANCED:INTERNAL=1
//ADVANCED property for variable: gtest_build_tests
gtest_build_tests-ADVANCED:INTERNAL=1
//ADVANCED property for variable: gtest_disable_pthreads
gtest_disable_pthreads-ADVANCED:INTERNAL=1
//ADVANCED property for variable: gtest_force_shared_crt
gtest_force_shared_crt-ADVANCED:INTERNAL=1
//ADVANCED property for variable: gtest_hide_internal_symbols
gtest_hide_internal_symbols-ADVANCED:INTERNAL=1
//ADVANCED property for variable: pkgcfg_lib__OPENSSL_crypto
pkgcfg_lib__OPENSSL_crypto-ADVANCED:INTERNAL=1
//ADVANCED property for variable: pkgcfg_lib__OPENSSL_ssl
pkgcfg_lib__OPENSSL_ssl-ADVANCED:INTERNAL=1
prefix_result:INTERNAL=/usr/lib/x86_64-linux-gnu
targets_export_name:INTERNAL=GTestTargets

